┌ Warning: Module Reexport with build ID 2666771401595097 is missing from the cache.
│ This may mean Reexport [189a3867-3050-52da-a836-e630ba90ab69] does not support precompilation but is imported by a module that does.
└ @ Base loading.jl:941
┌ Warning: The call to compilecache failed to create a usable precompiled cache file for StatsBase [2913bbd2-ae8a-5f71-8c99-4fb6c76f3a91]
│   exception = Required dependency SortingAlgorithms [a2af1166-a08f-5f64-846c-94a0d3cef48c] failed to load from a cache file.
└ @ Base loading.jl:963
┌ Warning: Module DataFrames with build ID 2666807373466459 is missing from the cache.
│ This may mean DataFrames [a93c6f00-e57d-5684-b7b6-d8193f3e46c0] does not support precompilation but is imported by a module that does.
└ @ Base loading.jl:941
┌ Warning: The call to compilecache failed to create a usable precompiled cache file for DataFrames [a93c6f00-e57d-5684-b7b6-d8193f3e46c0]
│   exception = Required dependency Reexport [189a3867-3050-52da-a836-e630ba90ab69] failed to load from a cache file.
└ @ Base loading.jl:963
ERROR: LoadError: UndefVarError: chain_σ_ϵ_pmmh not defined
Stacktrace:
 [1] top-level scope at none:0
 [2] include at ./boot.jl:317 [inlined]
 [3] include_relative(::Module, ::String) at ./loading.jl:1038
 [4] include(::Module, ::String) at ./sysimg.jl:29
 [5] exec_options(::Base.JLOptions) at ./client.jl:229
 [6] _start() at ./client.jl:421
in expression starting at /home/samwiq/SDEMEM and CPMMH/SDEMEM_and_CPMMH/src/SDEMEM OU process/run_script_cpmmh.jl:90
