/home/samwiq/SDEMEM and CPMMH/SDEMEM_and_CPMMH/lunarc
/home/samwiq/SDEMEM and CPMMH/SDEMEM_and_CPMMH
start run script for cpmmh
 10.189962 seconds (4.61 M allocations: 10.468 GiB, 25.02% gc time)
Starting Gibbs sampler using CPMMH.
-------------
Percentage done:  0.29 %
Accaptance rate on 1 to 101 for ϕ: 6.83 %:
Accaptance rate on 1 to 101 for σ_ϵ: 5.00 %:
-------------
Percentage done:  0.57 %
Accaptance rate on 101 to 201 for ϕ: 7.98 %:
Accaptance rate on 101 to 201 for σ_ϵ: 4.00 %:
-------------
Percentage done:  0.86 %
Accaptance rate on 201 to 301 for ϕ: 15.47 %:
Accaptance rate on 201 to 301 for σ_ϵ: 6.00 %:
-------------
Percentage done:  1.15 %
Accaptance rate on 301 to 401 for ϕ: 15.83 %:
Accaptance rate on 301 to 401 for σ_ϵ: 12.00 %:
-------------
Percentage done:  1.43 %
Accaptance rate on 401 to 501 for ϕ: 14.49 %:
Accaptance rate on 401 to 501 for σ_ϵ: 14.00 %:
-------------
Percentage done:  1.72 %
Accaptance rate on 501 to 601 for ϕ: 12.02 %:
Accaptance rate on 501 to 601 for σ_ϵ: 17.00 %:
-------------
Percentage done:  2.00 %
Accaptance rate on 601 to 701 for ϕ: 10.46 %:
Accaptance rate on 601 to 701 for σ_ϵ: 18.00 %:
-------------
Percentage done:  2.29 %
Accaptance rate on 701 to 801 for ϕ: 10.27 %:
Accaptance rate on 701 to 801 for σ_ϵ: 18.00 %:
-------------
Percentage done:  2.57 %
Accaptance rate on 801 to 901 for ϕ: 8.86 %:
Accaptance rate on 801 to 901 for σ_ϵ: 17.00 %:
-------------
Percentage done:  2.86 %
Accaptance rate on 901 to 1001 for ϕ: 7.85 %:
Accaptance rate on 901 to 1001 for σ_ϵ: 27.00 %:
-------------
Percentage done:  3.15 %
Accaptance rate on 1001 to 1101 for ϕ: 8.32 %:
Accaptance rate on 1001 to 1101 for σ_ϵ: 24.00 %:
-------------
Percentage done:  3.43 %
Accaptance rate on 1101 to 1201 for ϕ: 7.01 %:
Accaptance rate on 1101 to 1201 for σ_ϵ: 18.00 %:
-------------
Percentage done:  3.72 %
Accaptance rate on 1201 to 1301 for ϕ: 6.81 %:
Accaptance rate on 1201 to 1301 for σ_ϵ: 13.00 %:
-------------
Percentage done:  4.00 %
Accaptance rate on 1301 to 1401 for ϕ: 6.37 %:
Accaptance rate on 1301 to 1401 for σ_ϵ: 26.00 %:
-------------
Percentage done:  4.29 %
Accaptance rate on 1401 to 1501 for ϕ: 6.27 %:
Accaptance rate on 1401 to 1501 for σ_ϵ: 10.00 %:
-------------
Percentage done:  4.57 %
Accaptance rate on 1501 to 1601 for ϕ: 6.56 %:
Accaptance rate on 1501 to 1601 for σ_ϵ: 28.00 %:
-------------
Percentage done:  4.86 %
Accaptance rate on 1601 to 1701 for ϕ: 6.57 %:
Accaptance rate on 1601 to 1701 for σ_ϵ: 27.00 %:
-------------
Percentage done:  5.15 %
Accaptance rate on 1701 to 1801 for ϕ: 6.16 %:
Accaptance rate on 1701 to 1801 for σ_ϵ: 20.00 %:
-------------
Percentage done:  5.43 %
Accaptance rate on 1801 to 1901 for ϕ: 6.50 %:
Accaptance rate on 1801 to 1901 for σ_ϵ: 34.00 %:
-------------
Percentage done:  5.72 %
Accaptance rate on 1901 to 2001 for ϕ: 5.83 %:
Accaptance rate on 1901 to 2001 for σ_ϵ: 29.00 %:
-------------
Percentage done:  6.00 %
Accaptance rate on 2001 to 2101 for ϕ: 5.91 %:
Accaptance rate on 2001 to 2101 for σ_ϵ: 23.00 %:
-------------
Percentage done:  6.29 %
Accaptance rate on 2101 to 2201 for ϕ: 5.43 %:
Accaptance rate on 2101 to 2201 for σ_ϵ: 25.00 %:
-------------
Percentage done:  6.57 %
Accaptance rate on 2201 to 2301 for ϕ: 4.68 %:
Accaptance rate on 2201 to 2301 for σ_ϵ: 25.00 %:
-------------
Percentage done:  6.86 %
Accaptance rate on 2301 to 2401 for ϕ: 4.38 %:
Accaptance rate on 2301 to 2401 for σ_ϵ: 24.00 %:
-------------
Percentage done:  7.15 %
Accaptance rate on 2401 to 2501 for ϕ: 4.36 %:
Accaptance rate on 2401 to 2501 for σ_ϵ: 32.00 %:
-------------
Percentage done:  7.43 %
Accaptance rate on 2501 to 2601 for ϕ: 4.88 %:
Accaptance rate on 2501 to 2601 for σ_ϵ: 22.00 %:
-------------
Percentage done:  7.72 %
Accaptance rate on 2601 to 2701 for ϕ: 4.87 %:
Accaptance rate on 2601 to 2701 for σ_ϵ: 26.00 %:
-------------
Percentage done:  8.00 %
Accaptance rate on 2701 to 2801 for ϕ: 5.01 %:
Accaptance rate on 2701 to 2801 for σ_ϵ: 29.00 %:
-------------
Percentage done:  8.29 %
Accaptance rate on 2801 to 2901 for ϕ: 5.00 %:
Accaptance rate on 2801 to 2901 for σ_ϵ: 40.00 %:
-------------
Percentage done:  8.57 %
Accaptance rate on 2901 to 3001 for ϕ: 4.85 %:
Accaptance rate on 2901 to 3001 for σ_ϵ: 37.00 %:
-------------
Percentage done:  8.86 %
Accaptance rate on 3001 to 3101 for ϕ: 5.59 %:
Accaptance rate on 3001 to 3101 for σ_ϵ: 36.00 %:
-------------
Percentage done:  9.15 %
Accaptance rate on 3101 to 3201 for ϕ: 5.55 %:
Accaptance rate on 3101 to 3201 for σ_ϵ: 17.00 %:
-------------
Percentage done:  9.43 %
Accaptance rate on 3201 to 3301 for ϕ: 5.70 %:
Accaptance rate on 3201 to 3301 for σ_ϵ: 34.00 %:
-------------
Percentage done:  9.72 %
Accaptance rate on 3301 to 3401 for ϕ: 5.19 %:
Accaptance rate on 3301 to 3401 for σ_ϵ: 46.00 %:
-------------
Percentage done:  10.00 %
Accaptance rate on 3401 to 3501 for ϕ: 5.40 %:
Accaptance rate on 3401 to 3501 for σ_ϵ: 29.00 %:
-------------
Percentage done:  10.29 %
Accaptance rate on 3501 to 3601 for ϕ: 5.64 %:
Accaptance rate on 3501 to 3601 for σ_ϵ: 38.00 %:
-------------
Percentage done:  10.57 %
Accaptance rate on 3601 to 3701 for ϕ: 5.70 %:
Accaptance rate on 3601 to 3701 for σ_ϵ: 35.00 %:
-------------
Percentage done:  10.86 %
Accaptance rate on 3701 to 3801 for ϕ: 5.61 %:
Accaptance rate on 3701 to 3801 for σ_ϵ: 25.00 %:
-------------
Percentage done:  11.15 %
Accaptance rate on 3801 to 3901 for ϕ: 5.50 %:
Accaptance rate on 3801 to 3901 for σ_ϵ: 19.00 %:
-------------
Percentage done:  11.43 %
Accaptance rate on 3901 to 4001 for ϕ: 4.95 %:
Accaptance rate on 3901 to 4001 for σ_ϵ: 18.00 %:
-------------
Percentage done:  11.72 %
Accaptance rate on 4001 to 4101 for ϕ: 4.57 %:
Accaptance rate on 4001 to 4101 for σ_ϵ: 34.00 %:
-------------
Percentage done:  12.00 %
Accaptance rate on 4101 to 4201 for ϕ: 4.90 %:
Accaptance rate on 4101 to 4201 for σ_ϵ: 27.00 %:
-------------
Percentage done:  12.29 %
Accaptance rate on 4201 to 4301 for ϕ: 5.22 %:
Accaptance rate on 4201 to 4301 for σ_ϵ: 27.00 %:
-------------
Percentage done:  12.57 %
Accaptance rate on 4301 to 4401 for ϕ: 5.57 %:
Accaptance rate on 4301 to 4401 for σ_ϵ: 32.00 %:
-------------
Percentage done:  12.86 %
Accaptance rate on 4401 to 4501 for ϕ: 5.68 %:
Accaptance rate on 4401 to 4501 for σ_ϵ: 34.00 %:
-------------
Percentage done:  13.15 %
Accaptance rate on 4501 to 4601 for ϕ: 5.37 %:
Accaptance rate on 4501 to 4601 for σ_ϵ: 22.00 %:
-------------
Percentage done:  13.43 %
Accaptance rate on 4601 to 4701 for ϕ: 6.20 %:
Accaptance rate on 4601 to 4701 for σ_ϵ: 33.00 %:
-------------
Percentage done:  13.72 %
Accaptance rate on 4701 to 4801 for ϕ: 5.66 %:
Accaptance rate on 4701 to 4801 for σ_ϵ: 39.00 %:
-------------
Percentage done:  14.00 %
Accaptance rate on 4801 to 4901 for ϕ: 5.08 %:
Accaptance rate on 4801 to 4901 for σ_ϵ: 28.00 %:
-------------
Percentage done:  14.29 %
Accaptance rate on 4901 to 5001 for ϕ: 4.81 %:
Accaptance rate on 4901 to 5001 for σ_ϵ: 11.00 %:
-------------
Percentage done:  14.57 %
Accaptance rate on 5001 to 5101 for ϕ: 5.29 %:
Accaptance rate on 5001 to 5101 for σ_ϵ: 24.00 %:
-------------
Percentage done:  14.86 %
Accaptance rate on 5101 to 5201 for ϕ: 4.77 %:
Accaptance rate on 5101 to 5201 for σ_ϵ: 15.00 %:
-------------
Percentage done:  15.15 %
Accaptance rate on 5201 to 5301 for ϕ: 5.15 %:
Accaptance rate on 5201 to 5301 for σ_ϵ: 41.00 %:
-------------
Percentage done:  15.43 %
Accaptance rate on 5301 to 5401 for ϕ: 5.33 %:
Accaptance rate on 5301 to 5401 for σ_ϵ: 32.00 %:
-------------
Percentage done:  15.72 %
Accaptance rate on 5401 to 5501 for ϕ: 4.16 %:
Accaptance rate on 5401 to 5501 for σ_ϵ: 36.00 %:
-------------
Percentage done:  16.00 %
Accaptance rate on 5501 to 5601 for ϕ: 4.14 %:
Accaptance rate on 5501 to 5601 for σ_ϵ: 20.00 %:
-------------
Percentage done:  16.29 %
Accaptance rate on 5601 to 5701 for ϕ: 4.59 %:
Accaptance rate on 5601 to 5701 for σ_ϵ: 16.00 %:
-------------
Percentage done:  16.57 %
Accaptance rate on 5701 to 5801 for ϕ: 4.41 %:
Accaptance rate on 5701 to 5801 for σ_ϵ: 27.00 %:
-------------
Percentage done:  16.86 %
Accaptance rate on 5801 to 5901 for ϕ: 4.51 %:
Accaptance rate on 5801 to 5901 for σ_ϵ: 14.00 %:
-------------
Percentage done:  17.15 %
Accaptance rate on 5901 to 6001 for ϕ: 4.94 %:
Accaptance rate on 5901 to 6001 for σ_ϵ: 43.00 %:
-------------
Percentage done:  17.43 %
Accaptance rate on 6001 to 6101 for ϕ: 5.19 %:
Accaptance rate on 6001 to 6101 for σ_ϵ: 9.00 %:
-------------
Percentage done:  17.72 %
Accaptance rate on 6101 to 6201 for ϕ: 4.49 %:
Accaptance rate on 6101 to 6201 for σ_ϵ: 35.00 %:
-------------
Percentage done:  18.00 %
Accaptance rate on 6201 to 6301 for ϕ: 4.73 %:
Accaptance rate on 6201 to 6301 for σ_ϵ: 15.00 %:
-------------
Percentage done:  18.29 %
Accaptance rate on 6301 to 6401 for ϕ: 4.72 %:
Accaptance rate on 6301 to 6401 for σ_ϵ: 17.00 %:
-------------
Percentage done:  18.57 %
Accaptance rate on 6401 to 6501 for ϕ: 4.92 %:
Accaptance rate on 6401 to 6501 for σ_ϵ: 28.00 %:
-------------
Percentage done:  18.86 %
Accaptance rate on 6501 to 6601 for ϕ: 4.59 %:
Accaptance rate on 6501 to 6601 for σ_ϵ: 17.00 %:
-------------
Percentage done:  19.15 %
Accaptance rate on 6601 to 6701 for ϕ: 4.22 %:
Accaptance rate on 6601 to 6701 for σ_ϵ: 19.00 %:
-------------
Percentage done:  19.43 %
Accaptance rate on 6701 to 6801 for ϕ: 4.69 %:
Accaptance rate on 6701 to 6801 for σ_ϵ: 15.00 %:
-------------
Percentage done:  19.72 %
Accaptance rate on 6801 to 6901 for ϕ: 4.88 %:
Accaptance rate on 6801 to 6901 for σ_ϵ: 32.00 %:
-------------
Percentage done:  20.00 %
Accaptance rate on 6901 to 7001 for ϕ: 4.88 %:
Accaptance rate on 6901 to 7001 for σ_ϵ: 25.00 %:
-------------
Percentage done:  20.29 %
Accaptance rate on 7001 to 7101 for ϕ: 4.30 %:
Accaptance rate on 7001 to 7101 for σ_ϵ: 38.00 %:
-------------
Percentage done:  20.57 %
Accaptance rate on 7101 to 7201 for ϕ: 4.95 %:
Accaptance rate on 7101 to 7201 for σ_ϵ: 30.00 %:
-------------
Percentage done:  20.86 %
Accaptance rate on 7201 to 7301 for ϕ: 3.89 %:
Accaptance rate on 7201 to 7301 for σ_ϵ: 23.00 %:
-------------
Percentage done:  21.15 %
Accaptance rate on 7301 to 7401 for ϕ: 4.00 %:
Accaptance rate on 7301 to 7401 for σ_ϵ: 15.00 %:
-------------
Percentage done:  21.43 %
Accaptance rate on 7401 to 7501 for ϕ: 4.20 %:
Accaptance rate on 7401 to 7501 for σ_ϵ: 24.00 %:
-------------
Percentage done:  21.72 %
Accaptance rate on 7501 to 7601 for ϕ: 4.05 %:
Accaptance rate on 7501 to 7601 for σ_ϵ: 27.00 %:
-------------
Percentage done:  22.00 %
Accaptance rate on 7601 to 7701 for ϕ: 3.93 %:
Accaptance rate on 7601 to 7701 for σ_ϵ: 34.00 %:
-------------
Percentage done:  22.29 %
Accaptance rate on 7701 to 7801 for ϕ: 3.54 %:
Accaptance rate on 7701 to 7801 for σ_ϵ: 29.00 %:
-------------
Percentage done:  22.57 %
Accaptance rate on 7801 to 7901 for ϕ: 4.24 %:
Accaptance rate on 7801 to 7901 for σ_ϵ: 30.00 %:
-------------
Percentage done:  22.86 %
Accaptance rate on 7901 to 8001 for ϕ: 3.60 %:
Accaptance rate on 7901 to 8001 for σ_ϵ: 32.00 %:
-------------
Percentage done:  23.15 %
Accaptance rate on 8001 to 8101 for ϕ: 4.28 %:
Accaptance rate on 8001 to 8101 for σ_ϵ: 29.00 %:
-------------
Percentage done:  23.43 %
Accaptance rate on 8101 to 8201 for ϕ: 3.97 %:
Accaptance rate on 8101 to 8201 for σ_ϵ: 19.00 %:
-------------
Percentage done:  23.72 %
Accaptance rate on 8201 to 8301 for ϕ: 3.41 %:
Accaptance rate on 8201 to 8301 for σ_ϵ: 10.00 %:
-------------
Percentage done:  24.00 %
Accaptance rate on 8301 to 8401 for ϕ: 3.35 %:
Accaptance rate on 8301 to 8401 for σ_ϵ: 9.00 %:
-------------
Percentage done:  24.29 %
Accaptance rate on 8401 to 8501 for ϕ: 3.83 %:
Accaptance rate on 8401 to 8501 for σ_ϵ: 26.00 %:
-------------
Percentage done:  24.57 %
Accaptance rate on 8501 to 8601 for ϕ: 4.12 %:
Accaptance rate on 8501 to 8601 for σ_ϵ: 33.00 %:
-------------
Percentage done:  24.86 %
Accaptance rate on 8601 to 8701 for ϕ: 3.29 %:
Accaptance rate on 8601 to 8701 for σ_ϵ: 42.00 %:
-------------
Percentage done:  25.15 %
Accaptance rate on 8701 to 8801 for ϕ: 2.91 %:
Accaptance rate on 8701 to 8801 for σ_ϵ: 31.00 %:
-------------
Percentage done:  25.43 %
Accaptance rate on 8801 to 8901 for ϕ: 2.83 %:
Accaptance rate on 8801 to 8901 for σ_ϵ: 9.00 %:
-------------
Percentage done:  25.72 %
Accaptance rate on 8901 to 9001 for ϕ: 3.60 %:
Accaptance rate on 8901 to 9001 for σ_ϵ: 29.00 %:
-------------
Percentage done:  26.00 %
Accaptance rate on 9001 to 9101 for ϕ: 3.29 %:
Accaptance rate on 9001 to 9101 for σ_ϵ: 18.00 %:
-------------
Percentage done:  26.29 %
Accaptance rate on 9101 to 9201 for ϕ: 3.49 %:
Accaptance rate on 9101 to 9201 for σ_ϵ: 33.00 %:
-------------
Percentage done:  26.57 %
Accaptance rate on 9201 to 9301 for ϕ: 3.59 %:
Accaptance rate on 9201 to 9301 for σ_ϵ: 16.00 %:
-------------
Percentage done:  26.86 %
Accaptance rate on 9301 to 9401 for ϕ: 3.77 %:
Accaptance rate on 9301 to 9401 for σ_ϵ: 30.00 %:
-------------
Percentage done:  27.15 %
Accaptance rate on 9401 to 9501 for ϕ: 3.77 %:
Accaptance rate on 9401 to 9501 for σ_ϵ: 19.00 %:
-------------
Percentage done:  27.43 %
Accaptance rate on 9501 to 9601 for ϕ: 3.55 %:
Accaptance rate on 9501 to 9601 for σ_ϵ: 11.00 %:
-------------
Percentage done:  27.72 %
Accaptance rate on 9601 to 9701 for ϕ: 3.30 %:
Accaptance rate on 9601 to 9701 for σ_ϵ: 19.00 %:
-------------
Percentage done:  28.00 %
Accaptance rate on 9701 to 9801 for ϕ: 3.38 %:
Accaptance rate on 9701 to 9801 for σ_ϵ: 15.00 %:
-------------
Percentage done:  28.29 %
Accaptance rate on 9801 to 9901 for ϕ: 3.38 %:
Accaptance rate on 9801 to 9901 for σ_ϵ: 31.00 %:
-------------
Percentage done:  28.57 %
Accaptance rate on 9901 to 10001 for ϕ: 3.18 %:
Accaptance rate on 9901 to 10001 for σ_ϵ: 23.00 %:
-------------
Percentage done:  28.86 %
Accaptance rate on 10001 to 10101 for ϕ: 3.41 %:
Accaptance rate on 10001 to 10101 for σ_ϵ: 20.00 %:
-------------
Percentage done:  29.15 %
Accaptance rate on 10101 to 10201 for ϕ: 3.44 %:
Accaptance rate on 10101 to 10201 for σ_ϵ: 35.00 %:
-------------
Percentage done:  29.43 %
Accaptance rate on 10201 to 10301 for ϕ: 3.15 %:
Accaptance rate on 10201 to 10301 for σ_ϵ: 22.00 %:
-------------
Percentage done:  29.72 %
Accaptance rate on 10301 to 10401 for ϕ: 3.18 %:
Accaptance rate on 10301 to 10401 for σ_ϵ: 24.00 %:
-------------
Percentage done:  30.00 %
Accaptance rate on 10401 to 10501 for ϕ: 2.99 %:
Accaptance rate on 10401 to 10501 for σ_ϵ: 19.00 %:
-------------
Percentage done:  30.29 %
Accaptance rate on 10501 to 10601 for ϕ: 3.33 %:
Accaptance rate on 10501 to 10601 for σ_ϵ: 18.00 %:
-------------
Percentage done:  30.57 %
Accaptance rate on 10601 to 10701 for ϕ: 3.20 %:
Accaptance rate on 10601 to 10701 for σ_ϵ: 38.00 %:
-------------
Percentage done:  30.86 %
Accaptance rate on 10701 to 10801 for ϕ: 3.15 %:
Accaptance rate on 10701 to 10801 for σ_ϵ: 15.00 %:
-------------
Percentage done:  31.15 %
Accaptance rate on 10801 to 10901 for ϕ: 3.58 %:
Accaptance rate on 10801 to 10901 for σ_ϵ: 25.00 %:
-------------
Percentage done:  31.43 %
Accaptance rate on 10901 to 11001 for ϕ: 2.95 %:
Accaptance rate on 10901 to 11001 for σ_ϵ: 24.00 %:
-------------
Percentage done:  31.72 %
Accaptance rate on 11001 to 11101 for ϕ: 2.88 %:
Accaptance rate on 11001 to 11101 for σ_ϵ: 30.00 %:
-------------
Percentage done:  32.00 %
Accaptance rate on 11101 to 11201 for ϕ: 3.17 %:
Accaptance rate on 11101 to 11201 for σ_ϵ: 18.00 %:
-------------
Percentage done:  32.29 %
Accaptance rate on 11201 to 11301 for ϕ: 2.88 %:
Accaptance rate on 11201 to 11301 for σ_ϵ: 30.00 %:
-------------
Percentage done:  32.57 %
Accaptance rate on 11301 to 11401 for ϕ: 3.04 %:
Accaptance rate on 11301 to 11401 for σ_ϵ: 23.00 %:
-------------
Percentage done:  32.86 %
Accaptance rate on 11401 to 11501 for ϕ: 3.19 %:
Accaptance rate on 11401 to 11501 for σ_ϵ: 15.00 %:
-------------
Percentage done:  33.15 %
Accaptance rate on 11501 to 11601 for ϕ: 3.60 %:
Accaptance rate on 11501 to 11601 for σ_ϵ: 24.00 %:
-------------
Percentage done:  33.43 %
Accaptance rate on 11601 to 11701 for ϕ: 3.61 %:
Accaptance rate on 11601 to 11701 for σ_ϵ: 37.00 %:
-------------
Percentage done:  33.72 %
Accaptance rate on 11701 to 11801 for ϕ: 3.92 %:
Accaptance rate on 11701 to 11801 for σ_ϵ: 37.00 %:
-------------
Percentage done:  34.00 %
Accaptance rate on 11801 to 11901 for ϕ: 3.39 %:
Accaptance rate on 11801 to 11901 for σ_ϵ: 17.00 %:
-------------
Percentage done:  34.29 %
Accaptance rate on 11901 to 12001 for ϕ: 3.31 %:
Accaptance rate on 11901 to 12001 for σ_ϵ: 22.00 %:
-------------
Percentage done:  34.57 %
Accaptance rate on 12001 to 12101 for ϕ: 2.78 %:
Accaptance rate on 12001 to 12101 for σ_ϵ: 18.00 %:
-------------
Percentage done:  34.86 %
Accaptance rate on 12101 to 12201 for ϕ: 2.97 %:
Accaptance rate on 12101 to 12201 for σ_ϵ: 25.00 %:
-------------
Percentage done:  35.15 %
Accaptance rate on 12201 to 12301 for ϕ: 3.29 %:
Accaptance rate on 12201 to 12301 for σ_ϵ: 24.00 %:
-------------
Percentage done:  35.43 %
Accaptance rate on 12301 to 12401 for ϕ: 2.85 %:
Accaptance rate on 12301 to 12401 for σ_ϵ: 30.00 %:
-------------
Percentage done:  35.72 %
Accaptance rate on 12401 to 12501 for ϕ: 3.40 %:
Accaptance rate on 12401 to 12501 for σ_ϵ: 25.00 %:
-------------
Percentage done:  36.00 %
Accaptance rate on 12501 to 12601 for ϕ: 3.35 %:
Accaptance rate on 12501 to 12601 for σ_ϵ: 44.00 %:
-------------
Percentage done:  36.29 %
Accaptance rate on 12601 to 12701 for ϕ: 3.00 %:
Accaptance rate on 12601 to 12701 for σ_ϵ: 34.00 %:
-------------
Percentage done:  36.57 %
Accaptance rate on 12701 to 12801 for ϕ: 3.07 %:
Accaptance rate on 12701 to 12801 for σ_ϵ: 33.00 %:
-------------
Percentage done:  36.86 %
Accaptance rate on 12801 to 12901 for ϕ: 2.93 %:
Accaptance rate on 12801 to 12901 for σ_ϵ: 27.00 %:
-------------
Percentage done:  37.15 %
Accaptance rate on 12901 to 13001 for ϕ: 3.65 %:
Accaptance rate on 12901 to 13001 for σ_ϵ: 15.00 %:
-------------
Percentage done:  37.43 %
Accaptance rate on 13001 to 13101 for ϕ: 3.15 %:
Accaptance rate on 13001 to 13101 for σ_ϵ: 13.00 %:
-------------
Percentage done:  37.72 %
Accaptance rate on 13101 to 13201 for ϕ: 2.99 %:
Accaptance rate on 13101 to 13201 for σ_ϵ: 38.00 %:
-------------
Percentage done:  38.00 %
Accaptance rate on 13201 to 13301 for ϕ: 2.77 %:
Accaptance rate on 13201 to 13301 for σ_ϵ: 38.00 %:
-------------
Percentage done:  38.29 %
Accaptance rate on 13301 to 13401 for ϕ: 3.15 %:
Accaptance rate on 13301 to 13401 for σ_ϵ: 35.00 %:
-------------
Percentage done:  38.57 %
Accaptance rate on 13401 to 13501 for ϕ: 2.48 %:
Accaptance rate on 13401 to 13501 for σ_ϵ: 22.00 %:
-------------
Percentage done:  38.86 %
Accaptance rate on 13501 to 13601 for ϕ: 2.89 %:
Accaptance rate on 13501 to 13601 for σ_ϵ: 12.00 %:
-------------
Percentage done:  39.15 %
Accaptance rate on 13601 to 13701 for ϕ: 2.15 %:
Accaptance rate on 13601 to 13701 for σ_ϵ: 33.00 %:
-------------
Percentage done:  39.43 %
Accaptance rate on 13701 to 13801 for ϕ: 2.41 %:
Accaptance rate on 13701 to 13801 for σ_ϵ: 16.00 %:
-------------
Percentage done:  39.72 %
Accaptance rate on 13801 to 13901 for ϕ: 2.69 %:
Accaptance rate on 13801 to 13901 for σ_ϵ: 15.00 %:
-------------
Percentage done:  40.00 %
Accaptance rate on 13901 to 14001 for ϕ: 2.80 %:
Accaptance rate on 13901 to 14001 for σ_ϵ: 20.00 %:
-------------
Percentage done:  40.29 %
Accaptance rate on 14001 to 14101 for ϕ: 2.54 %:
Accaptance rate on 14001 to 14101 for σ_ϵ: 16.00 %:
-------------
Percentage done:  40.57 %
Accaptance rate on 14101 to 14201 for ϕ: 2.69 %:
Accaptance rate on 14101 to 14201 for σ_ϵ: 16.00 %:
-------------
Percentage done:  40.86 %
Accaptance rate on 14201 to 14301 for ϕ: 2.27 %:
Accaptance rate on 14201 to 14301 for σ_ϵ: 17.00 %:
-------------
Percentage done:  41.15 %
Accaptance rate on 14301 to 14401 for ϕ: 2.21 %:
Accaptance rate on 14301 to 14401 for σ_ϵ: 13.00 %:
-------------
Percentage done:  41.43 %
Accaptance rate on 14401 to 14501 for ϕ: 2.02 %:
Accaptance rate on 14401 to 14501 for σ_ϵ: 23.00 %:
-------------
Percentage done:  41.72 %
Accaptance rate on 14501 to 14601 for ϕ: 2.49 %:
Accaptance rate on 14501 to 14601 for σ_ϵ: 11.00 %:
-------------
Percentage done:  42.00 %
Accaptance rate on 14601 to 14701 for ϕ: 1.83 %:
Accaptance rate on 14601 to 14701 for σ_ϵ: 20.00 %:
-------------
Percentage done:  42.29 %
Accaptance rate on 14701 to 14801 for ϕ: 2.16 %:
Accaptance rate on 14701 to 14801 for σ_ϵ: 5.00 %:
-------------
Percentage done:  42.57 %
Accaptance rate on 14801 to 14901 for ϕ: 2.28 %:
Accaptance rate on 14801 to 14901 for σ_ϵ: 34.00 %:
-------------
Percentage done:  42.86 %
Accaptance rate on 14901 to 15001 for ϕ: 2.18 %:
Accaptance rate on 14901 to 15001 for σ_ϵ: 11.00 %:
-------------
Percentage done:  43.15 %
Accaptance rate on 15001 to 15101 for ϕ: 1.78 %:
Accaptance rate on 15001 to 15101 for σ_ϵ: 31.00 %:
-------------
Percentage done:  43.43 %
Accaptance rate on 15101 to 15201 for ϕ: 2.16 %:
Accaptance rate on 15101 to 15201 for σ_ϵ: 7.00 %:
-------------
Percentage done:  43.72 %
Accaptance rate on 15201 to 15301 for ϕ: 2.72 %:
Accaptance rate on 15201 to 15301 for σ_ϵ: 7.00 %:
-------------
Percentage done:  44.00 %
Accaptance rate on 15301 to 15401 for ϕ: 2.57 %:
Accaptance rate on 15301 to 15401 for σ_ϵ: 10.00 %:
-------------
Percentage done:  44.29 %
Accaptance rate on 15401 to 15501 for ϕ: 2.49 %:
Accaptance rate on 15401 to 15501 for σ_ϵ: 22.00 %:
-------------
Percentage done:  44.57 %
Accaptance rate on 15501 to 15601 for ϕ: 3.03 %:
Accaptance rate on 15501 to 15601 for σ_ϵ: 10.00 %:
-------------
Percentage done:  44.86 %
Accaptance rate on 15601 to 15701 for ϕ: 2.90 %:
Accaptance rate on 15601 to 15701 for σ_ϵ: 25.00 %:
-------------
Percentage done:  45.15 %
Accaptance rate on 15701 to 15801 for ϕ: 2.87 %:
Accaptance rate on 15701 to 15801 for σ_ϵ: 2.00 %:
-------------
Percentage done:  45.43 %
Accaptance rate on 15801 to 15901 for ϕ: 2.72 %:
Accaptance rate on 15801 to 15901 for σ_ϵ: 15.00 %:
-------------
Percentage done:  45.72 %
Accaptance rate on 15901 to 16001 for ϕ: 2.80 %:
Accaptance rate on 15901 to 16001 for σ_ϵ: 24.00 %:
-------------
Percentage done:  46.00 %
Accaptance rate on 16001 to 16101 for ϕ: 2.55 %:
Accaptance rate on 16001 to 16101 for σ_ϵ: 11.00 %:
-------------
Percentage done:  46.29 %
Accaptance rate on 16101 to 16201 for ϕ: 2.54 %:
Accaptance rate on 16101 to 16201 for σ_ϵ: 34.00 %:
-------------
Percentage done:  46.57 %
Accaptance rate on 16201 to 16301 for ϕ: 2.83 %:
Accaptance rate on 16201 to 16301 for σ_ϵ: 18.00 %:
-------------
Percentage done:  46.86 %
Accaptance rate on 16301 to 16401 for ϕ: 2.62 %:
Accaptance rate on 16301 to 16401 for σ_ϵ: 24.00 %:
-------------
Percentage done:  47.15 %
Accaptance rate on 16401 to 16501 for ϕ: 2.66 %:
Accaptance rate on 16401 to 16501 for σ_ϵ: 14.00 %:
-------------
Percentage done:  47.43 %
Accaptance rate on 16501 to 16601 for ϕ: 2.71 %:
Accaptance rate on 16501 to 16601 for σ_ϵ: 14.00 %:
-------------
Percentage done:  47.72 %
Accaptance rate on 16601 to 16701 for ϕ: 2.78 %:
Accaptance rate on 16601 to 16701 for σ_ϵ: 20.00 %:
-------------
Percentage done:  48.00 %
Accaptance rate on 16701 to 16801 for ϕ: 2.83 %:
Accaptance rate on 16701 to 16801 for σ_ϵ: 5.00 %:
-------------
Percentage done:  48.29 %
Accaptance rate on 16801 to 16901 for ϕ: 2.89 %:
Accaptance rate on 16801 to 16901 for σ_ϵ: 22.00 %:
-------------
Percentage done:  48.57 %
Accaptance rate on 16901 to 17001 for ϕ: 2.64 %:
Accaptance rate on 16901 to 17001 for σ_ϵ: 17.00 %:
-------------
Percentage done:  48.86 %
Accaptance rate on 17001 to 17101 for ϕ: 2.74 %:
Accaptance rate on 17001 to 17101 for σ_ϵ: 19.00 %:
-------------
Percentage done:  49.15 %
Accaptance rate on 17101 to 17201 for ϕ: 2.68 %:
Accaptance rate on 17101 to 17201 for σ_ϵ: 27.00 %:
-------------
Percentage done:  49.43 %
Accaptance rate on 17201 to 17301 for ϕ: 2.40 %:
Accaptance rate on 17201 to 17301 for σ_ϵ: 36.00 %:
-------------
Percentage done:  49.72 %
Accaptance rate on 17301 to 17401 for ϕ: 2.38 %:
Accaptance rate on 17301 to 17401 for σ_ϵ: 33.00 %:
-------------
Percentage done:  50.00 %
Accaptance rate on 17401 to 17501 for ϕ: 1.76 %:
Accaptance rate on 17401 to 17501 for σ_ϵ: 28.00 %:
-------------
Percentage done:  50.29 %
Accaptance rate on 17501 to 17601 for ϕ: 2.20 %:
Accaptance rate on 17501 to 17601 for σ_ϵ: 22.00 %:
-------------
Percentage done:  50.57 %
Accaptance rate on 17601 to 17701 for ϕ: 2.35 %:
Accaptance rate on 17601 to 17701 for σ_ϵ: 27.00 %:
-------------
Percentage done:  50.86 %
Accaptance rate on 17701 to 17801 for ϕ: 2.47 %:
Accaptance rate on 17701 to 17801 for σ_ϵ: 9.00 %:
-------------
Percentage done:  51.15 %
Accaptance rate on 17801 to 17901 for ϕ: 2.50 %:
Accaptance rate on 17801 to 17901 for σ_ϵ: 3.00 %:
-------------
Percentage done:  51.43 %
Accaptance rate on 17901 to 18001 for ϕ: 2.33 %:
Accaptance rate on 17901 to 18001 for σ_ϵ: 21.00 %:
-------------
Percentage done:  51.72 %
Accaptance rate on 18001 to 18101 for ϕ: 2.06 %:
Accaptance rate on 18001 to 18101 for σ_ϵ: 16.00 %:
-------------
Percentage done:  52.00 %
Accaptance rate on 18101 to 18201 for ϕ: 2.01 %:
Accaptance rate on 18101 to 18201 for σ_ϵ: 28.00 %:
-------------
Percentage done:  52.29 %
Accaptance rate on 18201 to 18301 for ϕ: 2.60 %:
Accaptance rate on 18201 to 18301 for σ_ϵ: 27.00 %:
-------------
Percentage done:  52.57 %
Accaptance rate on 18301 to 18401 for ϕ: 1.64 %:
Accaptance rate on 18301 to 18401 for σ_ϵ: 24.00 %:
-------------
Percentage done:  52.86 %
Accaptance rate on 18401 to 18501 for ϕ: 2.70 %:
Accaptance rate on 18401 to 18501 for σ_ϵ: 39.00 %:
-------------
Percentage done:  53.15 %
Accaptance rate on 18501 to 18601 for ϕ: 3.03 %:
Accaptance rate on 18501 to 18601 for σ_ϵ: 14.00 %:
-------------
Percentage done:  53.43 %
Accaptance rate on 18601 to 18701 for ϕ: 2.45 %:
Accaptance rate on 18601 to 18701 for σ_ϵ: 17.00 %:
-------------
Percentage done:  53.72 %
Accaptance rate on 18701 to 18801 for ϕ: 2.91 %:
Accaptance rate on 18701 to 18801 for σ_ϵ: 36.00 %:
-------------
Percentage done:  54.00 %
Accaptance rate on 18801 to 18901 for ϕ: 2.56 %:
Accaptance rate on 18801 to 18901 for σ_ϵ: 28.00 %:
-------------
Percentage done:  54.29 %
Accaptance rate on 18901 to 19001 for ϕ: 2.88 %:
Accaptance rate on 18901 to 19001 for σ_ϵ: 24.00 %:
-------------
Percentage done:  54.57 %
Accaptance rate on 19001 to 19101 for ϕ: 2.36 %:
Accaptance rate on 19001 to 19101 for σ_ϵ: 12.00 %:
-------------
Percentage done:  54.86 %
Accaptance rate on 19101 to 19201 for ϕ: 2.23 %:
Accaptance rate on 19101 to 19201 for σ_ϵ: 17.00 %:
-------------
Percentage done:  55.15 %
Accaptance rate on 19201 to 19301 for ϕ: 2.56 %:
Accaptance rate on 19201 to 19301 for σ_ϵ: 24.00 %:
-------------
Percentage done:  55.43 %
Accaptance rate on 19301 to 19401 for ϕ: 2.69 %:
Accaptance rate on 19301 to 19401 for σ_ϵ: 13.00 %:
-------------
Percentage done:  55.72 %
Accaptance rate on 19401 to 19501 for ϕ: 2.72 %:
Accaptance rate on 19401 to 19501 for σ_ϵ: 32.00 %:
-------------
Percentage done:  56.00 %
Accaptance rate on 19501 to 19601 for ϕ: 2.91 %:
Accaptance rate on 19501 to 19601 for σ_ϵ: 27.00 %:
-------------
Percentage done:  56.29 %
Accaptance rate on 19601 to 19701 for ϕ: 2.84 %:
Accaptance rate on 19601 to 19701 for σ_ϵ: 15.00 %:
-------------
Percentage done:  56.57 %
Accaptance rate on 19701 to 19801 for ϕ: 2.87 %:
Accaptance rate on 19701 to 19801 for σ_ϵ: 11.00 %:
-------------
Percentage done:  56.86 %
Accaptance rate on 19801 to 19901 for ϕ: 2.73 %:
Accaptance rate on 19801 to 19901 for σ_ϵ: 24.00 %:
-------------
Percentage done:  57.15 %
Accaptance rate on 19901 to 20001 for ϕ: 2.83 %:
Accaptance rate on 19901 to 20001 for σ_ϵ: 35.00 %:
-------------
Percentage done:  57.43 %
Accaptance rate on 20001 to 20101 for ϕ: 2.21 %:
Accaptance rate on 20001 to 20101 for σ_ϵ: 9.00 %:
-------------
Percentage done:  57.72 %
Accaptance rate on 20101 to 20201 for ϕ: 2.07 %:
Accaptance rate on 20101 to 20201 for σ_ϵ: 16.00 %:
-------------
Percentage done:  58.00 %
Accaptance rate on 20201 to 20301 for ϕ: 1.68 %:
Accaptance rate on 20201 to 20301 for σ_ϵ: 5.00 %:
-------------
Percentage done:  58.29 %
Accaptance rate on 20301 to 20401 for ϕ: 2.20 %:
Accaptance rate on 20301 to 20401 for σ_ϵ: 13.00 %:
-------------
Percentage done:  58.57 %
Accaptance rate on 20401 to 20501 for ϕ: 1.90 %:
Accaptance rate on 20401 to 20501 for σ_ϵ: 25.00 %:
-------------
Percentage done:  58.86 %
Accaptance rate on 20501 to 20601 for ϕ: 2.03 %:
Accaptance rate on 20501 to 20601 for σ_ϵ: 21.00 %:
-------------
Percentage done:  59.15 %
Accaptance rate on 20601 to 20701 for ϕ: 1.86 %:
Accaptance rate on 20601 to 20701 for σ_ϵ: 24.00 %:
-------------
Percentage done:  59.43 %
Accaptance rate on 20701 to 20801 for ϕ: 1.69 %:
Accaptance rate on 20701 to 20801 for σ_ϵ: 10.00 %:
-------------
Percentage done:  59.72 %
Accaptance rate on 20801 to 20901 for ϕ: 1.84 %:
Accaptance rate on 20801 to 20901 for σ_ϵ: 23.00 %:
-------------
Percentage done:  60.00 %
Accaptance rate on 20901 to 21001 for ϕ: 1.76 %:
Accaptance rate on 20901 to 21001 for σ_ϵ: 21.00 %:
-------------
Percentage done:  60.29 %
Accaptance rate on 21001 to 21101 for ϕ: 1.91 %:
Accaptance rate on 21001 to 21101 for σ_ϵ: 2.00 %:
-------------
Percentage done:  60.57 %
Accaptance rate on 21101 to 21201 for ϕ: 1.74 %:
Accaptance rate on 21101 to 21201 for σ_ϵ: 13.00 %:
-------------
Percentage done:  60.86 %
Accaptance rate on 21201 to 21301 for ϕ: 1.80 %:
Accaptance rate on 21201 to 21301 for σ_ϵ: 30.00 %:
-------------
Percentage done:  61.15 %
Accaptance rate on 21301 to 21401 for ϕ: 1.87 %:
Accaptance rate on 21301 to 21401 for σ_ϵ: 27.00 %:
-------------
Percentage done:  61.43 %
Accaptance rate on 21401 to 21501 for ϕ: 1.87 %:
Accaptance rate on 21401 to 21501 for σ_ϵ: 9.00 %:
-------------
Percentage done:  61.72 %
Accaptance rate on 21501 to 21601 for ϕ: 2.65 %:
Accaptance rate on 21501 to 21601 for σ_ϵ: 33.00 %:
-------------
Percentage done:  62.00 %
Accaptance rate on 21601 to 21701 for ϕ: 2.43 %:
Accaptance rate on 21601 to 21701 for σ_ϵ: 27.00 %:
-------------
Percentage done:  62.29 %
Accaptance rate on 21701 to 21801 for ϕ: 2.23 %:
Accaptance rate on 21701 to 21801 for σ_ϵ: 37.00 %:
-------------
Percentage done:  62.57 %
Accaptance rate on 21801 to 21901 for ϕ: 1.88 %:
Accaptance rate on 21801 to 21901 for σ_ϵ: 21.00 %:
-------------
Percentage done:  62.86 %
Accaptance rate on 21901 to 22001 for ϕ: 2.28 %:
Accaptance rate on 21901 to 22001 for σ_ϵ: 26.00 %:
-------------
Percentage done:  63.15 %
Accaptance rate on 22001 to 22101 for ϕ: 2.47 %:
Accaptance rate on 22001 to 22101 for σ_ϵ: 24.00 %:
-------------
Percentage done:  63.43 %
Accaptance rate on 22101 to 22201 for ϕ: 2.66 %:
Accaptance rate on 22101 to 22201 for σ_ϵ: 28.00 %:
-------------
Percentage done:  63.72 %
Accaptance rate on 22201 to 22301 for ϕ: 2.21 %:
Accaptance rate on 22201 to 22301 for σ_ϵ: 21.00 %:
-------------
Percentage done:  64.00 %
Accaptance rate on 22301 to 22401 for ϕ: 2.45 %:
Accaptance rate on 22301 to 22401 for σ_ϵ: 24.00 %:
-------------
Percentage done:  64.29 %
Accaptance rate on 22401 to 22501 for ϕ: 2.76 %:
Accaptance rate on 22401 to 22501 for σ_ϵ: 14.00 %:
-------------
Percentage done:  64.57 %
Accaptance rate on 22501 to 22601 for ϕ: 2.62 %:
Accaptance rate on 22501 to 22601 for σ_ϵ: 9.00 %:
-------------
Percentage done:  64.86 %
Accaptance rate on 22601 to 22701 for ϕ: 2.29 %:
Accaptance rate on 22601 to 22701 for σ_ϵ: 24.00 %:
-------------
Percentage done:  65.15 %
Accaptance rate on 22701 to 22801 for ϕ: 2.36 %:
Accaptance rate on 22701 to 22801 for σ_ϵ: 29.00 %:
-------------
Percentage done:  65.43 %
Accaptance rate on 22801 to 22901 for ϕ: 2.61 %:
Accaptance rate on 22801 to 22901 for σ_ϵ: 13.00 %:
-------------
Percentage done:  65.72 %
Accaptance rate on 22901 to 23001 for ϕ: 2.03 %:
Accaptance rate on 22901 to 23001 for σ_ϵ: 24.00 %:
-------------
Percentage done:  66.00 %
Accaptance rate on 23001 to 23101 for ϕ: 2.02 %:
Accaptance rate on 23001 to 23101 for σ_ϵ: 8.00 %:
-------------
Percentage done:  66.29 %
Accaptance rate on 23101 to 23201 for ϕ: 2.04 %:
Accaptance rate on 23101 to 23201 for σ_ϵ: 24.00 %:
-------------
Percentage done:  66.57 %
Accaptance rate on 23201 to 23301 for ϕ: 1.85 %:
Accaptance rate on 23201 to 23301 for σ_ϵ: 1.00 %:
-------------
Percentage done:  66.86 %
Accaptance rate on 23301 to 23401 for ϕ: 2.16 %:
Accaptance rate on 23301 to 23401 for σ_ϵ: 20.00 %:
-------------
Percentage done:  67.15 %
Accaptance rate on 23401 to 23501 for ϕ: 2.34 %:
Accaptance rate on 23401 to 23501 for σ_ϵ: 20.00 %:
-------------
Percentage done:  67.43 %
Accaptance rate on 23501 to 23601 for ϕ: 1.97 %:
Accaptance rate on 23501 to 23601 for σ_ϵ: 13.00 %:
-------------
Percentage done:  67.72 %
Accaptance rate on 23601 to 23701 for ϕ: 2.73 %:
Accaptance rate on 23601 to 23701 for σ_ϵ: 16.00 %:
-------------
Percentage done:  68.00 %
Accaptance rate on 23701 to 23801 for ϕ: 2.46 %:
Accaptance rate on 23701 to 23801 for σ_ϵ: 10.00 %:
-------------
Percentage done:  68.29 %
Accaptance rate on 23801 to 23901 for ϕ: 2.24 %:
Accaptance rate on 23801 to 23901 for σ_ϵ: 21.00 %:
-------------
Percentage done:  68.57 %
Accaptance rate on 23901 to 24001 for ϕ: 2.02 %:
Accaptance rate on 23901 to 24001 for σ_ϵ: 38.00 %:
-------------
Percentage done:  68.86 %
Accaptance rate on 24001 to 24101 for ϕ: 2.03 %:
Accaptance rate on 24001 to 24101 for σ_ϵ: 27.00 %:
-------------
Percentage done:  69.15 %
Accaptance rate on 24101 to 24201 for ϕ: 2.44 %:
Accaptance rate on 24101 to 24201 for σ_ϵ: 32.00 %:
-------------
Percentage done:  69.43 %
Accaptance rate on 24201 to 24301 for ϕ: 2.25 %:
Accaptance rate on 24201 to 24301 for σ_ϵ: 23.00 %:
-------------
Percentage done:  69.72 %
Accaptance rate on 24301 to 24401 for ϕ: 2.14 %:
Accaptance rate on 24301 to 24401 for σ_ϵ: 17.00 %:
-------------
Percentage done:  70.00 %
Accaptance rate on 24401 to 24501 for ϕ: 1.93 %:
Accaptance rate on 24401 to 24501 for σ_ϵ: 26.00 %:
-------------
Percentage done:  70.29 %
Accaptance rate on 24501 to 24601 for ϕ: 2.15 %:
Accaptance rate on 24501 to 24601 for σ_ϵ: 20.00 %:
-------------
Percentage done:  70.57 %
Accaptance rate on 24601 to 24701 for ϕ: 2.13 %:
Accaptance rate on 24601 to 24701 for σ_ϵ: 26.00 %:
-------------
Percentage done:  70.86 %
Accaptance rate on 24701 to 24801 for ϕ: 2.22 %:
Accaptance rate on 24701 to 24801 for σ_ϵ: 4.00 %:
-------------
Percentage done:  71.15 %
Accaptance rate on 24801 to 24901 for ϕ: 2.71 %:
Accaptance rate on 24801 to 24901 for σ_ϵ: 17.00 %:
-------------
Percentage done:  71.43 %
Accaptance rate on 24901 to 25001 for ϕ: 2.74 %:
Accaptance rate on 24901 to 25001 for σ_ϵ: 22.00 %:
-------------
Percentage done:  71.72 %
Accaptance rate on 25001 to 25101 for ϕ: 2.17 %:
Accaptance rate on 25001 to 25101 for σ_ϵ: 16.00 %:
-------------
Percentage done:  72.00 %
Accaptance rate on 25101 to 25201 for ϕ: 1.96 %:
Accaptance rate on 25101 to 25201 for σ_ϵ: 10.00 %:
-------------
Percentage done:  72.29 %
Accaptance rate on 25201 to 25301 for ϕ: 2.31 %:
Accaptance rate on 25201 to 25301 for σ_ϵ: 21.00 %:
-------------
Percentage done:  72.57 %
Accaptance rate on 25301 to 25401 for ϕ: 2.55 %:
Accaptance rate on 25301 to 25401 for σ_ϵ: 19.00 %:
-------------
Percentage done:  72.86 %
Accaptance rate on 25401 to 25501 for ϕ: 2.27 %:
Accaptance rate on 25401 to 25501 for σ_ϵ: 31.00 %:
-------------
Percentage done:  73.15 %
Accaptance rate on 25501 to 25601 for ϕ: 2.03 %:
Accaptance rate on 25501 to 25601 for σ_ϵ: 22.00 %:
-------------
Percentage done:  73.43 %
Accaptance rate on 25601 to 25701 for ϕ: 2.50 %:
Accaptance rate on 25601 to 25701 for σ_ϵ: 23.00 %:
-------------
Percentage done:  73.72 %
Accaptance rate on 25701 to 25801 for ϕ: 2.48 %:
Accaptance rate on 25701 to 25801 for σ_ϵ: 33.00 %:
-------------
Percentage done:  74.00 %
Accaptance rate on 25801 to 25901 for ϕ: 2.37 %:
Accaptance rate on 25801 to 25901 for σ_ϵ: 40.00 %:
-------------
Percentage done:  74.29 %
Accaptance rate on 25901 to 26001 for ϕ: 2.83 %:
Accaptance rate on 25901 to 26001 for σ_ϵ: 12.00 %:
-------------
Percentage done:  74.57 %
Accaptance rate on 26001 to 26101 for ϕ: 1.97 %:
Accaptance rate on 26001 to 26101 for σ_ϵ: 4.00 %:
-------------
Percentage done:  74.86 %
Accaptance rate on 26101 to 26201 for ϕ: 2.22 %:
Accaptance rate on 26101 to 26201 for σ_ϵ: 23.00 %:
-------------
Percentage done:  75.15 %
Accaptance rate on 26201 to 26301 for ϕ: 2.19 %:
Accaptance rate on 26201 to 26301 for σ_ϵ: 18.00 %:
-------------
Percentage done:  75.43 %
Accaptance rate on 26301 to 26401 for ϕ: 2.17 %:
Accaptance rate on 26301 to 26401 for σ_ϵ: 31.00 %:
-------------
Percentage done:  75.72 %
Accaptance rate on 26401 to 26501 for ϕ: 2.34 %:
Accaptance rate on 26401 to 26501 for σ_ϵ: 32.00 %:
-------------
Percentage done:  76.00 %
Accaptance rate on 26501 to 26601 for ϕ: 2.53 %:
Accaptance rate on 26501 to 26601 for σ_ϵ: 30.00 %:
-------------
Percentage done:  76.29 %
Accaptance rate on 26601 to 26701 for ϕ: 1.93 %:
Accaptance rate on 26601 to 26701 for σ_ϵ: 16.00 %:
-------------
Percentage done:  76.57 %
Accaptance rate on 26701 to 26801 for ϕ: 2.40 %:
Accaptance rate on 26701 to 26801 for σ_ϵ: 16.00 %:
-------------
Percentage done:  76.86 %
Accaptance rate on 26801 to 26901 for ϕ: 3.09 %:
Accaptance rate on 26801 to 26901 for σ_ϵ: 19.00 %:
-------------
Percentage done:  77.15 %
Accaptance rate on 26901 to 27001 for ϕ: 2.97 %:
Accaptance rate on 26901 to 27001 for σ_ϵ: 19.00 %:
-------------
Percentage done:  77.43 %
Accaptance rate on 27001 to 27101 for ϕ: 2.41 %:
Accaptance rate on 27001 to 27101 for σ_ϵ: 18.00 %:
-------------
Percentage done:  77.72 %
Accaptance rate on 27101 to 27201 for ϕ: 2.35 %:
Accaptance rate on 27101 to 27201 for σ_ϵ: 21.00 %:
-------------
Percentage done:  78.00 %
Accaptance rate on 27201 to 27301 for ϕ: 2.78 %:
Accaptance rate on 27201 to 27301 for σ_ϵ: 29.00 %:
-------------
Percentage done:  78.29 %
Accaptance rate on 27301 to 27401 for ϕ: 2.72 %:
Accaptance rate on 27301 to 27401 for σ_ϵ: 12.00 %:
-------------
Percentage done:  78.57 %
Accaptance rate on 27401 to 27501 for ϕ: 2.56 %:
Accaptance rate on 27401 to 27501 for σ_ϵ: 29.00 %:
-------------
Percentage done:  78.86 %
Accaptance rate on 27501 to 27601 for ϕ: 2.34 %:
Accaptance rate on 27501 to 27601 for σ_ϵ: 23.00 %:
-------------
Percentage done:  79.15 %
Accaptance rate on 27601 to 27701 for ϕ: 2.47 %:
Accaptance rate on 27601 to 27701 for σ_ϵ: 17.00 %:
-------------
Percentage done:  79.43 %
Accaptance rate on 27701 to 27801 for ϕ: 1.77 %:
Accaptance rate on 27701 to 27801 for σ_ϵ: 24.00 %:
-------------
Percentage done:  79.72 %
Accaptance rate on 27801 to 27901 for ϕ: 2.26 %:
Accaptance rate on 27801 to 27901 for σ_ϵ: 25.00 %:
-------------
Percentage done:  80.00 %
Accaptance rate on 27901 to 28001 for ϕ: 2.14 %:
Accaptance rate on 27901 to 28001 for σ_ϵ: 26.00 %:
-------------
Percentage done:  80.29 %
Accaptance rate on 28001 to 28101 for ϕ: 2.61 %:
Accaptance rate on 28001 to 28101 for σ_ϵ: 15.00 %:
-------------
Percentage done:  80.57 %
Accaptance rate on 28101 to 28201 for ϕ: 2.19 %:
Accaptance rate on 28101 to 28201 for σ_ϵ: 37.00 %:
-------------
Percentage done:  80.86 %
Accaptance rate on 28201 to 28301 for ϕ: 2.66 %:
Accaptance rate on 28201 to 28301 for σ_ϵ: 23.00 %:
-------------
Percentage done:  81.15 %
Accaptance rate on 28301 to 28401 for ϕ: 3.08 %:
Accaptance rate on 28301 to 28401 for σ_ϵ: 29.00 %:
-------------
Percentage done:  81.43 %
Accaptance rate on 28401 to 28501 for ϕ: 2.79 %:
Accaptance rate on 28401 to 28501 for σ_ϵ: 27.00 %:
-------------
Percentage done:  81.72 %
Accaptance rate on 28501 to 28601 for ϕ: 2.84 %:
Accaptance rate on 28501 to 28601 for σ_ϵ: 36.00 %:
-------------
Percentage done:  82.00 %
Accaptance rate on 28601 to 28701 for ϕ: 2.27 %:
Accaptance rate on 28601 to 28701 for σ_ϵ: 22.00 %:
-------------
Percentage done:  82.29 %
Accaptance rate on 28701 to 28801 for ϕ: 2.47 %:
Accaptance rate on 28701 to 28801 for σ_ϵ: 10.00 %:
-------------
Percentage done:  82.57 %
Accaptance rate on 28801 to 28901 for ϕ: 2.84 %:
Accaptance rate on 28801 to 28901 for σ_ϵ: 27.00 %:
-------------
Percentage done:  82.86 %
Accaptance rate on 28901 to 29001 for ϕ: 2.64 %:
Accaptance rate on 28901 to 29001 for σ_ϵ: 27.00 %:
-------------
Percentage done:  83.15 %
Accaptance rate on 29001 to 29101 for ϕ: 2.32 %:
Accaptance rate on 29001 to 29101 for σ_ϵ: 28.00 %:
-------------
Percentage done:  83.43 %
Accaptance rate on 29101 to 29201 for ϕ: 2.42 %:
Accaptance rate on 29101 to 29201 for σ_ϵ: 15.00 %:
-------------
Percentage done:  83.72 %
Accaptance rate on 29201 to 29301 for ϕ: 2.62 %:
Accaptance rate on 29201 to 29301 for σ_ϵ: 24.00 %:
-------------
Percentage done:  84.00 %
Accaptance rate on 29301 to 29401 for ϕ: 2.71 %:
Accaptance rate on 29301 to 29401 for σ_ϵ: 21.00 %:
-------------
Percentage done:  84.29 %
Accaptance rate on 29401 to 29501 for ϕ: 2.66 %:
Accaptance rate on 29401 to 29501 for σ_ϵ: 19.00 %:
-------------
Percentage done:  84.57 %
Accaptance rate on 29501 to 29601 for ϕ: 2.41 %:
Accaptance rate on 29501 to 29601 for σ_ϵ: 0.00 %:
-------------
Percentage done:  84.86 %
Accaptance rate on 29601 to 29701 for ϕ: 2.31 %:
Accaptance rate on 29601 to 29701 for σ_ϵ: 9.00 %:
-------------
Percentage done:  85.15 %
Accaptance rate on 29701 to 29801 for ϕ: 2.33 %:
Accaptance rate on 29701 to 29801 for σ_ϵ: 27.00 %:
-------------
Percentage done:  85.43 %
Accaptance rate on 29801 to 29901 for ϕ: 2.43 %:
Accaptance rate on 29801 to 29901 for σ_ϵ: 15.00 %:
-------------
Percentage done:  85.72 %
Accaptance rate on 29901 to 30001 for ϕ: 2.73 %:
Accaptance rate on 29901 to 30001 for σ_ϵ: 15.00 %:
-------------
Percentage done:  86.00 %
Accaptance rate on 30001 to 30101 for ϕ: 2.19 %:
Accaptance rate on 30001 to 30101 for σ_ϵ: 15.00 %:
-------------
Percentage done:  86.29 %
Accaptance rate on 30101 to 30201 for ϕ: 2.98 %:
Accaptance rate on 30101 to 30201 for σ_ϵ: 3.00 %:
-------------
Percentage done:  86.57 %
Accaptance rate on 30201 to 30301 for ϕ: 3.16 %:
Accaptance rate on 30201 to 30301 for σ_ϵ: 10.00 %:
-------------
Percentage done:  86.86 %
Accaptance rate on 30301 to 30401 for ϕ: 2.67 %:
Accaptance rate on 30301 to 30401 for σ_ϵ: 14.00 %:
-------------
Percentage done:  87.15 %
Accaptance rate on 30401 to 30501 for ϕ: 2.95 %:
Accaptance rate on 30401 to 30501 for σ_ϵ: 26.00 %:
-------------
Percentage done:  87.43 %
Accaptance rate on 30501 to 30601 for ϕ: 3.19 %:
Accaptance rate on 30501 to 30601 for σ_ϵ: 23.00 %:
-------------
Percentage done:  87.72 %
Accaptance rate on 30601 to 30701 for ϕ: 2.89 %:
Accaptance rate on 30601 to 30701 for σ_ϵ: 32.00 %:
-------------
Percentage done:  88.00 %
Accaptance rate on 30701 to 30801 for ϕ: 3.11 %:
Accaptance rate on 30701 to 30801 for σ_ϵ: 27.00 %:
-------------
Percentage done:  88.29 %
Accaptance rate on 30801 to 30901 for ϕ: 3.16 %:
Accaptance rate on 30801 to 30901 for σ_ϵ: 1.00 %:
-------------
Percentage done:  88.57 %
Accaptance rate on 30901 to 31001 for ϕ: 2.44 %:
Accaptance rate on 30901 to 31001 for σ_ϵ: 31.00 %:
-------------
Percentage done:  88.86 %
Accaptance rate on 31001 to 31101 for ϕ: 2.64 %:
Accaptance rate on 31001 to 31101 for σ_ϵ: 14.00 %:
-------------
Percentage done:  89.15 %
Accaptance rate on 31101 to 31201 for ϕ: 3.06 %:
Accaptance rate on 31101 to 31201 for σ_ϵ: 10.00 %:
-------------
Percentage done:  89.43 %
Accaptance rate on 31201 to 31301 for ϕ: 2.53 %:
Accaptance rate on 31201 to 31301 for σ_ϵ: 18.00 %:
-------------
Percentage done:  89.72 %
Accaptance rate on 31301 to 31401 for ϕ: 2.30 %:
Accaptance rate on 31301 to 31401 for σ_ϵ: 17.00 %:
-------------
Percentage done:  90.00 %
Accaptance rate on 31401 to 31501 for ϕ: 2.66 %:
Accaptance rate on 31401 to 31501 for σ_ϵ: 28.00 %:
-------------
Percentage done:  90.29 %
Accaptance rate on 31501 to 31601 for ϕ: 2.79 %:
Accaptance rate on 31501 to 31601 for σ_ϵ: 48.00 %:
-------------
Percentage done:  90.57 %
Accaptance rate on 31601 to 31701 for ϕ: 2.40 %:
Accaptance rate on 31601 to 31701 for σ_ϵ: 26.00 %:
-------------
Percentage done:  90.86 %
Accaptance rate on 31701 to 31801 for ϕ: 2.21 %:
Accaptance rate on 31701 to 31801 for σ_ϵ: 19.00 %:
-------------
Percentage done:  91.15 %
Accaptance rate on 31801 to 31901 for ϕ: 2.41 %:
Accaptance rate on 31801 to 31901 for σ_ϵ: 33.00 %:
-------------
Percentage done:  91.43 %
Accaptance rate on 31901 to 32001 for ϕ: 3.10 %:
Accaptance rate on 31901 to 32001 for σ_ϵ: 30.00 %:
-------------
Percentage done:  91.72 %
Accaptance rate on 32001 to 32101 for ϕ: 2.85 %:
Accaptance rate on 32001 to 32101 for σ_ϵ: 32.00 %:
-------------
Percentage done:  92.00 %
Accaptance rate on 32101 to 32201 for ϕ: 2.83 %:
Accaptance rate on 32101 to 32201 for σ_ϵ: 29.00 %:
-------------
Percentage done:  92.29 %
Accaptance rate on 32201 to 32301 for ϕ: 3.35 %:
Accaptance rate on 32201 to 32301 for σ_ϵ: 22.00 %:
-------------
Percentage done:  92.57 %
Accaptance rate on 32301 to 32401 for ϕ: 2.83 %:
Accaptance rate on 32301 to 32401 for σ_ϵ: 27.00 %:
-------------
Percentage done:  92.86 %
Accaptance rate on 32401 to 32501 for ϕ: 2.69 %:
Accaptance rate on 32401 to 32501 for σ_ϵ: 11.00 %:
-------------
Percentage done:  93.15 %
Accaptance rate on 32501 to 32601 for ϕ: 2.48 %:
Accaptance rate on 32501 to 32601 for σ_ϵ: 23.00 %:
-------------
Percentage done:  93.43 %
Accaptance rate on 32601 to 32701 for ϕ: 2.68 %:
Accaptance rate on 32601 to 32701 for σ_ϵ: 15.00 %:
-------------
Percentage done:  93.72 %
Accaptance rate on 32701 to 32801 for ϕ: 3.21 %:
Accaptance rate on 32701 to 32801 for σ_ϵ: 32.00 %:
-------------
Percentage done:  94.00 %
Accaptance rate on 32801 to 32901 for ϕ: 2.36 %:
Accaptance rate on 32801 to 32901 for σ_ϵ: 29.00 %:
-------------
Percentage done:  94.29 %
Accaptance rate on 32901 to 33001 for ϕ: 2.24 %:
Accaptance rate on 32901 to 33001 for σ_ϵ: 9.00 %:
-------------
Percentage done:  94.57 %
Accaptance rate on 33001 to 33101 for ϕ: 2.31 %:
Accaptance rate on 33001 to 33101 for σ_ϵ: 23.00 %:
-------------
Percentage done:  94.86 %
Accaptance rate on 33101 to 33201 for ϕ: 2.78 %:
Accaptance rate on 33101 to 33201 for σ_ϵ: 26.00 %:
-------------
Percentage done:  95.15 %
Accaptance rate on 33201 to 33301 for ϕ: 2.44 %:
Accaptance rate on 33201 to 33301 for σ_ϵ: 13.00 %:
-------------
Percentage done:  95.43 %
Accaptance rate on 33301 to 33401 for ϕ: 2.41 %:
Accaptance rate on 33301 to 33401 for σ_ϵ: 15.00 %:
-------------
Percentage done:  95.72 %
Accaptance rate on 33401 to 33501 for ϕ: 2.14 %:
Accaptance rate on 33401 to 33501 for σ_ϵ: 7.00 %:
-------------
Percentage done:  96.00 %
Accaptance rate on 33501 to 33601 for ϕ: 2.61 %:
Accaptance rate on 33501 to 33601 for σ_ϵ: 19.00 %:
-------------
Percentage done:  96.29 %
Accaptance rate on 33601 to 33701 for ϕ: 2.62 %:
Accaptance rate on 33601 to 33701 for σ_ϵ: 7.00 %:
-------------
Percentage done:  96.57 %
Accaptance rate on 33701 to 33801 for ϕ: 2.22 %:
Accaptance rate on 33701 to 33801 for σ_ϵ: 10.00 %:
-------------
Percentage done:  96.86 %
Accaptance rate on 33801 to 33901 for ϕ: 2.23 %:
Accaptance rate on 33801 to 33901 for σ_ϵ: 25.00 %:
-------------
Percentage done:  97.15 %
Accaptance rate on 33901 to 34001 for ϕ: 2.48 %:
Accaptance rate on 33901 to 34001 for σ_ϵ: 26.00 %:
-------------
Percentage done:  97.43 %
Accaptance rate on 34001 to 34101 for ϕ: 2.59 %:
Accaptance rate on 34001 to 34101 for σ_ϵ: 22.00 %:
-------------
Percentage done:  97.72 %
Accaptance rate on 34101 to 34201 for ϕ: 2.64 %:
Accaptance rate on 34101 to 34201 for σ_ϵ: 15.00 %:
-------------
Percentage done:  98.00 %
Accaptance rate on 34201 to 34301 for ϕ: 2.55 %:
Accaptance rate on 34201 to 34301 for σ_ϵ: 38.00 %:
-------------
Percentage done:  98.29 %
Accaptance rate on 34301 to 34401 for ϕ: 2.16 %:
Accaptance rate on 34301 to 34401 for σ_ϵ: 12.00 %:
-------------
Percentage done:  98.57 %
Accaptance rate on 34401 to 34501 for ϕ: 2.84 %:
Accaptance rate on 34401 to 34501 for σ_ϵ: 25.00 %:
-------------
Percentage done:  98.86 %
Accaptance rate on 34501 to 34601 for ϕ: 2.57 %:
Accaptance rate on 34501 to 34601 for σ_ϵ: 18.00 %:
-------------
Percentage done:  99.15 %
Accaptance rate on 34601 to 34701 for ϕ: 2.58 %:
Accaptance rate on 34601 to 34701 for σ_ϵ: 15.00 %:
-------------
Percentage done:  99.43 %
Accaptance rate on 34701 to 34801 for ϕ: 2.78 %:
Accaptance rate on 34701 to 34801 for σ_ϵ: 6.00 %:
-------------
Percentage done:  99.72 %
Accaptance rate on 34801 to 34901 for ϕ: 2.69 %:
Accaptance rate on 34801 to 34901 for σ_ϵ: 14.00 %:
Ending Gibbs sampler using CPMMH.
380393.35562461
0.033336285714285714
0.21805714285714287
1.0
