/home/samwiq/SDEMEM and CPMMH/SDEMEM_and_CPMMH/lunarc
/home/samwiq/SDEMEM and CPMMH/SDEMEM_and_CPMMH
start run script for cpmmh
  2.998956 seconds (4.14 M allocations: 2.039 GiB, 39.84% gc time)
Starting Gibbs sampler using CPMMH.
-------------
Percentage done:  2.86 %
Accaptance rate on 1 to 1001 for ϕ: 22.91 %:
Accaptance rate on 1 to 1001 for σ_ϵ: 27.90 %:
-------------
Percentage done:  5.72 %
Accaptance rate on 1001 to 2001 for ϕ: 22.29 %:
Accaptance rate on 1001 to 2001 for σ_ϵ: 21.80 %:
-------------
Percentage done:  8.57 %
Accaptance rate on 2001 to 3001 for ϕ: 24.40 %:
Accaptance rate on 2001 to 3001 for σ_ϵ: 24.10 %:
-------------
Percentage done:  11.43 %
Accaptance rate on 3001 to 4001 for ϕ: 26.56 %:
Accaptance rate on 3001 to 4001 for σ_ϵ: 24.80 %:
-------------
Percentage done:  14.29 %
Accaptance rate on 4001 to 5001 for ϕ: 25.97 %:
Accaptance rate on 4001 to 5001 for σ_ϵ: 29.50 %:
-------------
Percentage done:  17.15 %
Accaptance rate on 5001 to 6001 for ϕ: 16.90 %:
Accaptance rate on 5001 to 6001 for σ_ϵ: 15.40 %:
-------------
Percentage done:  20.00 %
Accaptance rate on 6001 to 7001 for ϕ: 11.04 %:
Accaptance rate on 6001 to 7001 for σ_ϵ: 15.10 %:
-------------
Percentage done:  22.86 %
Accaptance rate on 7001 to 8001 for ϕ: 3.85 %:
Accaptance rate on 7001 to 8001 for σ_ϵ: 10.00 %:
-------------
Percentage done:  25.72 %
Accaptance rate on 8001 to 9001 for ϕ: 1.90 %:
Accaptance rate on 8001 to 9001 for σ_ϵ: 15.20 %:
-------------
Percentage done:  28.57 %
Accaptance rate on 9001 to 10001 for ϕ: 1.52 %:
Accaptance rate on 9001 to 10001 for σ_ϵ: 22.00 %:
-------------
Percentage done:  31.43 %
Accaptance rate on 10001 to 11001 for ϕ: 1.83 %:
Accaptance rate on 10001 to 11001 for σ_ϵ: 30.80 %:
-------------
Percentage done:  34.29 %
Accaptance rate on 11001 to 12001 for ϕ: 2.70 %:
Accaptance rate on 11001 to 12001 for σ_ϵ: 31.20 %:
-------------
Percentage done:  37.15 %
Accaptance rate on 12001 to 13001 for ϕ: 4.07 %:
Accaptance rate on 12001 to 13001 for σ_ϵ: 24.70 %:
-------------
Percentage done:  40.00 %
Accaptance rate on 13001 to 14001 for ϕ: 3.69 %:
Accaptance rate on 13001 to 14001 for σ_ϵ: 33.50 %:
-------------
Percentage done:  42.86 %
Accaptance rate on 14001 to 15001 for ϕ: 3.26 %:
Accaptance rate on 14001 to 15001 for σ_ϵ: 29.90 %:
-------------
Percentage done:  45.72 %
Accaptance rate on 15001 to 16001 for ϕ: 2.08 %:
Accaptance rate on 15001 to 16001 for σ_ϵ: 17.10 %:
-------------
Percentage done:  48.57 %
Accaptance rate on 16001 to 17001 for ϕ: 3.61 %:
Accaptance rate on 16001 to 17001 for σ_ϵ: 25.30 %:
-------------
Percentage done:  51.43 %
Accaptance rate on 17001 to 18001 for ϕ: 4.81 %:
Accaptance rate on 17001 to 18001 for σ_ϵ: 24.60 %:
-------------
Percentage done:  54.29 %
Accaptance rate on 18001 to 19001 for ϕ: 11.90 %:
Accaptance rate on 18001 to 19001 for σ_ϵ: 18.50 %:
-------------
Percentage done:  57.15 %
Accaptance rate on 19001 to 20001 for ϕ: 24.96 %:
Accaptance rate on 19001 to 20001 for σ_ϵ: 12.00 %:
-------------
Percentage done:  60.00 %
Accaptance rate on 20001 to 21001 for ϕ: 45.21 %:
Accaptance rate on 20001 to 21001 for σ_ϵ: 11.10 %:
-------------
Percentage done:  62.86 %
Accaptance rate on 21001 to 22001 for ϕ: 37.83 %:
Accaptance rate on 21001 to 22001 for σ_ϵ: 15.10 %:
-------------
Percentage done:  65.72 %
Accaptance rate on 22001 to 23001 for ϕ: 35.86 %:
Accaptance rate on 22001 to 23001 for σ_ϵ: 17.40 %:
-------------
Percentage done:  68.57 %
Accaptance rate on 23001 to 24001 for ϕ: 44.64 %:
Accaptance rate on 23001 to 24001 for σ_ϵ: 17.90 %:
-------------
Percentage done:  71.43 %
Accaptance rate on 24001 to 25001 for ϕ: 32.69 %:
Accaptance rate on 24001 to 25001 for σ_ϵ: 20.80 %:
-------------
Percentage done:  74.29 %
Accaptance rate on 25001 to 26001 for ϕ: 15.86 %:
Accaptance rate on 25001 to 26001 for σ_ϵ: 16.60 %:
-------------
Percentage done:  77.15 %
Accaptance rate on 26001 to 27001 for ϕ: 10.02 %:
Accaptance rate on 26001 to 27001 for σ_ϵ: 15.90 %:
-------------
Percentage done:  80.00 %
Accaptance rate on 27001 to 28001 for ϕ: 21.90 %:
Accaptance rate on 27001 to 28001 for σ_ϵ: 21.60 %:
-------------
Percentage done:  82.86 %
Accaptance rate on 28001 to 29001 for ϕ: 45.97 %:
Accaptance rate on 28001 to 29001 for σ_ϵ: 17.60 %:
-------------
Percentage done:  85.72 %
Accaptance rate on 29001 to 30001 for ϕ: 25.39 %:
Accaptance rate on 29001 to 30001 for σ_ϵ: 17.00 %:
-------------
Percentage done:  88.57 %
Accaptance rate on 30001 to 31001 for ϕ: 15.94 %:
Accaptance rate on 30001 to 31001 for σ_ϵ: 16.80 %:
-------------
Percentage done:  91.43 %
Accaptance rate on 31001 to 32001 for ϕ: 15.14 %:
Accaptance rate on 31001 to 32001 for σ_ϵ: 19.80 %:
-------------
Percentage done:  94.29 %
Accaptance rate on 32001 to 33001 for ϕ: 30.92 %:
Accaptance rate on 32001 to 33001 for σ_ϵ: 26.10 %:
-------------
Percentage done:  97.15 %
Accaptance rate on 33001 to 34001 for ϕ: 32.61 %:
Accaptance rate on 33001 to 34001 for σ_ϵ: 24.80 %:
Ending Gibbs sampler using CPMMH.
163389.869521164
0.19296142857142856
0.2102857142857143
1.0
