/home/samwiq/SDEMEM and CPMMH/SDEMEM_and_CPMMH/lunarc
/home/samwiq/SDEMEM and CPMMH/SDEMEM_and_CPMMH
start run script
Starting Gibbs sampler using CPMMH.
Percentage done:  6.67 %
Percentage done:  13.33 %
Percentage done:  20.00 %
Percentage done:  26.67 %
Percentage done:  33.33 %
Percentage done:  40.00 %
Percentage done:  46.67 %
Percentage done:  53.33 %
Percentage done:  60.00 %
Percentage done:  66.67 %
Percentage done:  73.33 %
Percentage done:  80.00 %
Percentage done:  86.67 %
Percentage done:  93.33 %
Percentage done:  100.00 %
Ending Gibbs sampler using CPMMH.
1092.217138474
0.6996933333333333
0.22253333333333333
1.0
