/home/samwiq/SDEMEM and CPMMH/SDEMEM_and_CPMMH/lunarc
/home/samwiq/SDEMEM and CPMMH/SDEMEM_and_CPMMH
start run script
Starting Gibbs sampler using CPMMH.
-------------
Percentage done:  0.20 %
Accaptance rate on 1 to 101 for ϕ: 7.95 %:
Accaptance rate on 1 to 101 for σ_ϵ: 9.00 %:
-------------
Percentage done:  0.40 %
Accaptance rate on 101 to 201 for ϕ: 18.15 %:
Accaptance rate on 101 to 201 for σ_ϵ: 13.00 %:
-------------
Percentage done:  0.60 %
Accaptance rate on 201 to 301 for ϕ: 31.20 %:
Accaptance rate on 201 to 301 for σ_ϵ: 30.00 %:
-------------
Percentage done:  0.80 %
Accaptance rate on 301 to 401 for ϕ: 32.10 %:
Accaptance rate on 301 to 401 for σ_ϵ: 32.00 %:
-------------
Percentage done:  1.00 %
Accaptance rate on 401 to 501 for ϕ: 29.18 %:
Accaptance rate on 401 to 501 for σ_ϵ: 37.00 %:
-------------
Percentage done:  1.20 %
Accaptance rate on 501 to 601 for ϕ: 28.90 %:
Accaptance rate on 501 to 601 for σ_ϵ: 30.00 %:
-------------
Percentage done:  1.40 %
Accaptance rate on 601 to 701 for ϕ: 27.38 %:
Accaptance rate on 601 to 701 for σ_ϵ: 35.00 %:
-------------
Percentage done:  1.60 %
Accaptance rate on 701 to 801 for ϕ: 26.57 %:
Accaptance rate on 701 to 801 for σ_ϵ: 21.00 %:
-------------
Percentage done:  1.80 %
Accaptance rate on 801 to 901 for ϕ: 26.32 %:
Accaptance rate on 801 to 901 for σ_ϵ: 32.00 %:
-------------
Percentage done:  2.00 %
Accaptance rate on 901 to 1001 for ϕ: 26.13 %:
Accaptance rate on 901 to 1001 for σ_ϵ: 36.00 %:
-------------
Percentage done:  2.20 %
Accaptance rate on 1001 to 1101 for ϕ: 25.77 %:
Accaptance rate on 1001 to 1101 for σ_ϵ: 34.00 %:
-------------
Percentage done:  2.40 %
Accaptance rate on 1101 to 1201 for ϕ: 27.27 %:
Accaptance rate on 1101 to 1201 for σ_ϵ: 26.00 %:
-------------
Percentage done:  2.60 %
Accaptance rate on 1201 to 1301 for ϕ: 25.37 %:
Accaptance rate on 1201 to 1301 for σ_ϵ: 23.00 %:
-------------
Percentage done:  2.80 %
Accaptance rate on 1301 to 1401 for ϕ: 23.28 %:
Accaptance rate on 1301 to 1401 for σ_ϵ: 29.00 %:
-------------
Percentage done:  3.00 %
Accaptance rate on 1401 to 1501 for ϕ: 22.90 %:
Accaptance rate on 1401 to 1501 for σ_ϵ: 24.00 %:
-------------
Percentage done:  3.20 %
Accaptance rate on 1501 to 1601 for ϕ: 26.05 %:
Accaptance rate on 1501 to 1601 for σ_ϵ: 35.00 %:
-------------
Percentage done:  3.40 %
Accaptance rate on 1601 to 1701 for ϕ: 22.73 %:
Accaptance rate on 1601 to 1701 for σ_ϵ: 26.00 %:
-------------
Percentage done:  3.60 %
Accaptance rate on 1701 to 1801 for ϕ: 22.20 %:
Accaptance rate on 1701 to 1801 for σ_ϵ: 24.00 %:
-------------
Percentage done:  3.80 %
Accaptance rate on 1801 to 1901 for ϕ: 21.70 %:
Accaptance rate on 1801 to 1901 for σ_ϵ: 30.00 %:
-------------
Percentage done:  4.00 %
Accaptance rate on 1901 to 2001 for ϕ: 24.18 %:
Accaptance rate on 1901 to 2001 for σ_ϵ: 23.00 %:
-------------
Percentage done:  4.20 %
Accaptance rate on 2001 to 2101 for ϕ: 26.42 %:
Accaptance rate on 2001 to 2101 for σ_ϵ: 33.00 %:
-------------
Percentage done:  4.40 %
Accaptance rate on 2101 to 2201 for ϕ: 25.57 %:
Accaptance rate on 2101 to 2201 for σ_ϵ: 28.00 %:
-------------
Percentage done:  4.60 %
Accaptance rate on 2201 to 2301 for ϕ: 24.85 %:
Accaptance rate on 2201 to 2301 for σ_ϵ: 34.00 %:
-------------
Percentage done:  4.80 %
Accaptance rate on 2301 to 2401 for ϕ: 24.82 %:
Accaptance rate on 2301 to 2401 for σ_ϵ: 24.00 %:
-------------
Percentage done:  5.00 %
Accaptance rate on 2401 to 2501 for ϕ: 23.55 %:
Accaptance rate on 2401 to 2501 for σ_ϵ: 19.00 %:
-------------
Percentage done:  5.20 %
Accaptance rate on 2501 to 2601 for ϕ: 24.20 %:
Accaptance rate on 2501 to 2601 for σ_ϵ: 28.00 %:
-------------
Percentage done:  5.40 %
Accaptance rate on 2601 to 2701 for ϕ: 23.97 %:
Accaptance rate on 2601 to 2701 for σ_ϵ: 19.00 %:
-------------
Percentage done:  5.60 %
Accaptance rate on 2701 to 2801 for ϕ: 25.20 %:
Accaptance rate on 2701 to 2801 for σ_ϵ: 20.00 %:
-------------
Percentage done:  5.80 %
Accaptance rate on 2801 to 2901 for ϕ: 26.38 %:
Accaptance rate on 2801 to 2901 for σ_ϵ: 24.00 %:
-------------
Percentage done:  6.00 %
Accaptance rate on 2901 to 3001 for ϕ: 24.90 %:
Accaptance rate on 2901 to 3001 for σ_ϵ: 32.00 %:
-------------
Percentage done:  6.20 %
Accaptance rate on 3001 to 3101 for ϕ: 23.60 %:
Accaptance rate on 3001 to 3101 for σ_ϵ: 20.00 %:
-------------
Percentage done:  6.40 %
Accaptance rate on 3101 to 3201 for ϕ: 23.67 %:
Accaptance rate on 3101 to 3201 for σ_ϵ: 38.00 %:
-------------
Percentage done:  6.60 %
Accaptance rate on 3201 to 3301 for ϕ: 25.30 %:
Accaptance rate on 3201 to 3301 for σ_ϵ: 26.00 %:
-------------
Percentage done:  6.80 %
Accaptance rate on 3301 to 3401 for ϕ: 24.82 %:
Accaptance rate on 3301 to 3401 for σ_ϵ: 24.00 %:
-------------
Percentage done:  7.00 %
Accaptance rate on 3401 to 3501 for ϕ: 25.35 %:
Accaptance rate on 3401 to 3501 for σ_ϵ: 18.00 %:
-------------
Percentage done:  7.20 %
Accaptance rate on 3501 to 3601 for ϕ: 24.27 %:
Accaptance rate on 3501 to 3601 for σ_ϵ: 30.00 %:
-------------
Percentage done:  7.40 %
Accaptance rate on 3601 to 3701 for ϕ: 24.38 %:
Accaptance rate on 3601 to 3701 for σ_ϵ: 18.00 %:
-------------
Percentage done:  7.60 %
Accaptance rate on 3701 to 3801 for ϕ: 24.77 %:
Accaptance rate on 3701 to 3801 for σ_ϵ: 27.00 %:
-------------
Percentage done:  7.80 %
Accaptance rate on 3801 to 3901 for ϕ: 25.65 %:
Accaptance rate on 3801 to 3901 for σ_ϵ: 29.00 %:
-------------
Percentage done:  8.00 %
Accaptance rate on 3901 to 4001 for ϕ: 24.55 %:
Accaptance rate on 3901 to 4001 for σ_ϵ: 25.00 %:
-------------
Percentage done:  8.20 %
Accaptance rate on 4001 to 4101 for ϕ: 24.35 %:
Accaptance rate on 4001 to 4101 for σ_ϵ: 19.00 %:
-------------
Percentage done:  8.40 %
Accaptance rate on 4101 to 4201 for ϕ: 24.68 %:
Accaptance rate on 4101 to 4201 for σ_ϵ: 22.00 %:
-------------
Percentage done:  8.60 %
Accaptance rate on 4201 to 4301 for ϕ: 26.52 %:
Accaptance rate on 4201 to 4301 for σ_ϵ: 35.00 %:
-------------
Percentage done:  8.80 %
Accaptance rate on 4301 to 4401 for ϕ: 26.88 %:
Accaptance rate on 4301 to 4401 for σ_ϵ: 26.00 %:
-------------
Percentage done:  9.00 %
Accaptance rate on 4401 to 4501 for ϕ: 23.60 %:
Accaptance rate on 4401 to 4501 for σ_ϵ: 32.00 %:
-------------
Percentage done:  9.20 %
Accaptance rate on 4501 to 4601 for ϕ: 21.73 %:
Accaptance rate on 4501 to 4601 for σ_ϵ: 15.00 %:
-------------
Percentage done:  9.40 %
Accaptance rate on 4601 to 4701 for ϕ: 24.65 %:
Accaptance rate on 4601 to 4701 for σ_ϵ: 26.00 %:
-------------
Percentage done:  9.60 %
Accaptance rate on 4701 to 4801 for ϕ: 24.80 %:
Accaptance rate on 4701 to 4801 for σ_ϵ: 22.00 %:
-------------
Percentage done:  9.80 %
Accaptance rate on 4801 to 4901 for ϕ: 23.52 %:
Accaptance rate on 4801 to 4901 for σ_ϵ: 33.00 %:
-------------
Percentage done:  10.00 %
Accaptance rate on 4901 to 5001 for ϕ: 25.22 %:
Accaptance rate on 4901 to 5001 for σ_ϵ: 19.00 %:
-------------
Percentage done:  10.20 %
Accaptance rate on 5001 to 5101 for ϕ: 24.15 %:
Accaptance rate on 5001 to 5101 for σ_ϵ: 24.00 %:
-------------
Percentage done:  10.40 %
Accaptance rate on 5101 to 5201 for ϕ: 25.30 %:
Accaptance rate on 5101 to 5201 for σ_ϵ: 28.00 %:
-------------
Percentage done:  10.60 %
Accaptance rate on 5201 to 5301 for ϕ: 27.18 %:
Accaptance rate on 5201 to 5301 for σ_ϵ: 32.00 %:
-------------
Percentage done:  10.80 %
Accaptance rate on 5301 to 5401 for ϕ: 25.20 %:
Accaptance rate on 5301 to 5401 for σ_ϵ: 25.00 %:
-------------
Percentage done:  11.00 %
Accaptance rate on 5401 to 5501 for ϕ: 24.45 %:
Accaptance rate on 5401 to 5501 for σ_ϵ: 27.00 %:
-------------
Percentage done:  11.20 %
Accaptance rate on 5501 to 5601 for ϕ: 22.27 %:
Accaptance rate on 5501 to 5601 for σ_ϵ: 21.00 %:
-------------
Percentage done:  11.40 %
Accaptance rate on 5601 to 5701 for ϕ: 24.85 %:
Accaptance rate on 5601 to 5701 for σ_ϵ: 20.00 %:
-------------
Percentage done:  11.60 %
Accaptance rate on 5701 to 5801 for ϕ: 26.35 %:
Accaptance rate on 5701 to 5801 for σ_ϵ: 28.00 %:
-------------
Percentage done:  11.80 %
Accaptance rate on 5801 to 5901 for ϕ: 24.40 %:
Accaptance rate on 5801 to 5901 for σ_ϵ: 29.00 %:
-------------
Percentage done:  12.00 %
Accaptance rate on 5901 to 6001 for ϕ: 23.23 %:
Accaptance rate on 5901 to 6001 for σ_ϵ: 29.00 %:
-------------
Percentage done:  12.20 %
Accaptance rate on 6001 to 6101 for ϕ: 23.88 %:
Accaptance rate on 6001 to 6101 for σ_ϵ: 23.00 %:
-------------
Percentage done:  12.40 %
Accaptance rate on 6101 to 6201 for ϕ: 24.02 %:
Accaptance rate on 6101 to 6201 for σ_ϵ: 29.00 %:
-------------
Percentage done:  12.60 %
Accaptance rate on 6201 to 6301 for ϕ: 25.35 %:
Accaptance rate on 6201 to 6301 for σ_ϵ: 24.00 %:
-------------
Percentage done:  12.80 %
Accaptance rate on 6301 to 6401 for ϕ: 24.00 %:
Accaptance rate on 6301 to 6401 for σ_ϵ: 29.00 %:
-------------
Percentage done:  13.00 %
Accaptance rate on 6401 to 6501 for ϕ: 28.45 %:
Accaptance rate on 6401 to 6501 for σ_ϵ: 20.00 %:
-------------
Percentage done:  13.20 %
Accaptance rate on 6501 to 6601 for ϕ: 26.35 %:
Accaptance rate on 6501 to 6601 for σ_ϵ: 31.00 %:
-------------
Percentage done:  13.40 %
Accaptance rate on 6601 to 6701 for ϕ: 27.88 %:
Accaptance rate on 6601 to 6701 for σ_ϵ: 21.00 %:
-------------
Percentage done:  13.60 %
Accaptance rate on 6701 to 6801 for ϕ: 25.20 %:
Accaptance rate on 6701 to 6801 for σ_ϵ: 28.00 %:
-------------
Percentage done:  13.80 %
Accaptance rate on 6801 to 6901 for ϕ: 24.77 %:
Accaptance rate on 6801 to 6901 for σ_ϵ: 30.00 %:
-------------
Percentage done:  14.00 %
Accaptance rate on 6901 to 7001 for ϕ: 24.65 %:
Accaptance rate on 6901 to 7001 for σ_ϵ: 20.00 %:
-------------
Percentage done:  14.20 %
Accaptance rate on 7001 to 7101 for ϕ: 24.50 %:
Accaptance rate on 7001 to 7101 for σ_ϵ: 34.00 %:
-------------
Percentage done:  14.40 %
Accaptance rate on 7101 to 7201 for ϕ: 24.20 %:
Accaptance rate on 7101 to 7201 for σ_ϵ: 19.00 %:
-------------
Percentage done:  14.60 %
Accaptance rate on 7201 to 7301 for ϕ: 25.32 %:
Accaptance rate on 7201 to 7301 for σ_ϵ: 23.00 %:
-------------
Percentage done:  14.80 %
Accaptance rate on 7301 to 7401 for ϕ: 22.35 %:
Accaptance rate on 7301 to 7401 for σ_ϵ: 23.00 %:
-------------
Percentage done:  15.00 %
Accaptance rate on 7401 to 7501 for ϕ: 23.57 %:
Accaptance rate on 7401 to 7501 for σ_ϵ: 31.00 %:
-------------
Percentage done:  15.20 %
Accaptance rate on 7501 to 7601 for ϕ: 23.75 %:
Accaptance rate on 7501 to 7601 for σ_ϵ: 27.00 %:
-------------
Percentage done:  15.40 %
Accaptance rate on 7601 to 7701 for ϕ: 22.32 %:
Accaptance rate on 7601 to 7701 for σ_ϵ: 28.00 %:
-------------
Percentage done:  15.60 %
Accaptance rate on 7701 to 7801 for ϕ: 24.18 %:
Accaptance rate on 7701 to 7801 for σ_ϵ: 26.00 %:
-------------
Percentage done:  15.80 %
Accaptance rate on 7801 to 7901 for ϕ: 26.42 %:
Accaptance rate on 7801 to 7901 for σ_ϵ: 28.00 %:
-------------
Percentage done:  16.00 %
Accaptance rate on 7901 to 8001 for ϕ: 25.60 %:
Accaptance rate on 7901 to 8001 for σ_ϵ: 32.00 %:
-------------
Percentage done:  16.20 %
Accaptance rate on 8001 to 8101 for ϕ: 24.60 %:
Accaptance rate on 8001 to 8101 for σ_ϵ: 25.00 %:
-------------
Percentage done:  16.40 %
Accaptance rate on 8101 to 8201 for ϕ: 25.80 %:
Accaptance rate on 8101 to 8201 for σ_ϵ: 27.00 %:
-------------
Percentage done:  16.60 %
Accaptance rate on 8201 to 8301 for ϕ: 24.25 %:
Accaptance rate on 8201 to 8301 for σ_ϵ: 28.00 %:
-------------
Percentage done:  16.80 %
Accaptance rate on 8301 to 8401 for ϕ: 25.00 %:
Accaptance rate on 8301 to 8401 for σ_ϵ: 29.00 %:
-------------
Percentage done:  17.00 %
Accaptance rate on 8401 to 8501 for ϕ: 26.15 %:
Accaptance rate on 8401 to 8501 for σ_ϵ: 32.00 %:
-------------
Percentage done:  17.20 %
Accaptance rate on 8501 to 8601 for ϕ: 25.65 %:
Accaptance rate on 8501 to 8601 for σ_ϵ: 19.00 %:
-------------
Percentage done:  17.40 %
Accaptance rate on 8601 to 8701 for ϕ: 23.45 %:
Accaptance rate on 8601 to 8701 for σ_ϵ: 25.00 %:
-------------
Percentage done:  17.60 %
Accaptance rate on 8701 to 8801 for ϕ: 25.30 %:
Accaptance rate on 8701 to 8801 for σ_ϵ: 19.00 %:
-------------
Percentage done:  17.80 %
Accaptance rate on 8801 to 8901 for ϕ: 26.77 %:
Accaptance rate on 8801 to 8901 for σ_ϵ: 21.00 %:
-------------
Percentage done:  18.00 %
Accaptance rate on 8901 to 9001 for ϕ: 25.62 %:
Accaptance rate on 8901 to 9001 for σ_ϵ: 26.00 %:
-------------
Percentage done:  18.20 %
Accaptance rate on 9001 to 9101 for ϕ: 27.32 %:
Accaptance rate on 9001 to 9101 for σ_ϵ: 28.00 %:
-------------
Percentage done:  18.40 %
Accaptance rate on 9101 to 9201 for ϕ: 25.75 %:
Accaptance rate on 9101 to 9201 for σ_ϵ: 20.00 %:
-------------
Percentage done:  18.60 %
Accaptance rate on 9201 to 9301 for ϕ: 25.80 %:
Accaptance rate on 9201 to 9301 for σ_ϵ: 25.00 %:
-------------
Percentage done:  18.80 %
Accaptance rate on 9301 to 9401 for ϕ: 27.13 %:
Accaptance rate on 9301 to 9401 for σ_ϵ: 26.00 %:
-------------
Percentage done:  19.00 %
Accaptance rate on 9401 to 9501 for ϕ: 25.52 %:
Accaptance rate on 9401 to 9501 for σ_ϵ: 24.00 %:
-------------
Percentage done:  19.20 %
Accaptance rate on 9501 to 9601 for ϕ: 24.75 %:
Accaptance rate on 9501 to 9601 for σ_ϵ: 29.00 %:
-------------
Percentage done:  19.40 %
Accaptance rate on 9601 to 9701 for ϕ: 25.90 %:
Accaptance rate on 9601 to 9701 for σ_ϵ: 19.00 %:
-------------
Percentage done:  19.60 %
Accaptance rate on 9701 to 9801 for ϕ: 24.90 %:
Accaptance rate on 9701 to 9801 for σ_ϵ: 24.00 %:
-------------
Percentage done:  19.80 %
Accaptance rate on 9801 to 9901 for ϕ: 22.95 %:
Accaptance rate on 9801 to 9901 for σ_ϵ: 18.00 %:
-------------
Percentage done:  20.00 %
Accaptance rate on 9901 to 10001 for ϕ: 24.65 %:
Accaptance rate on 9901 to 10001 for σ_ϵ: 24.00 %:
-------------
Percentage done:  20.20 %
Accaptance rate on 10001 to 10101 for ϕ: 23.57 %:
Accaptance rate on 10001 to 10101 for σ_ϵ: 23.00 %:
-------------
Percentage done:  20.40 %
Accaptance rate on 10101 to 10201 for ϕ: 26.05 %:
Accaptance rate on 10101 to 10201 for σ_ϵ: 36.00 %:
-------------
Percentage done:  20.60 %
Accaptance rate on 10201 to 10301 for ϕ: 26.07 %:
Accaptance rate on 10201 to 10301 for σ_ϵ: 36.00 %:
-------------
Percentage done:  20.80 %
Accaptance rate on 10301 to 10401 for ϕ: 23.08 %:
Accaptance rate on 10301 to 10401 for σ_ϵ: 31.00 %:
-------------
Percentage done:  21.00 %
Accaptance rate on 10401 to 10501 for ϕ: 23.63 %:
Accaptance rate on 10401 to 10501 for σ_ϵ: 20.00 %:
-------------
Percentage done:  21.20 %
Accaptance rate on 10501 to 10601 for ϕ: 24.88 %:
Accaptance rate on 10501 to 10601 for σ_ϵ: 32.00 %:
-------------
Percentage done:  21.40 %
Accaptance rate on 10601 to 10701 for ϕ: 26.27 %:
Accaptance rate on 10601 to 10701 for σ_ϵ: 27.00 %:
-------------
Percentage done:  21.60 %
Accaptance rate on 10701 to 10801 for ϕ: 24.57 %:
Accaptance rate on 10701 to 10801 for σ_ϵ: 15.00 %:
-------------
Percentage done:  21.80 %
Accaptance rate on 10801 to 10901 for ϕ: 23.63 %:
Accaptance rate on 10801 to 10901 for σ_ϵ: 25.00 %:
-------------
Percentage done:  22.00 %
Accaptance rate on 10901 to 11001 for ϕ: 24.18 %:
Accaptance rate on 10901 to 11001 for σ_ϵ: 26.00 %:
-------------
Percentage done:  22.20 %
Accaptance rate on 11001 to 11101 for ϕ: 24.32 %:
Accaptance rate on 11001 to 11101 for σ_ϵ: 22.00 %:
-------------
Percentage done:  22.40 %
Accaptance rate on 11101 to 11201 for ϕ: 25.07 %:
Accaptance rate on 11101 to 11201 for σ_ϵ: 30.00 %:
-------------
Percentage done:  22.60 %
Accaptance rate on 11201 to 11301 for ϕ: 24.35 %:
Accaptance rate on 11201 to 11301 for σ_ϵ: 31.00 %:
-------------
Percentage done:  22.80 %
Accaptance rate on 11301 to 11401 for ϕ: 25.22 %:
Accaptance rate on 11301 to 11401 for σ_ϵ: 20.00 %:
-------------
Percentage done:  23.00 %
Accaptance rate on 11401 to 11501 for ϕ: 24.65 %:
Accaptance rate on 11401 to 11501 for σ_ϵ: 33.00 %:
-------------
Percentage done:  23.20 %
Accaptance rate on 11501 to 11601 for ϕ: 25.45 %:
Accaptance rate on 11501 to 11601 for σ_ϵ: 39.00 %:
-------------
Percentage done:  23.40 %
Accaptance rate on 11601 to 11701 for ϕ: 28.68 %:
Accaptance rate on 11601 to 11701 for σ_ϵ: 26.00 %:
-------------
Percentage done:  23.60 %
Accaptance rate on 11701 to 11801 for ϕ: 25.95 %:
Accaptance rate on 11701 to 11801 for σ_ϵ: 25.00 %:
-------------
Percentage done:  23.80 %
Accaptance rate on 11801 to 11901 for ϕ: 25.77 %:
Accaptance rate on 11801 to 11901 for σ_ϵ: 37.00 %:
-------------
Percentage done:  24.00 %
Accaptance rate on 11901 to 12001 for ϕ: 25.85 %:
Accaptance rate on 11901 to 12001 for σ_ϵ: 26.00 %:
-------------
Percentage done:  24.20 %
Accaptance rate on 12001 to 12101 for ϕ: 26.35 %:
Accaptance rate on 12001 to 12101 for σ_ϵ: 21.00 %:
-------------
Percentage done:  24.40 %
Accaptance rate on 12101 to 12201 for ϕ: 26.60 %:
Accaptance rate on 12101 to 12201 for σ_ϵ: 23.00 %:
-------------
Percentage done:  24.60 %
Accaptance rate on 12201 to 12301 for ϕ: 24.13 %:
Accaptance rate on 12201 to 12301 for σ_ϵ: 26.00 %:
-------------
Percentage done:  24.80 %
Accaptance rate on 12301 to 12401 for ϕ: 24.70 %:
Accaptance rate on 12301 to 12401 for σ_ϵ: 30.00 %:
-------------
Percentage done:  25.00 %
Accaptance rate on 12401 to 12501 for ϕ: 24.98 %:
Accaptance rate on 12401 to 12501 for σ_ϵ: 23.00 %:
-------------
Percentage done:  25.20 %
Accaptance rate on 12501 to 12601 for ϕ: 24.30 %:
Accaptance rate on 12501 to 12601 for σ_ϵ: 29.00 %:
-------------
Percentage done:  25.40 %
Accaptance rate on 12601 to 12701 for ϕ: 25.37 %:
Accaptance rate on 12601 to 12701 for σ_ϵ: 34.00 %:
-------------
Percentage done:  25.60 %
Accaptance rate on 12701 to 12801 for ϕ: 24.70 %:
Accaptance rate on 12701 to 12801 for σ_ϵ: 19.00 %:
-------------
Percentage done:  25.80 %
Accaptance rate on 12801 to 12901 for ϕ: 24.98 %:
Accaptance rate on 12801 to 12901 for σ_ϵ: 29.00 %:
-------------
Percentage done:  26.00 %
Accaptance rate on 12901 to 13001 for ϕ: 25.82 %:
Accaptance rate on 12901 to 13001 for σ_ϵ: 21.00 %:
-------------
Percentage done:  26.20 %
Accaptance rate on 13001 to 13101 for ϕ: 25.52 %:
Accaptance rate on 13001 to 13101 for σ_ϵ: 21.00 %:
-------------
Percentage done:  26.40 %
Accaptance rate on 13101 to 13201 for ϕ: 23.25 %:
Accaptance rate on 13101 to 13201 for σ_ϵ: 32.00 %:
-------------
Percentage done:  26.60 %
Accaptance rate on 13201 to 13301 for ϕ: 26.10 %:
Accaptance rate on 13201 to 13301 for σ_ϵ: 17.00 %:
-------------
Percentage done:  26.80 %
Accaptance rate on 13301 to 13401 for ϕ: 26.02 %:
Accaptance rate on 13301 to 13401 for σ_ϵ: 19.00 %:
-------------
Percentage done:  27.00 %
Accaptance rate on 13401 to 13501 for ϕ: 26.20 %:
Accaptance rate on 13401 to 13501 for σ_ϵ: 18.00 %:
-------------
Percentage done:  27.20 %
Accaptance rate on 13501 to 13601 for ϕ: 25.77 %:
Accaptance rate on 13501 to 13601 for σ_ϵ: 25.00 %:
-------------
Percentage done:  27.40 %
Accaptance rate on 13601 to 13701 for ϕ: 26.50 %:
Accaptance rate on 13601 to 13701 for σ_ϵ: 24.00 %:
-------------
Percentage done:  27.60 %
Accaptance rate on 13701 to 13801 for ϕ: 26.60 %:
Accaptance rate on 13701 to 13801 for σ_ϵ: 26.00 %:
-------------
Percentage done:  27.80 %
Accaptance rate on 13801 to 13901 for ϕ: 26.82 %:
Accaptance rate on 13801 to 13901 for σ_ϵ: 21.00 %:
-------------
Percentage done:  28.00 %
Accaptance rate on 13901 to 14001 for ϕ: 24.13 %:
Accaptance rate on 13901 to 14001 for σ_ϵ: 19.00 %:
-------------
Percentage done:  28.20 %
Accaptance rate on 14001 to 14101 for ϕ: 24.15 %:
Accaptance rate on 14001 to 14101 for σ_ϵ: 23.00 %:
-------------
Percentage done:  28.40 %
Accaptance rate on 14101 to 14201 for ϕ: 25.77 %:
Accaptance rate on 14101 to 14201 for σ_ϵ: 22.00 %:
-------------
Percentage done:  28.60 %
Accaptance rate on 14201 to 14301 for ϕ: 24.88 %:
Accaptance rate on 14201 to 14301 for σ_ϵ: 34.00 %:
-------------
Percentage done:  28.80 %
Accaptance rate on 14301 to 14401 for ϕ: 26.60 %:
Accaptance rate on 14301 to 14401 for σ_ϵ: 17.00 %:
-------------
Percentage done:  29.00 %
Accaptance rate on 14401 to 14501 for ϕ: 24.52 %:
Accaptance rate on 14401 to 14501 for σ_ϵ: 20.00 %:
-------------
Percentage done:  29.20 %
Accaptance rate on 14501 to 14601 for ϕ: 24.55 %:
Accaptance rate on 14501 to 14601 for σ_ϵ: 19.00 %:
-------------
Percentage done:  29.40 %
Accaptance rate on 14601 to 14701 for ϕ: 25.12 %:
Accaptance rate on 14601 to 14701 for σ_ϵ: 30.00 %:
-------------
Percentage done:  29.60 %
Accaptance rate on 14701 to 14801 for ϕ: 26.32 %:
Accaptance rate on 14701 to 14801 for σ_ϵ: 23.00 %:
-------------
Percentage done:  29.80 %
Accaptance rate on 14801 to 14901 for ϕ: 25.45 %:
Accaptance rate on 14801 to 14901 for σ_ϵ: 19.00 %:
-------------
Percentage done:  30.00 %
Accaptance rate on 14901 to 15001 for ϕ: 21.45 %:
Accaptance rate on 14901 to 15001 for σ_ϵ: 12.00 %:
-------------
Percentage done:  30.20 %
Accaptance rate on 15001 to 15101 for ϕ: 22.98 %:
Accaptance rate on 15001 to 15101 for σ_ϵ: 19.00 %:
-------------
Percentage done:  30.40 %
Accaptance rate on 15101 to 15201 for ϕ: 23.38 %:
Accaptance rate on 15101 to 15201 for σ_ϵ: 28.00 %:
-------------
Percentage done:  30.60 %
Accaptance rate on 15201 to 15301 for ϕ: 21.93 %:
Accaptance rate on 15201 to 15301 for σ_ϵ: 18.00 %:
-------------
Percentage done:  30.80 %
Accaptance rate on 15301 to 15401 for ϕ: 24.30 %:
Accaptance rate on 15301 to 15401 for σ_ϵ: 29.00 %:
-------------
Percentage done:  31.00 %
Accaptance rate on 15401 to 15501 for ϕ: 24.18 %:
Accaptance rate on 15401 to 15501 for σ_ϵ: 22.00 %:
-------------
Percentage done:  31.20 %
Accaptance rate on 15501 to 15601 for ϕ: 26.88 %:
Accaptance rate on 15501 to 15601 for σ_ϵ: 32.00 %:
-------------
Percentage done:  31.40 %
Accaptance rate on 15601 to 15701 for ϕ: 23.20 %:
Accaptance rate on 15601 to 15701 for σ_ϵ: 30.00 %:
-------------
Percentage done:  31.60 %
Accaptance rate on 15701 to 15801 for ϕ: 25.77 %:
Accaptance rate on 15701 to 15801 for σ_ϵ: 29.00 %:
-------------
Percentage done:  31.80 %
Accaptance rate on 15801 to 15901 for ϕ: 27.93 %:
Accaptance rate on 15801 to 15901 for σ_ϵ: 28.00 %:
-------------
Percentage done:  32.00 %
Accaptance rate on 15901 to 16001 for ϕ: 25.37 %:
Accaptance rate on 15901 to 16001 for σ_ϵ: 19.00 %:
-------------
Percentage done:  32.20 %
Accaptance rate on 16001 to 16101 for ϕ: 23.77 %:
Accaptance rate on 16001 to 16101 for σ_ϵ: 19.00 %:
-------------
Percentage done:  32.40 %
Accaptance rate on 16101 to 16201 for ϕ: 21.25 %:
Accaptance rate on 16101 to 16201 for σ_ϵ: 14.00 %:
-------------
Percentage done:  32.60 %
Accaptance rate on 16201 to 16301 for ϕ: 23.20 %:
Accaptance rate on 16201 to 16301 for σ_ϵ: 22.00 %:
-------------
Percentage done:  32.80 %
Accaptance rate on 16301 to 16401 for ϕ: 24.63 %:
Accaptance rate on 16301 to 16401 for σ_ϵ: 24.00 %:
-------------
Percentage done:  33.00 %
Accaptance rate on 16401 to 16501 for ϕ: 22.57 %:
Accaptance rate on 16401 to 16501 for σ_ϵ: 20.00 %:
-------------
Percentage done:  33.20 %
Accaptance rate on 16501 to 16601 for ϕ: 24.27 %:
Accaptance rate on 16501 to 16601 for σ_ϵ: 17.00 %:
-------------
Percentage done:  33.40 %
Accaptance rate on 16601 to 16701 for ϕ: 25.80 %:
Accaptance rate on 16601 to 16701 for σ_ϵ: 19.00 %:
-------------
Percentage done:  33.60 %
Accaptance rate on 16701 to 16801 for ϕ: 26.22 %:
Accaptance rate on 16701 to 16801 for σ_ϵ: 27.00 %:
-------------
Percentage done:  33.80 %
Accaptance rate on 16801 to 16901 for ϕ: 24.07 %:
Accaptance rate on 16801 to 16901 for σ_ϵ: 28.00 %:
-------------
Percentage done:  34.00 %
Accaptance rate on 16901 to 17001 for ϕ: 24.05 %:
Accaptance rate on 16901 to 17001 for σ_ϵ: 30.00 %:
-------------
Percentage done:  34.20 %
Accaptance rate on 17001 to 17101 for ϕ: 25.90 %:
Accaptance rate on 17001 to 17101 for σ_ϵ: 24.00 %:
-------------
Percentage done:  34.40 %
Accaptance rate on 17101 to 17201 for ϕ: 23.23 %:
Accaptance rate on 17101 to 17201 for σ_ϵ: 27.00 %:
-------------
Percentage done:  34.60 %
Accaptance rate on 17201 to 17301 for ϕ: 27.13 %:
Accaptance rate on 17201 to 17301 for σ_ϵ: 31.00 %:
-------------
Percentage done:  34.80 %
Accaptance rate on 17301 to 17401 for ϕ: 23.97 %:
Accaptance rate on 17301 to 17401 for σ_ϵ: 17.00 %:
-------------
Percentage done:  35.00 %
Accaptance rate on 17401 to 17501 for ϕ: 25.12 %:
Accaptance rate on 17401 to 17501 for σ_ϵ: 20.00 %:
-------------
Percentage done:  35.20 %
Accaptance rate on 17501 to 17601 for ϕ: 24.90 %:
Accaptance rate on 17501 to 17601 for σ_ϵ: 29.00 %:
-------------
Percentage done:  35.40 %
Accaptance rate on 17601 to 17701 for ϕ: 23.82 %:
Accaptance rate on 17601 to 17701 for σ_ϵ: 22.00 %:
-------------
Percentage done:  35.60 %
Accaptance rate on 17701 to 17801 for ϕ: 23.18 %:
Accaptance rate on 17701 to 17801 for σ_ϵ: 21.00 %:
-------------
Percentage done:  35.80 %
Accaptance rate on 17801 to 17901 for ϕ: 26.00 %:
Accaptance rate on 17801 to 17901 for σ_ϵ: 21.00 %:
-------------
Percentage done:  36.00 %
Accaptance rate on 17901 to 18001 for ϕ: 24.05 %:
Accaptance rate on 17901 to 18001 for σ_ϵ: 35.00 %:
-------------
Percentage done:  36.20 %
Accaptance rate on 18001 to 18101 for ϕ: 25.12 %:
Accaptance rate on 18001 to 18101 for σ_ϵ: 22.00 %:
-------------
Percentage done:  36.40 %
Accaptance rate on 18101 to 18201 for ϕ: 24.80 %:
Accaptance rate on 18101 to 18201 for σ_ϵ: 28.00 %:
-------------
Percentage done:  36.60 %
Accaptance rate on 18201 to 18301 for ϕ: 24.63 %:
Accaptance rate on 18201 to 18301 for σ_ϵ: 19.00 %:
-------------
Percentage done:  36.80 %
Accaptance rate on 18301 to 18401 for ϕ: 25.62 %:
Accaptance rate on 18301 to 18401 for σ_ϵ: 22.00 %:
-------------
Percentage done:  37.00 %
Accaptance rate on 18401 to 18501 for ϕ: 24.40 %:
Accaptance rate on 18401 to 18501 for σ_ϵ: 29.00 %:
-------------
Percentage done:  37.20 %
Accaptance rate on 18501 to 18601 for ϕ: 24.40 %:
Accaptance rate on 18501 to 18601 for σ_ϵ: 22.00 %:
-------------
Percentage done:  37.40 %
Accaptance rate on 18601 to 18701 for ϕ: 25.65 %:
Accaptance rate on 18601 to 18701 for σ_ϵ: 16.00 %:
-------------
Percentage done:  37.60 %
Accaptance rate on 18701 to 18801 for ϕ: 25.92 %:
Accaptance rate on 18701 to 18801 for σ_ϵ: 29.00 %:
-------------
Percentage done:  37.80 %
Accaptance rate on 18801 to 18901 for ϕ: 25.92 %:
Accaptance rate on 18801 to 18901 for σ_ϵ: 28.00 %:
-------------
Percentage done:  38.00 %
Accaptance rate on 18901 to 19001 for ϕ: 25.37 %:
Accaptance rate on 18901 to 19001 for σ_ϵ: 34.00 %:
-------------
Percentage done:  38.20 %
Accaptance rate on 19001 to 19101 for ϕ: 25.07 %:
Accaptance rate on 19001 to 19101 for σ_ϵ: 26.00 %:
-------------
Percentage done:  38.40 %
Accaptance rate on 19101 to 19201 for ϕ: 24.63 %:
Accaptance rate on 19101 to 19201 for σ_ϵ: 37.00 %:
-------------
Percentage done:  38.60 %
Accaptance rate on 19201 to 19301 for ϕ: 26.65 %:
Accaptance rate on 19201 to 19301 for σ_ϵ: 25.00 %:
-------------
Percentage done:  38.80 %
Accaptance rate on 19301 to 19401 for ϕ: 23.75 %:
Accaptance rate on 19301 to 19401 for σ_ϵ: 25.00 %:
-------------
Percentage done:  39.00 %
Accaptance rate on 19401 to 19501 for ϕ: 25.02 %:
Accaptance rate on 19401 to 19501 for σ_ϵ: 19.00 %:
-------------
Percentage done:  39.20 %
Accaptance rate on 19501 to 19601 for ϕ: 25.50 %:
Accaptance rate on 19501 to 19601 for σ_ϵ: 22.00 %:
-------------
Percentage done:  39.40 %
Accaptance rate on 19601 to 19701 for ϕ: 22.73 %:
Accaptance rate on 19601 to 19701 for σ_ϵ: 24.00 %:
-------------
Percentage done:  39.60 %
Accaptance rate on 19701 to 19801 for ϕ: 24.00 %:
Accaptance rate on 19701 to 19801 for σ_ϵ: 23.00 %:
-------------
Percentage done:  39.80 %
Accaptance rate on 19801 to 19901 for ϕ: 25.97 %:
Accaptance rate on 19801 to 19901 for σ_ϵ: 34.00 %:
-------------
Percentage done:  40.00 %
Accaptance rate on 19901 to 20001 for ϕ: 25.65 %:
Accaptance rate on 19901 to 20001 for σ_ϵ: 20.00 %:
-------------
Percentage done:  40.20 %
Accaptance rate on 20001 to 20101 for ϕ: 24.95 %:
Accaptance rate on 20001 to 20101 for σ_ϵ: 29.00 %:
-------------
Percentage done:  40.40 %
Accaptance rate on 20101 to 20201 for ϕ: 23.72 %:
Accaptance rate on 20101 to 20201 for σ_ϵ: 27.00 %:
-------------
Percentage done:  40.60 %
Accaptance rate on 20201 to 20301 for ϕ: 24.55 %:
Accaptance rate on 20201 to 20301 for σ_ϵ: 14.00 %:
-------------
Percentage done:  40.80 %
Accaptance rate on 20301 to 20401 for ϕ: 27.25 %:
Accaptance rate on 20301 to 20401 for σ_ϵ: 31.00 %:
-------------
Percentage done:  41.00 %
Accaptance rate on 20401 to 20501 for ϕ: 26.85 %:
Accaptance rate on 20401 to 20501 for σ_ϵ: 34.00 %:
-------------
Percentage done:  41.20 %
Accaptance rate on 20501 to 20601 for ϕ: 25.82 %:
Accaptance rate on 20501 to 20601 for σ_ϵ: 23.00 %:
-------------
Percentage done:  41.40 %
Accaptance rate on 20601 to 20701 for ϕ: 25.10 %:
Accaptance rate on 20601 to 20701 for σ_ϵ: 22.00 %:
-------------
Percentage done:  41.60 %
Accaptance rate on 20701 to 20801 for ϕ: 26.45 %:
Accaptance rate on 20701 to 20801 for σ_ϵ: 20.00 %:
-------------
Percentage done:  41.80 %
Accaptance rate on 20801 to 20901 for ϕ: 26.22 %:
Accaptance rate on 20801 to 20901 for σ_ϵ: 26.00 %:
-------------
Percentage done:  42.00 %
Accaptance rate on 20901 to 21001 for ϕ: 27.38 %:
Accaptance rate on 20901 to 21001 for σ_ϵ: 27.00 %:
-------------
Percentage done:  42.20 %
Accaptance rate on 21001 to 21101 for ϕ: 27.00 %:
Accaptance rate on 21001 to 21101 for σ_ϵ: 22.00 %:
-------------
Percentage done:  42.40 %
Accaptance rate on 21101 to 21201 for ϕ: 25.62 %:
Accaptance rate on 21101 to 21201 for σ_ϵ: 15.00 %:
-------------
Percentage done:  42.60 %
Accaptance rate on 21201 to 21301 for ϕ: 27.85 %:
Accaptance rate on 21201 to 21301 for σ_ϵ: 27.00 %:
-------------
Percentage done:  42.80 %
Accaptance rate on 21301 to 21401 for ϕ: 28.40 %:
Accaptance rate on 21301 to 21401 for σ_ϵ: 26.00 %:
-------------
Percentage done:  43.00 %
Accaptance rate on 21401 to 21501 for ϕ: 27.85 %:
Accaptance rate on 21401 to 21501 for σ_ϵ: 22.00 %:
-------------
Percentage done:  43.20 %
Accaptance rate on 21501 to 21601 for ϕ: 25.40 %:
Accaptance rate on 21501 to 21601 for σ_ϵ: 22.00 %:
-------------
Percentage done:  43.40 %
Accaptance rate on 21601 to 21701 for ϕ: 25.42 %:
Accaptance rate on 21601 to 21701 for σ_ϵ: 21.00 %:
-------------
Percentage done:  43.60 %
Accaptance rate on 21701 to 21801 for ϕ: 26.02 %:
Accaptance rate on 21701 to 21801 for σ_ϵ: 26.00 %:
-------------
Percentage done:  43.80 %
Accaptance rate on 21801 to 21901 for ϕ: 25.67 %:
Accaptance rate on 21801 to 21901 for σ_ϵ: 27.00 %:
-------------
Percentage done:  44.00 %
Accaptance rate on 21901 to 22001 for ϕ: 25.70 %:
Accaptance rate on 21901 to 22001 for σ_ϵ: 31.00 %:
-------------
Percentage done:  44.20 %
Accaptance rate on 22001 to 22101 for ϕ: 27.00 %:
Accaptance rate on 22001 to 22101 for σ_ϵ: 25.00 %:
-------------
Percentage done:  44.40 %
Accaptance rate on 22101 to 22201 for ϕ: 26.20 %:
Accaptance rate on 22101 to 22201 for σ_ϵ: 29.00 %:
-------------
Percentage done:  44.60 %
Accaptance rate on 22201 to 22301 for ϕ: 26.17 %:
Accaptance rate on 22201 to 22301 for σ_ϵ: 33.00 %:
-------------
Percentage done:  44.80 %
Accaptance rate on 22301 to 22401 for ϕ: 27.45 %:
Accaptance rate on 22301 to 22401 for σ_ϵ: 29.00 %:
-------------
Percentage done:  45.00 %
Accaptance rate on 22401 to 22501 for ϕ: 27.50 %:
Accaptance rate on 22401 to 22501 for σ_ϵ: 28.00 %:
-------------
Percentage done:  45.20 %
Accaptance rate on 22501 to 22601 for ϕ: 26.88 %:
Accaptance rate on 22501 to 22601 for σ_ϵ: 36.00 %:
-------------
Percentage done:  45.40 %
Accaptance rate on 22601 to 22701 for ϕ: 27.15 %:
Accaptance rate on 22601 to 22701 for σ_ϵ: 23.00 %:
-------------
Percentage done:  45.60 %
Accaptance rate on 22701 to 22801 for ϕ: 25.92 %:
Accaptance rate on 22701 to 22801 for σ_ϵ: 18.00 %:
-------------
Percentage done:  45.80 %
Accaptance rate on 22801 to 22901 for ϕ: 22.45 %:
Accaptance rate on 22801 to 22901 for σ_ϵ: 29.00 %:
-------------
Percentage done:  46.00 %
Accaptance rate on 22901 to 23001 for ϕ: 24.60 %:
Accaptance rate on 22901 to 23001 for σ_ϵ: 33.00 %:
-------------
Percentage done:  46.20 %
Accaptance rate on 23001 to 23101 for ϕ: 24.95 %:
Accaptance rate on 23001 to 23101 for σ_ϵ: 31.00 %:
-------------
Percentage done:  46.40 %
Accaptance rate on 23101 to 23201 for ϕ: 25.75 %:
Accaptance rate on 23101 to 23201 for σ_ϵ: 29.00 %:
-------------
Percentage done:  46.60 %
Accaptance rate on 23201 to 23301 for ϕ: 26.38 %:
Accaptance rate on 23201 to 23301 for σ_ϵ: 24.00 %:
-------------
Percentage done:  46.80 %
Accaptance rate on 23301 to 23401 for ϕ: 24.18 %:
Accaptance rate on 23301 to 23401 for σ_ϵ: 9.00 %:
-------------
Percentage done:  47.00 %
Accaptance rate on 23401 to 23501 for ϕ: 25.30 %:
Accaptance rate on 23401 to 23501 for σ_ϵ: 19.00 %:
-------------
Percentage done:  47.20 %
Accaptance rate on 23501 to 23601 for ϕ: 22.30 %:
Accaptance rate on 23501 to 23601 for σ_ϵ: 28.00 %:
-------------
Percentage done:  47.40 %
Accaptance rate on 23601 to 23701 for ϕ: 23.38 %:
Accaptance rate on 23601 to 23701 for σ_ϵ: 20.00 %:
-------------
Percentage done:  47.60 %
Accaptance rate on 23701 to 23801 for ϕ: 25.77 %:
Accaptance rate on 23701 to 23801 for σ_ϵ: 12.00 %:
-------------
Percentage done:  47.80 %
Accaptance rate on 23801 to 23901 for ϕ: 24.57 %:
Accaptance rate on 23801 to 23901 for σ_ϵ: 19.00 %:
-------------
Percentage done:  48.00 %
Accaptance rate on 23901 to 24001 for ϕ: 24.20 %:
Accaptance rate on 23901 to 24001 for σ_ϵ: 25.00 %:
-------------
Percentage done:  48.20 %
Accaptance rate on 24001 to 24101 for ϕ: 25.80 %:
Accaptance rate on 24001 to 24101 for σ_ϵ: 27.00 %:
-------------
Percentage done:  48.40 %
Accaptance rate on 24101 to 24201 for ϕ: 24.52 %:
Accaptance rate on 24101 to 24201 for σ_ϵ: 25.00 %:
-------------
Percentage done:  48.60 %
Accaptance rate on 24201 to 24301 for ϕ: 24.95 %:
Accaptance rate on 24201 to 24301 for σ_ϵ: 26.00 %:
-------------
Percentage done:  48.80 %
Accaptance rate on 24301 to 24401 for ϕ: 24.40 %:
Accaptance rate on 24301 to 24401 for σ_ϵ: 27.00 %:
-------------
Percentage done:  49.00 %
Accaptance rate on 24401 to 24501 for ϕ: 24.77 %:
Accaptance rate on 24401 to 24501 for σ_ϵ: 26.00 %:
-------------
Percentage done:  49.20 %
Accaptance rate on 24501 to 24601 for ϕ: 26.15 %:
Accaptance rate on 24501 to 24601 for σ_ϵ: 29.00 %:
-------------
Percentage done:  49.40 %
Accaptance rate on 24601 to 24701 for ϕ: 23.97 %:
Accaptance rate on 24601 to 24701 for σ_ϵ: 25.00 %:
-------------
Percentage done:  49.60 %
Accaptance rate on 24701 to 24801 for ϕ: 24.45 %:
Accaptance rate on 24701 to 24801 for σ_ϵ: 25.00 %:
-------------
Percentage done:  49.80 %
Accaptance rate on 24801 to 24901 for ϕ: 23.55 %:
Accaptance rate on 24801 to 24901 for σ_ϵ: 15.00 %:
-------------
Percentage done:  50.00 %
Accaptance rate on 24901 to 25001 for ϕ: 24.32 %:
Accaptance rate on 24901 to 25001 for σ_ϵ: 29.00 %:
-------------
Percentage done:  50.20 %
Accaptance rate on 25001 to 25101 for ϕ: 24.80 %:
Accaptance rate on 25001 to 25101 for σ_ϵ: 24.00 %:
-------------
Percentage done:  50.40 %
Accaptance rate on 25101 to 25201 for ϕ: 26.60 %:
Accaptance rate on 25101 to 25201 for σ_ϵ: 32.00 %:
-------------
Percentage done:  50.60 %
Accaptance rate on 25201 to 25301 for ϕ: 26.63 %:
Accaptance rate on 25201 to 25301 for σ_ϵ: 22.00 %:
-------------
Percentage done:  50.80 %
Accaptance rate on 25301 to 25401 for ϕ: 26.72 %:
Accaptance rate on 25301 to 25401 for σ_ϵ: 32.00 %:
-------------
Percentage done:  51.00 %
Accaptance rate on 25401 to 25501 for ϕ: 25.27 %:
Accaptance rate on 25401 to 25501 for σ_ϵ: 18.00 %:
-------------
Percentage done:  51.20 %
Accaptance rate on 25501 to 25601 for ϕ: 26.90 %:
Accaptance rate on 25501 to 25601 for σ_ϵ: 18.00 %:
-------------
Percentage done:  51.40 %
Accaptance rate on 25601 to 25701 for ϕ: 22.90 %:
Accaptance rate on 25601 to 25701 for σ_ϵ: 29.00 %:
-------------
Percentage done:  51.60 %
Accaptance rate on 25701 to 25801 for ϕ: 23.70 %:
Accaptance rate on 25701 to 25801 for σ_ϵ: 22.00 %:
-------------
Percentage done:  51.80 %
Accaptance rate on 25801 to 25901 for ϕ: 25.12 %:
Accaptance rate on 25801 to 25901 for σ_ϵ: 26.00 %:
-------------
Percentage done:  52.00 %
Accaptance rate on 25901 to 26001 for ϕ: 23.77 %:
Accaptance rate on 25901 to 26001 for σ_ϵ: 19.00 %:
-------------
Percentage done:  52.20 %
Accaptance rate on 26001 to 26101 for ϕ: 26.57 %:
Accaptance rate on 26001 to 26101 for σ_ϵ: 34.00 %:
-------------
Percentage done:  52.40 %
Accaptance rate on 26101 to 26201 for ϕ: 24.63 %:
Accaptance rate on 26101 to 26201 for σ_ϵ: 27.00 %:
-------------
Percentage done:  52.60 %
Accaptance rate on 26201 to 26301 for ϕ: 26.10 %:
Accaptance rate on 26201 to 26301 for σ_ϵ: 25.00 %:
-------------
Percentage done:  52.80 %
Accaptance rate on 26301 to 26401 for ϕ: 25.42 %:
Accaptance rate on 26301 to 26401 for σ_ϵ: 21.00 %:
-------------
Percentage done:  53.00 %
Accaptance rate on 26401 to 26501 for ϕ: 28.13 %:
Accaptance rate on 26401 to 26501 for σ_ϵ: 17.00 %:
-------------
Percentage done:  53.20 %
Accaptance rate on 26501 to 26601 for ϕ: 26.42 %:
Accaptance rate on 26501 to 26601 for σ_ϵ: 21.00 %:
-------------
Percentage done:  53.40 %
Accaptance rate on 26601 to 26701 for ϕ: 26.72 %:
Accaptance rate on 26601 to 26701 for σ_ϵ: 34.00 %:
-------------
Percentage done:  53.60 %
Accaptance rate on 26701 to 26801 for ϕ: 27.02 %:
Accaptance rate on 26701 to 26801 for σ_ϵ: 23.00 %:
-------------
Percentage done:  53.80 %
Accaptance rate on 26801 to 26901 for ϕ: 27.68 %:
Accaptance rate on 26801 to 26901 for σ_ϵ: 32.00 %:
-------------
Percentage done:  54.00 %
Accaptance rate on 26901 to 27001 for ϕ: 25.35 %:
Accaptance rate on 26901 to 27001 for σ_ϵ: 26.00 %:
-------------
Percentage done:  54.20 %
Accaptance rate on 27001 to 27101 for ϕ: 26.95 %:
Accaptance rate on 27001 to 27101 for σ_ϵ: 23.00 %:
-------------
Percentage done:  54.40 %
Accaptance rate on 27101 to 27201 for ϕ: 24.93 %:
Accaptance rate on 27101 to 27201 for σ_ϵ: 27.00 %:
-------------
Percentage done:  54.60 %
Accaptance rate on 27201 to 27301 for ϕ: 26.20 %:
Accaptance rate on 27201 to 27301 for σ_ϵ: 18.00 %:
-------------
Percentage done:  54.80 %
Accaptance rate on 27301 to 27401 for ϕ: 26.55 %:
Accaptance rate on 27301 to 27401 for σ_ϵ: 29.00 %:
-------------
Percentage done:  55.00 %
Accaptance rate on 27401 to 27501 for ϕ: 26.35 %:
Accaptance rate on 27401 to 27501 for σ_ϵ: 25.00 %:
-------------
Percentage done:  55.20 %
Accaptance rate on 27501 to 27601 for ϕ: 24.32 %:
Accaptance rate on 27501 to 27601 for σ_ϵ: 32.00 %:
-------------
Percentage done:  55.40 %
Accaptance rate on 27601 to 27701 for ϕ: 26.10 %:
Accaptance rate on 27601 to 27701 for σ_ϵ: 21.00 %:
-------------
Percentage done:  55.60 %
Accaptance rate on 27701 to 27801 for ϕ: 24.98 %:
Accaptance rate on 27701 to 27801 for σ_ϵ: 22.00 %:
-------------
Percentage done:  55.80 %
Accaptance rate on 27801 to 27901 for ϕ: 24.50 %:
Accaptance rate on 27801 to 27901 for σ_ϵ: 35.00 %:
-------------
Percentage done:  56.00 %
Accaptance rate on 27901 to 28001 for ϕ: 26.52 %:
Accaptance rate on 27901 to 28001 for σ_ϵ: 25.00 %:
-------------
Percentage done:  56.20 %
Accaptance rate on 28001 to 28101 for ϕ: 25.85 %:
Accaptance rate on 28001 to 28101 for σ_ϵ: 32.00 %:
-------------
Percentage done:  56.40 %
Accaptance rate on 28101 to 28201 for ϕ: 26.02 %:
Accaptance rate on 28101 to 28201 for σ_ϵ: 18.00 %:
-------------
Percentage done:  56.60 %
Accaptance rate on 28201 to 28301 for ϕ: 26.40 %:
Accaptance rate on 28201 to 28301 for σ_ϵ: 22.00 %:
-------------
Percentage done:  56.80 %
Accaptance rate on 28301 to 28401 for ϕ: 28.23 %:
Accaptance rate on 28301 to 28401 for σ_ϵ: 30.00 %:
-------------
Percentage done:  57.00 %
Accaptance rate on 28401 to 28501 for ϕ: 27.88 %:
Accaptance rate on 28401 to 28501 for σ_ϵ: 18.00 %:
-------------
Percentage done:  57.20 %
Accaptance rate on 28501 to 28601 for ϕ: 25.05 %:
Accaptance rate on 28501 to 28601 for σ_ϵ: 28.00 %:
-------------
Percentage done:  57.40 %
Accaptance rate on 28601 to 28701 for ϕ: 24.45 %:
Accaptance rate on 28601 to 28701 for σ_ϵ: 25.00 %:
-------------
Percentage done:  57.60 %
Accaptance rate on 28701 to 28801 for ϕ: 25.97 %:
Accaptance rate on 28701 to 28801 for σ_ϵ: 19.00 %:
-------------
Percentage done:  57.80 %
Accaptance rate on 28801 to 28901 for ϕ: 26.60 %:
Accaptance rate on 28801 to 28901 for σ_ϵ: 28.00 %:
-------------
Percentage done:  58.00 %
Accaptance rate on 28901 to 29001 for ϕ: 23.67 %:
Accaptance rate on 28901 to 29001 for σ_ϵ: 30.00 %:
-------------
Percentage done:  58.20 %
Accaptance rate on 29001 to 29101 for ϕ: 25.65 %:
Accaptance rate on 29001 to 29101 for σ_ϵ: 32.00 %:
-------------
Percentage done:  58.40 %
Accaptance rate on 29101 to 29201 for ϕ: 24.32 %:
Accaptance rate on 29101 to 29201 for σ_ϵ: 30.00 %:
-------------
Percentage done:  58.60 %
Accaptance rate on 29201 to 29301 for ϕ: 23.30 %:
Accaptance rate on 29201 to 29301 for σ_ϵ: 22.00 %:
-------------
Percentage done:  58.80 %
Accaptance rate on 29301 to 29401 for ϕ: 26.77 %:
Accaptance rate on 29301 to 29401 for σ_ϵ: 23.00 %:
-------------
Percentage done:  59.00 %
Accaptance rate on 29401 to 29501 for ϕ: 22.18 %:
Accaptance rate on 29401 to 29501 for σ_ϵ: 33.00 %:
-------------
Percentage done:  59.20 %
Accaptance rate on 29501 to 29601 for ϕ: 22.75 %:
Accaptance rate on 29501 to 29601 for σ_ϵ: 25.00 %:
-------------
Percentage done:  59.40 %
Accaptance rate on 29601 to 29701 for ϕ: 22.48 %:
Accaptance rate on 29601 to 29701 for σ_ϵ: 27.00 %:
-------------
Percentage done:  59.60 %
Accaptance rate on 29701 to 29801 for ϕ: 25.10 %:
Accaptance rate on 29701 to 29801 for σ_ϵ: 33.00 %:
-------------
Percentage done:  59.80 %
Accaptance rate on 29801 to 29901 for ϕ: 23.52 %:
Accaptance rate on 29801 to 29901 for σ_ϵ: 16.00 %:
-------------
Percentage done:  60.00 %
Accaptance rate on 29901 to 30001 for ϕ: 25.72 %:
Accaptance rate on 29901 to 30001 for σ_ϵ: 17.00 %:
-------------
Percentage done:  60.20 %
Accaptance rate on 30001 to 30101 for ϕ: 24.82 %:
Accaptance rate on 30001 to 30101 for σ_ϵ: 26.00 %:
-------------
Percentage done:  60.40 %
Accaptance rate on 30101 to 30201 for ϕ: 25.20 %:
Accaptance rate on 30101 to 30201 for σ_ϵ: 32.00 %:
-------------
Percentage done:  60.60 %
Accaptance rate on 30201 to 30301 for ϕ: 25.22 %:
Accaptance rate on 30201 to 30301 for σ_ϵ: 25.00 %:
-------------
Percentage done:  60.80 %
Accaptance rate on 30301 to 30401 for ϕ: 25.20 %:
Accaptance rate on 30301 to 30401 for σ_ϵ: 21.00 %:
-------------
Percentage done:  61.00 %
Accaptance rate on 30401 to 30501 for ϕ: 24.80 %:
Accaptance rate on 30401 to 30501 for σ_ϵ: 24.00 %:
-------------
Percentage done:  61.20 %
Accaptance rate on 30501 to 30601 for ϕ: 23.25 %:
Accaptance rate on 30501 to 30601 for σ_ϵ: 16.00 %:
-------------
Percentage done:  61.40 %
Accaptance rate on 30601 to 30701 for ϕ: 24.80 %:
Accaptance rate on 30601 to 30701 for σ_ϵ: 25.00 %:
-------------
Percentage done:  61.60 %
Accaptance rate on 30701 to 30801 for ϕ: 24.30 %:
Accaptance rate on 30701 to 30801 for σ_ϵ: 18.00 %:
-------------
Percentage done:  61.80 %
Accaptance rate on 30801 to 30901 for ϕ: 24.45 %:
Accaptance rate on 30801 to 30901 for σ_ϵ: 19.00 %:
-------------
Percentage done:  62.00 %
Accaptance rate on 30901 to 31001 for ϕ: 22.60 %:
Accaptance rate on 30901 to 31001 for σ_ϵ: 23.00 %:
-------------
Percentage done:  62.20 %
Accaptance rate on 31001 to 31101 for ϕ: 23.60 %:
Accaptance rate on 31001 to 31101 for σ_ϵ: 32.00 %:
-------------
Percentage done:  62.40 %
Accaptance rate on 31101 to 31201 for ϕ: 24.85 %:
Accaptance rate on 31101 to 31201 for σ_ϵ: 16.00 %:
-------------
Percentage done:  62.60 %
Accaptance rate on 31201 to 31301 for ϕ: 25.15 %:
Accaptance rate on 31201 to 31301 for σ_ϵ: 31.00 %:
-------------
Percentage done:  62.80 %
Accaptance rate on 31301 to 31401 for ϕ: 23.85 %:
Accaptance rate on 31301 to 31401 for σ_ϵ: 20.00 %:
-------------
Percentage done:  63.00 %
Accaptance rate on 31401 to 31501 for ϕ: 24.00 %:
Accaptance rate on 31401 to 31501 for σ_ϵ: 32.00 %:
-------------
Percentage done:  63.20 %
Accaptance rate on 31501 to 31601 for ϕ: 25.17 %:
Accaptance rate on 31501 to 31601 for σ_ϵ: 19.00 %:
-------------
Percentage done:  63.40 %
Accaptance rate on 31601 to 31701 for ϕ: 25.97 %:
Accaptance rate on 31601 to 31701 for σ_ϵ: 27.00 %:
-------------
Percentage done:  63.60 %
Accaptance rate on 31701 to 31801 for ϕ: 23.80 %:
Accaptance rate on 31701 to 31801 for σ_ϵ: 28.00 %:
-------------
Percentage done:  63.80 %
Accaptance rate on 31801 to 31901 for ϕ: 24.52 %:
Accaptance rate on 31801 to 31901 for σ_ϵ: 25.00 %:
-------------
Percentage done:  64.00 %
Accaptance rate on 31901 to 32001 for ϕ: 25.00 %:
Accaptance rate on 31901 to 32001 for σ_ϵ: 28.00 %:
-------------
Percentage done:  64.20 %
Accaptance rate on 32001 to 32101 for ϕ: 26.47 %:
Accaptance rate on 32001 to 32101 for σ_ϵ: 26.00 %:
-------------
Percentage done:  64.40 %
Accaptance rate on 32101 to 32201 for ϕ: 26.22 %:
Accaptance rate on 32101 to 32201 for σ_ϵ: 26.00 %:
-------------
Percentage done:  64.60 %
Accaptance rate on 32201 to 32301 for ϕ: 25.90 %:
Accaptance rate on 32201 to 32301 for σ_ϵ: 25.00 %:
-------------
Percentage done:  64.80 %
Accaptance rate on 32301 to 32401 for ϕ: 27.57 %:
Accaptance rate on 32301 to 32401 for σ_ϵ: 34.00 %:
-------------
Percentage done:  65.00 %
Accaptance rate on 32401 to 32501 for ϕ: 24.75 %:
Accaptance rate on 32401 to 32501 for σ_ϵ: 35.00 %:
-------------
Percentage done:  65.20 %
Accaptance rate on 32501 to 32601 for ϕ: 23.52 %:
Accaptance rate on 32501 to 32601 for σ_ϵ: 34.00 %:
-------------
Percentage done:  65.40 %
Accaptance rate on 32601 to 32701 for ϕ: 23.33 %:
Accaptance rate on 32601 to 32701 for σ_ϵ: 20.00 %:
-------------
Percentage done:  65.60 %
Accaptance rate on 32701 to 32801 for ϕ: 26.50 %:
Accaptance rate on 32701 to 32801 for σ_ϵ: 36.00 %:
-------------
Percentage done:  65.80 %
Accaptance rate on 32801 to 32901 for ϕ: 24.60 %:
Accaptance rate on 32801 to 32901 for σ_ϵ: 21.00 %:
-------------
Percentage done:  66.00 %
Accaptance rate on 32901 to 33001 for ϕ: 24.18 %:
Accaptance rate on 32901 to 33001 for σ_ϵ: 19.00 %:
-------------
Percentage done:  66.20 %
Accaptance rate on 33001 to 33101 for ϕ: 25.97 %:
Accaptance rate on 33001 to 33101 for σ_ϵ: 30.00 %:
-------------
Percentage done:  66.40 %
Accaptance rate on 33101 to 33201 for ϕ: 27.07 %:
Accaptance rate on 33101 to 33201 for σ_ϵ: 23.00 %:
-------------
Percentage done:  66.60 %
Accaptance rate on 33201 to 33301 for ϕ: 25.45 %:
Accaptance rate on 33201 to 33301 for σ_ϵ: 16.00 %:
-------------
Percentage done:  66.80 %
Accaptance rate on 33301 to 33401 for ϕ: 26.52 %:
Accaptance rate on 33301 to 33401 for σ_ϵ: 31.00 %:
-------------
Percentage done:  67.00 %
Accaptance rate on 33401 to 33501 for ϕ: 25.07 %:
Accaptance rate on 33401 to 33501 for σ_ϵ: 29.00 %:
-------------
Percentage done:  67.20 %
Accaptance rate on 33501 to 33601 for ϕ: 24.38 %:
Accaptance rate on 33501 to 33601 for σ_ϵ: 20.00 %:
-------------
Percentage done:  67.40 %
Accaptance rate on 33601 to 33701 for ϕ: 25.37 %:
Accaptance rate on 33601 to 33701 for σ_ϵ: 30.00 %:
-------------
Percentage done:  67.60 %
Accaptance rate on 33701 to 33801 for ϕ: 24.20 %:
Accaptance rate on 33701 to 33801 for σ_ϵ: 26.00 %:
-------------
Percentage done:  67.80 %
Accaptance rate on 33801 to 33901 for ϕ: 25.57 %:
Accaptance rate on 33801 to 33901 for σ_ϵ: 32.00 %:
-------------
Percentage done:  68.00 %
Accaptance rate on 33901 to 34001 for ϕ: 27.05 %:
Accaptance rate on 33901 to 34001 for σ_ϵ: 28.00 %:
-------------
Percentage done:  68.20 %
Accaptance rate on 34001 to 34101 for ϕ: 25.37 %:
Accaptance rate on 34001 to 34101 for σ_ϵ: 21.00 %:
-------------
Percentage done:  68.40 %
Accaptance rate on 34101 to 34201 for ϕ: 25.60 %:
Accaptance rate on 34101 to 34201 for σ_ϵ: 28.00 %:
-------------
Percentage done:  68.60 %
Accaptance rate on 34201 to 34301 for ϕ: 27.77 %:
Accaptance rate on 34201 to 34301 for σ_ϵ: 22.00 %:
-------------
Percentage done:  68.80 %
Accaptance rate on 34301 to 34401 for ϕ: 25.77 %:
Accaptance rate on 34301 to 34401 for σ_ϵ: 30.00 %:
-------------
Percentage done:  69.00 %
Accaptance rate on 34401 to 34501 for ϕ: 29.05 %:
Accaptance rate on 34401 to 34501 for σ_ϵ: 17.00 %:
-------------
Percentage done:  69.20 %
Accaptance rate on 34501 to 34601 for ϕ: 23.77 %:
Accaptance rate on 34501 to 34601 for σ_ϵ: 24.00 %:
-------------
Percentage done:  69.40 %
Accaptance rate on 34601 to 34701 for ϕ: 24.93 %:
Accaptance rate on 34601 to 34701 for σ_ϵ: 21.00 %:
-------------
Percentage done:  69.60 %
Accaptance rate on 34701 to 34801 for ϕ: 25.95 %:
Accaptance rate on 34701 to 34801 for σ_ϵ: 19.00 %:
-------------
Percentage done:  69.80 %
Accaptance rate on 34801 to 34901 for ϕ: 24.95 %:
Accaptance rate on 34801 to 34901 for σ_ϵ: 28.00 %:
-------------
Percentage done:  70.00 %
Accaptance rate on 34901 to 35001 for ϕ: 24.95 %:
Accaptance rate on 34901 to 35001 for σ_ϵ: 26.00 %:
-------------
Percentage done:  70.20 %
Accaptance rate on 35001 to 35101 for ϕ: 26.63 %:
Accaptance rate on 35001 to 35101 for σ_ϵ: 21.00 %:
-------------
Percentage done:  70.40 %
Accaptance rate on 35101 to 35201 for ϕ: 26.22 %:
Accaptance rate on 35101 to 35201 for σ_ϵ: 24.00 %:
-------------
Percentage done:  70.60 %
Accaptance rate on 35201 to 35301 for ϕ: 26.25 %:
Accaptance rate on 35201 to 35301 for σ_ϵ: 28.00 %:
-------------
Percentage done:  70.80 %
Accaptance rate on 35301 to 35401 for ϕ: 27.13 %:
Accaptance rate on 35301 to 35401 for σ_ϵ: 18.00 %:
-------------
Percentage done:  71.00 %
Accaptance rate on 35401 to 35501 for ϕ: 26.38 %:
Accaptance rate on 35401 to 35501 for σ_ϵ: 19.00 %:
-------------
Percentage done:  71.20 %
Accaptance rate on 35501 to 35601 for ϕ: 23.47 %:
Accaptance rate on 35501 to 35601 for σ_ϵ: 13.00 %:
-------------
Percentage done:  71.40 %
Accaptance rate on 35601 to 35701 for ϕ: 25.77 %:
Accaptance rate on 35601 to 35701 for σ_ϵ: 26.00 %:
-------------
Percentage done:  71.60 %
Accaptance rate on 35701 to 35801 for ϕ: 27.25 %:
Accaptance rate on 35701 to 35801 for σ_ϵ: 23.00 %:
-------------
Percentage done:  71.80 %
Accaptance rate on 35801 to 35901 for ϕ: 24.88 %:
Accaptance rate on 35801 to 35901 for σ_ϵ: 25.00 %:
-------------
Percentage done:  72.00 %
Accaptance rate on 35901 to 36001 for ϕ: 25.62 %:
Accaptance rate on 35901 to 36001 for σ_ϵ: 29.00 %:
-------------
Percentage done:  72.20 %
Accaptance rate on 36001 to 36101 for ϕ: 24.02 %:
Accaptance rate on 36001 to 36101 for σ_ϵ: 22.00 %:
-------------
Percentage done:  72.40 %
Accaptance rate on 36101 to 36201 for ϕ: 26.77 %:
Accaptance rate on 36101 to 36201 for σ_ϵ: 28.00 %:
-------------
Percentage done:  72.60 %
Accaptance rate on 36201 to 36301 for ϕ: 25.37 %:
Accaptance rate on 36201 to 36301 for σ_ϵ: 20.00 %:
-------------
Percentage done:  72.80 %
Accaptance rate on 36301 to 36401 for ϕ: 25.02 %:
Accaptance rate on 36301 to 36401 for σ_ϵ: 27.00 %:
-------------
Percentage done:  73.00 %
Accaptance rate on 36401 to 36501 for ϕ: 26.72 %:
Accaptance rate on 36401 to 36501 for σ_ϵ: 32.00 %:
-------------
Percentage done:  73.20 %
Accaptance rate on 36501 to 36601 for ϕ: 24.52 %:
Accaptance rate on 36501 to 36601 for σ_ϵ: 22.00 %:
-------------
Percentage done:  73.40 %
Accaptance rate on 36601 to 36701 for ϕ: 23.47 %:
Accaptance rate on 36601 to 36701 for σ_ϵ: 24.00 %:
-------------
Percentage done:  73.60 %
Accaptance rate on 36701 to 36801 for ϕ: 24.35 %:
Accaptance rate on 36701 to 36801 for σ_ϵ: 21.00 %:
-------------
Percentage done:  73.80 %
Accaptance rate on 36801 to 36901 for ϕ: 26.00 %:
Accaptance rate on 36801 to 36901 for σ_ϵ: 25.00 %:
-------------
Percentage done:  74.00 %
Accaptance rate on 36901 to 37001 for ϕ: 26.45 %:
Accaptance rate on 36901 to 37001 for σ_ϵ: 28.00 %:
-------------
Percentage done:  74.20 %
Accaptance rate on 37001 to 37101 for ϕ: 26.70 %:
Accaptance rate on 37001 to 37101 for σ_ϵ: 26.00 %:
-------------
Percentage done:  74.40 %
Accaptance rate on 37101 to 37201 for ϕ: 24.18 %:
Accaptance rate on 37101 to 37201 for σ_ϵ: 18.00 %:
-------------
Percentage done:  74.60 %
Accaptance rate on 37201 to 37301 for ϕ: 22.38 %:
Accaptance rate on 37201 to 37301 for σ_ϵ: 24.00 %:
-------------
Percentage done:  74.80 %
Accaptance rate on 37301 to 37401 for ϕ: 24.65 %:
Accaptance rate on 37301 to 37401 for σ_ϵ: 21.00 %:
-------------
Percentage done:  75.00 %
Accaptance rate on 37401 to 37501 for ϕ: 25.87 %:
Accaptance rate on 37401 to 37501 for σ_ϵ: 23.00 %:
-------------
Percentage done:  75.20 %
Accaptance rate on 37501 to 37601 for ϕ: 28.75 %:
Accaptance rate on 37501 to 37601 for σ_ϵ: 30.00 %:
-------------
Percentage done:  75.40 %
Accaptance rate on 37601 to 37701 for ϕ: 27.22 %:
Accaptance rate on 37601 to 37701 for σ_ϵ: 30.00 %:
-------------
Percentage done:  75.60 %
Accaptance rate on 37701 to 37801 for ϕ: 27.10 %:
Accaptance rate on 37701 to 37801 for σ_ϵ: 24.00 %:
-------------
Percentage done:  75.80 %
Accaptance rate on 37801 to 37901 for ϕ: 25.67 %:
Accaptance rate on 37801 to 37901 for σ_ϵ: 23.00 %:
-------------
Percentage done:  76.00 %
Accaptance rate on 37901 to 38001 for ϕ: 25.97 %:
Accaptance rate on 37901 to 38001 for σ_ϵ: 13.00 %:
-------------
Percentage done:  76.20 %
Accaptance rate on 38001 to 38101 for ϕ: 26.60 %:
Accaptance rate on 38001 to 38101 for σ_ϵ: 18.00 %:
-------------
Percentage done:  76.40 %
Accaptance rate on 38101 to 38201 for ϕ: 23.28 %:
Accaptance rate on 38101 to 38201 for σ_ϵ: 25.00 %:
-------------
Percentage done:  76.60 %
Accaptance rate on 38201 to 38301 for ϕ: 24.82 %:
Accaptance rate on 38201 to 38301 for σ_ϵ: 27.00 %:
-------------
Percentage done:  76.80 %
Accaptance rate on 38301 to 38401 for ϕ: 22.75 %:
Accaptance rate on 38301 to 38401 for σ_ϵ: 25.00 %:
-------------
Percentage done:  77.00 %
Accaptance rate on 38401 to 38501 for ϕ: 23.20 %:
Accaptance rate on 38401 to 38501 for σ_ϵ: 26.00 %:
-------------
Percentage done:  77.20 %
Accaptance rate on 38501 to 38601 for ϕ: 24.10 %:
Accaptance rate on 38501 to 38601 for σ_ϵ: 28.00 %:
-------------
Percentage done:  77.40 %
Accaptance rate on 38601 to 38701 for ϕ: 22.55 %:
Accaptance rate on 38601 to 38701 for σ_ϵ: 36.00 %:
-------------
Percentage done:  77.60 %
Accaptance rate on 38701 to 38801 for ϕ: 24.68 %:
Accaptance rate on 38701 to 38801 for σ_ϵ: 23.00 %:
-------------
Percentage done:  77.80 %
Accaptance rate on 38801 to 38901 for ϕ: 25.00 %:
Accaptance rate on 38801 to 38901 for σ_ϵ: 27.00 %:
-------------
Percentage done:  78.00 %
Accaptance rate on 38901 to 39001 for ϕ: 23.93 %:
Accaptance rate on 38901 to 39001 for σ_ϵ: 23.00 %:
-------------
Percentage done:  78.20 %
Accaptance rate on 39001 to 39101 for ϕ: 23.35 %:
Accaptance rate on 39001 to 39101 for σ_ϵ: 14.00 %:
-------------
Percentage done:  78.40 %
Accaptance rate on 39101 to 39201 for ϕ: 25.80 %:
Accaptance rate on 39101 to 39201 for σ_ϵ: 31.00 %:
-------------
Percentage done:  78.60 %
Accaptance rate on 39201 to 39301 for ϕ: 24.80 %:
Accaptance rate on 39201 to 39301 for σ_ϵ: 27.00 %:
-------------
Percentage done:  78.80 %
Accaptance rate on 39301 to 39401 for ϕ: 24.13 %:
Accaptance rate on 39301 to 39401 for σ_ϵ: 10.00 %:
-------------
Percentage done:  79.00 %
Accaptance rate on 39401 to 39501 for ϕ: 25.77 %:
Accaptance rate on 39401 to 39501 for σ_ϵ: 14.00 %:
-------------
Percentage done:  79.20 %
Accaptance rate on 39501 to 39601 for ϕ: 25.02 %:
Accaptance rate on 39501 to 39601 for σ_ϵ: 21.00 %:
-------------
Percentage done:  79.40 %
Accaptance rate on 39601 to 39701 for ϕ: 25.65 %:
Accaptance rate on 39601 to 39701 for σ_ϵ: 23.00 %:
-------------
Percentage done:  79.60 %
Accaptance rate on 39701 to 39801 for ϕ: 26.63 %:
Accaptance rate on 39701 to 39801 for σ_ϵ: 32.00 %:
-------------
Percentage done:  79.80 %
Accaptance rate on 39801 to 39901 for ϕ: 25.60 %:
Accaptance rate on 39801 to 39901 for σ_ϵ: 29.00 %:
-------------
Percentage done:  80.00 %
Accaptance rate on 39901 to 40001 for ϕ: 23.10 %:
Accaptance rate on 39901 to 40001 for σ_ϵ: 33.00 %:
-------------
Percentage done:  80.20 %
Accaptance rate on 40001 to 40101 for ϕ: 25.42 %:
Accaptance rate on 40001 to 40101 for σ_ϵ: 25.00 %:
-------------
Percentage done:  80.40 %
Accaptance rate on 40101 to 40201 for ϕ: 27.65 %:
Accaptance rate on 40101 to 40201 for σ_ϵ: 21.00 %:
-------------
Percentage done:  80.60 %
Accaptance rate on 40201 to 40301 for ϕ: 28.43 %:
Accaptance rate on 40201 to 40301 for σ_ϵ: 23.00 %:
-------------
Percentage done:  80.80 %
Accaptance rate on 40301 to 40401 for ϕ: 25.32 %:
Accaptance rate on 40301 to 40401 for σ_ϵ: 18.00 %:
-------------
Percentage done:  81.00 %
Accaptance rate on 40401 to 40501 for ϕ: 25.17 %:
Accaptance rate on 40401 to 40501 for σ_ϵ: 29.00 %:
-------------
Percentage done:  81.20 %
Accaptance rate on 40501 to 40601 for ϕ: 24.80 %:
Accaptance rate on 40501 to 40601 for σ_ϵ: 26.00 %:
-------------
Percentage done:  81.40 %
Accaptance rate on 40601 to 40701 for ϕ: 26.32 %:
Accaptance rate on 40601 to 40701 for σ_ϵ: 26.00 %:
-------------
Percentage done:  81.60 %
Accaptance rate on 40701 to 40801 for ϕ: 25.35 %:
Accaptance rate on 40701 to 40801 for σ_ϵ: 19.00 %:
-------------
Percentage done:  81.80 %
Accaptance rate on 40801 to 40901 for ϕ: 27.30 %:
Accaptance rate on 40801 to 40901 for σ_ϵ: 24.00 %:
-------------
Percentage done:  82.00 %
Accaptance rate on 40901 to 41001 for ϕ: 28.23 %:
Accaptance rate on 40901 to 41001 for σ_ϵ: 27.00 %:
-------------
Percentage done:  82.20 %
Accaptance rate on 41001 to 41101 for ϕ: 27.13 %:
Accaptance rate on 41001 to 41101 for σ_ϵ: 27.00 %:
-------------
Percentage done:  82.40 %
Accaptance rate on 41101 to 41201 for ϕ: 27.50 %:
Accaptance rate on 41101 to 41201 for σ_ϵ: 27.00 %:
-------------
Percentage done:  82.60 %
Accaptance rate on 41201 to 41301 for ϕ: 25.47 %:
Accaptance rate on 41201 to 41301 for σ_ϵ: 21.00 %:
-------------
Percentage done:  82.80 %
Accaptance rate on 41301 to 41401 for ϕ: 24.55 %:
Accaptance rate on 41301 to 41401 for σ_ϵ: 12.00 %:
-------------
Percentage done:  83.00 %
Accaptance rate on 41401 to 41501 for ϕ: 26.55 %:
Accaptance rate on 41401 to 41501 for σ_ϵ: 22.00 %:
-------------
Percentage done:  83.20 %
Accaptance rate on 41501 to 41601 for ϕ: 26.27 %:
Accaptance rate on 41501 to 41601 for σ_ϵ: 34.00 %:
-------------
Percentage done:  83.40 %
Accaptance rate on 41601 to 41701 for ϕ: 28.70 %:
Accaptance rate on 41601 to 41701 for σ_ϵ: 28.00 %:
-------------
Percentage done:  83.60 %
Accaptance rate on 41701 to 41801 for ϕ: 26.52 %:
Accaptance rate on 41701 to 41801 for σ_ϵ: 25.00 %:
-------------
Percentage done:  83.80 %
Accaptance rate on 41801 to 41901 for ϕ: 26.97 %:
Accaptance rate on 41801 to 41901 for σ_ϵ: 26.00 %:
-------------
Percentage done:  84.00 %
Accaptance rate on 41901 to 42001 for ϕ: 24.95 %:
Accaptance rate on 41901 to 42001 for σ_ϵ: 30.00 %:
-------------
Percentage done:  84.20 %
Accaptance rate on 42001 to 42101 for ϕ: 27.38 %:
Accaptance rate on 42001 to 42101 for σ_ϵ: 30.00 %:
-------------
Percentage done:  84.40 %
Accaptance rate on 42101 to 42201 for ϕ: 27.88 %:
Accaptance rate on 42101 to 42201 for σ_ϵ: 25.00 %:
-------------
Percentage done:  84.60 %
Accaptance rate on 42201 to 42301 for ϕ: 25.30 %:
Accaptance rate on 42201 to 42301 for σ_ϵ: 14.00 %:
-------------
Percentage done:  84.80 %
Accaptance rate on 42301 to 42401 for ϕ: 24.47 %:
Accaptance rate on 42301 to 42401 for σ_ϵ: 26.00 %:
-------------
Percentage done:  85.00 %
Accaptance rate on 42401 to 42501 for ϕ: 26.60 %:
Accaptance rate on 42401 to 42501 for σ_ϵ: 18.00 %:
-------------
Percentage done:  85.20 %
Accaptance rate on 42501 to 42601 for ϕ: 25.50 %:
Accaptance rate on 42501 to 42601 for σ_ϵ: 42.00 %:
-------------
Percentage done:  85.40 %
Accaptance rate on 42601 to 42701 for ϕ: 25.62 %:
Accaptance rate on 42601 to 42701 for σ_ϵ: 22.00 %:
-------------
Percentage done:  85.60 %
Accaptance rate on 42701 to 42801 for ϕ: 26.57 %:
Accaptance rate on 42701 to 42801 for σ_ϵ: 21.00 %:
-------------
Percentage done:  85.80 %
Accaptance rate on 42801 to 42901 for ϕ: 25.82 %:
Accaptance rate on 42801 to 42901 for σ_ϵ: 13.00 %:
-------------
Percentage done:  86.00 %
Accaptance rate on 42901 to 43001 for ϕ: 26.35 %:
Accaptance rate on 42901 to 43001 for σ_ϵ: 28.00 %:
-------------
Percentage done:  86.20 %
Accaptance rate on 43001 to 43101 for ϕ: 26.07 %:
Accaptance rate on 43001 to 43101 for σ_ϵ: 22.00 %:
-------------
Percentage done:  86.40 %
Accaptance rate on 43101 to 43201 for ϕ: 24.45 %:
Accaptance rate on 43101 to 43201 for σ_ϵ: 24.00 %:
-------------
Percentage done:  86.60 %
Accaptance rate on 43201 to 43301 for ϕ: 24.73 %:
Accaptance rate on 43201 to 43301 for σ_ϵ: 28.00 %:
-------------
Percentage done:  86.80 %
Accaptance rate on 43301 to 43401 for ϕ: 23.65 %:
Accaptance rate on 43301 to 43401 for σ_ϵ: 20.00 %:
-------------
Percentage done:  87.00 %
Accaptance rate on 43401 to 43501 for ϕ: 23.95 %:
Accaptance rate on 43401 to 43501 for σ_ϵ: 32.00 %:
-------------
Percentage done:  87.20 %
Accaptance rate on 43501 to 43601 for ϕ: 24.50 %:
Accaptance rate on 43501 to 43601 for σ_ϵ: 26.00 %:
-------------
Percentage done:  87.40 %
Accaptance rate on 43601 to 43701 for ϕ: 25.27 %:
Accaptance rate on 43601 to 43701 for σ_ϵ: 21.00 %:
-------------
Percentage done:  87.60 %
Accaptance rate on 43701 to 43801 for ϕ: 25.90 %:
Accaptance rate on 43701 to 43801 for σ_ϵ: 20.00 %:
-------------
Percentage done:  87.80 %
Accaptance rate on 43801 to 43901 for ϕ: 26.27 %:
Accaptance rate on 43801 to 43901 for σ_ϵ: 27.00 %:
-------------
Percentage done:  88.00 %
Accaptance rate on 43901 to 44001 for ϕ: 24.75 %:
Accaptance rate on 43901 to 44001 for σ_ϵ: 20.00 %:
-------------
Percentage done:  88.20 %
Accaptance rate on 44001 to 44101 for ϕ: 24.35 %:
Accaptance rate on 44001 to 44101 for σ_ϵ: 31.00 %:
-------------
Percentage done:  88.40 %
Accaptance rate on 44101 to 44201 for ϕ: 25.50 %:
Accaptance rate on 44101 to 44201 for σ_ϵ: 31.00 %:
-------------
Percentage done:  88.60 %
Accaptance rate on 44201 to 44301 for ϕ: 24.65 %:
Accaptance rate on 44201 to 44301 for σ_ϵ: 27.00 %:
-------------
Percentage done:  88.80 %
Accaptance rate on 44301 to 44401 for ϕ: 26.57 %:
Accaptance rate on 44301 to 44401 for σ_ϵ: 21.00 %:
-------------
Percentage done:  89.00 %
Accaptance rate on 44401 to 44501 for ϕ: 25.50 %:
Accaptance rate on 44401 to 44501 for σ_ϵ: 20.00 %:
-------------
Percentage done:  89.20 %
Accaptance rate on 44501 to 44601 for ϕ: 23.65 %:
Accaptance rate on 44501 to 44601 for σ_ϵ: 18.00 %:
-------------
Percentage done:  89.40 %
Accaptance rate on 44601 to 44701 for ϕ: 25.45 %:
Accaptance rate on 44601 to 44701 for σ_ϵ: 26.00 %:
-------------
Percentage done:  89.60 %
Accaptance rate on 44701 to 44801 for ϕ: 26.80 %:
Accaptance rate on 44701 to 44801 for σ_ϵ: 19.00 %:
-------------
Percentage done:  89.80 %
Accaptance rate on 44801 to 44901 for ϕ: 24.55 %:
Accaptance rate on 44801 to 44901 for σ_ϵ: 19.00 %:
-------------
Percentage done:  90.00 %
Accaptance rate on 44901 to 45001 for ϕ: 23.25 %:
Accaptance rate on 44901 to 45001 for σ_ϵ: 15.00 %:
-------------
Percentage done:  90.20 %
Accaptance rate on 45001 to 45101 for ϕ: 23.47 %:
Accaptance rate on 45001 to 45101 for σ_ϵ: 17.00 %:
-------------
Percentage done:  90.40 %
Accaptance rate on 45101 to 45201 for ϕ: 23.63 %:
Accaptance rate on 45101 to 45201 for σ_ϵ: 30.00 %:
-------------
Percentage done:  90.60 %
Accaptance rate on 45201 to 45301 for ϕ: 22.45 %:
Accaptance rate on 45201 to 45301 for σ_ϵ: 28.00 %:
-------------
Percentage done:  90.80 %
Accaptance rate on 45301 to 45401 for ϕ: 24.82 %:
Accaptance rate on 45301 to 45401 for σ_ϵ: 25.00 %:
-------------
Percentage done:  91.00 %
Accaptance rate on 45401 to 45501 for ϕ: 25.55 %:
Accaptance rate on 45401 to 45501 for σ_ϵ: 22.00 %:
-------------
Percentage done:  91.20 %
Accaptance rate on 45501 to 45601 for ϕ: 26.95 %:
Accaptance rate on 45501 to 45601 for σ_ϵ: 26.00 %:
-------------
Percentage done:  91.40 %
Accaptance rate on 45601 to 45701 for ϕ: 26.67 %:
Accaptance rate on 45601 to 45701 for σ_ϵ: 27.00 %:
-------------
Percentage done:  91.60 %
Accaptance rate on 45701 to 45801 for ϕ: 27.25 %:
Accaptance rate on 45701 to 45801 for σ_ϵ: 24.00 %:
-------------
Percentage done:  91.80 %
Accaptance rate on 45801 to 45901 for ϕ: 24.85 %:
Accaptance rate on 45801 to 45901 for σ_ϵ: 13.00 %:
-------------
Percentage done:  92.00 %
Accaptance rate on 45901 to 46001 for ϕ: 24.73 %:
Accaptance rate on 45901 to 46001 for σ_ϵ: 36.00 %:
-------------
Percentage done:  92.20 %
Accaptance rate on 46001 to 46101 for ϕ: 24.55 %:
Accaptance rate on 46001 to 46101 for σ_ϵ: 25.00 %:
-------------
Percentage done:  92.40 %
Accaptance rate on 46101 to 46201 for ϕ: 28.40 %:
Accaptance rate on 46101 to 46201 for σ_ϵ: 23.00 %:
-------------
Percentage done:  92.60 %
Accaptance rate on 46201 to 46301 for ϕ: 24.98 %:
Accaptance rate on 46201 to 46301 for σ_ϵ: 19.00 %:
-------------
Percentage done:  92.80 %
Accaptance rate on 46301 to 46401 for ϕ: 25.17 %:
Accaptance rate on 46301 to 46401 for σ_ϵ: 21.00 %:
-------------
Percentage done:  93.00 %
Accaptance rate on 46401 to 46501 for ϕ: 26.20 %:
Accaptance rate on 46401 to 46501 for σ_ϵ: 25.00 %:
-------------
Percentage done:  93.20 %
Accaptance rate on 46501 to 46601 for ϕ: 23.35 %:
Accaptance rate on 46501 to 46601 for σ_ϵ: 31.00 %:
-------------
Percentage done:  93.40 %
Accaptance rate on 46601 to 46701 for ϕ: 22.10 %:
Accaptance rate on 46601 to 46701 for σ_ϵ: 16.00 %:
-------------
Percentage done:  93.60 %
Accaptance rate on 46701 to 46801 for ϕ: 26.47 %:
Accaptance rate on 46701 to 46801 for σ_ϵ: 25.00 %:
-------------
Percentage done:  93.80 %
Accaptance rate on 46801 to 46901 for ϕ: 27.10 %:
Accaptance rate on 46801 to 46901 for σ_ϵ: 29.00 %:
-------------
Percentage done:  94.00 %
Accaptance rate on 46901 to 47001 for ϕ: 27.50 %:
Accaptance rate on 46901 to 47001 for σ_ϵ: 35.00 %:
-------------
Percentage done:  94.20 %
Accaptance rate on 47001 to 47101 for ϕ: 24.55 %:
Accaptance rate on 47001 to 47101 for σ_ϵ: 23.00 %:
-------------
Percentage done:  94.40 %
Accaptance rate on 47101 to 47201 for ϕ: 25.22 %:
Accaptance rate on 47101 to 47201 for σ_ϵ: 23.00 %:
-------------
Percentage done:  94.60 %
Accaptance rate on 47201 to 47301 for ϕ: 24.85 %:
Accaptance rate on 47201 to 47301 for σ_ϵ: 25.00 %:
-------------
Percentage done:  94.80 %
Accaptance rate on 47301 to 47401 for ϕ: 23.30 %:
Accaptance rate on 47301 to 47401 for σ_ϵ: 20.00 %:
-------------
Percentage done:  95.00 %
Accaptance rate on 47401 to 47501 for ϕ: 25.80 %:
Accaptance rate on 47401 to 47501 for σ_ϵ: 25.00 %:
-------------
Percentage done:  95.20 %
Accaptance rate on 47501 to 47601 for ϕ: 22.53 %:
Accaptance rate on 47501 to 47601 for σ_ϵ: 27.00 %:
-------------
Percentage done:  95.40 %
Accaptance rate on 47601 to 47701 for ϕ: 23.33 %:
Accaptance rate on 47601 to 47701 for σ_ϵ: 20.00 %:
-------------
Percentage done:  95.60 %
Accaptance rate on 47701 to 47801 for ϕ: 23.57 %:
Accaptance rate on 47701 to 47801 for σ_ϵ: 32.00 %:
-------------
Percentage done:  95.80 %
Accaptance rate on 47801 to 47901 for ϕ: 23.18 %:
Accaptance rate on 47801 to 47901 for σ_ϵ: 28.00 %:
-------------
Percentage done:  96.00 %
Accaptance rate on 47901 to 48001 for ϕ: 24.27 %:
Accaptance rate on 47901 to 48001 for σ_ϵ: 20.00 %:
-------------
Percentage done:  96.20 %
Accaptance rate on 48001 to 48101 for ϕ: 24.02 %:
Accaptance rate on 48001 to 48101 for σ_ϵ: 21.00 %:
-------------
Percentage done:  96.40 %
Accaptance rate on 48101 to 48201 for ϕ: 23.03 %:
Accaptance rate on 48101 to 48201 for σ_ϵ: 21.00 %:
-------------
Percentage done:  96.60 %
Accaptance rate on 48201 to 48301 for ϕ: 22.55 %:
Accaptance rate on 48201 to 48301 for σ_ϵ: 24.00 %:
-------------
Percentage done:  96.80 %
Accaptance rate on 48301 to 48401 for ϕ: 23.57 %:
Accaptance rate on 48301 to 48401 for σ_ϵ: 21.00 %:
-------------
Percentage done:  97.00 %
Accaptance rate on 48401 to 48501 for ϕ: 24.60 %:
Accaptance rate on 48401 to 48501 for σ_ϵ: 29.00 %:
-------------
Percentage done:  97.20 %
Accaptance rate on 48501 to 48601 for ϕ: 25.42 %:
Accaptance rate on 48501 to 48601 for σ_ϵ: 24.00 %:
-------------
Percentage done:  97.40 %
Accaptance rate on 48601 to 48701 for ϕ: 23.63 %:
Accaptance rate on 48601 to 48701 for σ_ϵ: 16.00 %:
-------------
Percentage done:  97.60 %
Accaptance rate on 48701 to 48801 for ϕ: 23.15 %:
Accaptance rate on 48701 to 48801 for σ_ϵ: 28.00 %:
-------------
Percentage done:  97.80 %
Accaptance rate on 48801 to 48901 for ϕ: 22.15 %:
Accaptance rate on 48801 to 48901 for σ_ϵ: 17.00 %:
-------------
Percentage done:  98.00 %
Accaptance rate on 48901 to 49001 for ϕ: 24.45 %:
Accaptance rate on 48901 to 49001 for σ_ϵ: 23.00 %:
-------------
Percentage done:  98.20 %
Accaptance rate on 49001 to 49101 for ϕ: 21.80 %:
Accaptance rate on 49001 to 49101 for σ_ϵ: 33.00 %:
-------------
Percentage done:  98.40 %
Accaptance rate on 49101 to 49201 for ϕ: 24.30 %:
Accaptance rate on 49101 to 49201 for σ_ϵ: 23.00 %:
-------------
Percentage done:  98.60 %
Accaptance rate on 49201 to 49301 for ϕ: 25.00 %:
Accaptance rate on 49201 to 49301 for σ_ϵ: 26.00 %:
-------------
Percentage done:  98.80 %
Accaptance rate on 49301 to 49401 for ϕ: 24.47 %:
Accaptance rate on 49301 to 49401 for σ_ϵ: 17.00 %:
-------------
Percentage done:  99.00 %
Accaptance rate on 49401 to 49501 for ϕ: 21.90 %:
Accaptance rate on 49401 to 49501 for σ_ϵ: 24.00 %:
-------------
Percentage done:  99.20 %
Accaptance rate on 49501 to 49601 for ϕ: 24.15 %:
Accaptance rate on 49501 to 49601 for σ_ϵ: 24.00 %:
-------------
Percentage done:  99.40 %
Accaptance rate on 49601 to 49701 for ϕ: 23.10 %:
Accaptance rate on 49601 to 49701 for σ_ϵ: 18.00 %:
-------------
Percentage done:  99.60 %
Accaptance rate on 49701 to 49801 for ϕ: 23.18 %:
Accaptance rate on 49701 to 49801 for σ_ϵ: 24.00 %:
-------------
Percentage done:  99.80 %
Accaptance rate on 49801 to 49901 for ϕ: 24.50 %:
Accaptance rate on 49801 to 49901 for σ_ϵ: 24.00 %:
Ending Gibbs sampler using CPMMH.
2597.952929379
0.248848
0.2464
1.0
