/home/samwiq/SDEMEM and CPMMH/SDEMEM_and_CPMMH/lunarc
/home/samwiq/SDEMEM and CPMMH/SDEMEM_and_CPMMH
start run script for kalman
Starting Gibbs sampler using Kalman.
-------------
Percentage done:  10.01 %
Accaptance rate on 1 to 1001 for ϕ: 36.75 %:
Accaptance rate on 1 to 1001 for σ_ϵ: 32.80 %:
-------------
Percentage done:  20.01 %
Accaptance rate on 1001 to 2001 for ϕ: 24.24 %:
Accaptance rate on 1001 to 2001 for σ_ϵ: 29.50 %:
-------------
Percentage done:  30.01 %
Accaptance rate on 2001 to 3001 for ϕ: 24.00 %:
Accaptance rate on 2001 to 3001 for σ_ϵ: 27.90 %:
-------------
Percentage done:  40.01 %
Accaptance rate on 3001 to 4001 for ϕ: 25.61 %:
Accaptance rate on 3001 to 4001 for σ_ϵ: 24.30 %:
-------------
Percentage done:  50.01 %
Accaptance rate on 4001 to 5001 for ϕ: 24.37 %:
Accaptance rate on 4001 to 5001 for σ_ϵ: 23.60 %:
-------------
Percentage done:  60.01 %
Accaptance rate on 5001 to 6001 for ϕ: 24.78 %:
Accaptance rate on 5001 to 6001 for σ_ϵ: 29.50 %:
-------------
Percentage done:  70.01 %
Accaptance rate on 6001 to 7001 for ϕ: 24.31 %:
Accaptance rate on 6001 to 7001 for σ_ϵ: 23.90 %:
-------------
Percentage done:  80.01 %
Accaptance rate on 7001 to 8001 for ϕ: 24.82 %:
Accaptance rate on 7001 to 8001 for σ_ϵ: 24.20 %:
-------------
Percentage done:  90.01 %
Accaptance rate on 8001 to 9001 for ϕ: 24.88 %:
Accaptance rate on 8001 to 9001 for σ_ϵ: 24.00 %:
Ending Gibbs sampler using Kalman.
16.132938902
0.257895
0.2658
1.0
end run script
