/home/samwiq/SDEMEM and CPMMH/SDEMEM_and_CPMMH/lunarc
/home/samwiq/SDEMEM and CPMMH/SDEMEM_and_CPMMH
start run script for cpmmh
  3.174188 seconds (4.39 M allocations: 2.159 GiB, 48.36% gc time)
Starting Gibbs sampler using CPMMH.
-------------
Percentage done:  2.86 %
Accaptance rate on 1 to 1001 for ϕ: 14.14 %:
Accaptance rate on 1 to 1001 for σ_ϵ: 11.50 %:
-------------
Percentage done:  5.72 %
Accaptance rate on 1001 to 2001 for ϕ: 22.26 %:
Accaptance rate on 1001 to 2001 for σ_ϵ: 8.80 %:
-------------
Percentage done:  8.57 %
Accaptance rate on 2001 to 3001 for ϕ: 15.04 %:
Accaptance rate on 2001 to 3001 for σ_ϵ: 13.00 %:
-------------
Percentage done:  11.43 %
Accaptance rate on 3001 to 4001 for ϕ: 14.47 %:
Accaptance rate on 3001 to 4001 for σ_ϵ: 9.80 %:
-------------
Percentage done:  14.29 %
Accaptance rate on 4001 to 5001 for ϕ: 14.66 %:
Accaptance rate on 4001 to 5001 for σ_ϵ: 10.50 %:
-------------
Percentage done:  17.15 %
Accaptance rate on 5001 to 6001 for ϕ: 22.29 %:
Accaptance rate on 5001 to 6001 for σ_ϵ: 12.10 %:
-------------
Percentage done:  20.00 %
Accaptance rate on 6001 to 7001 for ϕ: 14.24 %:
Accaptance rate on 6001 to 7001 for σ_ϵ: 11.00 %:
-------------
Percentage done:  22.86 %
Accaptance rate on 7001 to 8001 for ϕ: 9.69 %:
Accaptance rate on 7001 to 8001 for σ_ϵ: 7.50 %:
-------------
Percentage done:  25.72 %
Accaptance rate on 8001 to 9001 for ϕ: 15.07 %:
Accaptance rate on 8001 to 9001 for σ_ϵ: 10.80 %:
-------------
Percentage done:  28.57 %
Accaptance rate on 9001 to 10001 for ϕ: 8.25 %:
Accaptance rate on 9001 to 10001 for σ_ϵ: 10.00 %:
-------------
Percentage done:  31.43 %
Accaptance rate on 10001 to 11001 for ϕ: 6.34 %:
Accaptance rate on 10001 to 11001 for σ_ϵ: 9.10 %:
-------------
Percentage done:  34.29 %
Accaptance rate on 11001 to 12001 for ϕ: 11.14 %:
Accaptance rate on 11001 to 12001 for σ_ϵ: 11.00 %:
-------------
Percentage done:  37.15 %
Accaptance rate on 12001 to 13001 for ϕ: 12.55 %:
Accaptance rate on 12001 to 13001 for σ_ϵ: 9.30 %:
-------------
Percentage done:  40.00 %
Accaptance rate on 13001 to 14001 for ϕ: 14.79 %:
Accaptance rate on 13001 to 14001 for σ_ϵ: 12.20 %:
-------------
Percentage done:  42.86 %
Accaptance rate on 14001 to 15001 for ϕ: 20.70 %:
Accaptance rate on 14001 to 15001 for σ_ϵ: 10.80 %:
-------------
Percentage done:  45.72 %
Accaptance rate on 15001 to 16001 for ϕ: 16.63 %:
Accaptance rate on 15001 to 16001 for σ_ϵ: 10.60 %:
-------------
Percentage done:  48.57 %
Accaptance rate on 16001 to 17001 for ϕ: 7.03 %:
Accaptance rate on 16001 to 17001 for σ_ϵ: 11.40 %:
-------------
Percentage done:  51.43 %
Accaptance rate on 17001 to 18001 for ϕ: 8.55 %:
Accaptance rate on 17001 to 18001 for σ_ϵ: 9.80 %:
-------------
Percentage done:  54.29 %
Accaptance rate on 18001 to 19001 for ϕ: 9.58 %:
Accaptance rate on 18001 to 19001 for σ_ϵ: 9.30 %:
-------------
Percentage done:  57.15 %
Accaptance rate on 19001 to 20001 for ϕ: 10.19 %:
Accaptance rate on 19001 to 20001 for σ_ϵ: 9.50 %:
-------------
Percentage done:  60.00 %
Accaptance rate on 20001 to 21001 for ϕ: 11.55 %:
Accaptance rate on 20001 to 21001 for σ_ϵ: 10.60 %:
-------------
Percentage done:  62.86 %
Accaptance rate on 21001 to 22001 for ϕ: 7.12 %:
Accaptance rate on 21001 to 22001 for σ_ϵ: 9.70 %:
-------------
Percentage done:  65.72 %
Accaptance rate on 22001 to 23001 for ϕ: 4.83 %:
Accaptance rate on 22001 to 23001 for σ_ϵ: 8.40 %:
-------------
Percentage done:  68.57 %
Accaptance rate on 23001 to 24001 for ϕ: 6.83 %:
Accaptance rate on 23001 to 24001 for σ_ϵ: 10.50 %:
-------------
Percentage done:  71.43 %
Accaptance rate on 24001 to 25001 for ϕ: 4.35 %:
Accaptance rate on 24001 to 25001 for σ_ϵ: 9.80 %:
-------------
Percentage done:  74.29 %
Accaptance rate on 25001 to 26001 for ϕ: 4.30 %:
Accaptance rate on 25001 to 26001 for σ_ϵ: 8.70 %:
-------------
Percentage done:  77.15 %
Accaptance rate on 26001 to 27001 for ϕ: 9.20 %:
Accaptance rate on 26001 to 27001 for σ_ϵ: 10.70 %:
-------------
Percentage done:  80.00 %
Accaptance rate on 27001 to 28001 for ϕ: 16.30 %:
Accaptance rate on 27001 to 28001 for σ_ϵ: 11.90 %:
-------------
Percentage done:  82.86 %
Accaptance rate on 28001 to 29001 for ϕ: 12.71 %:
Accaptance rate on 28001 to 29001 for σ_ϵ: 9.30 %:
-------------
Percentage done:  85.72 %
Accaptance rate on 29001 to 30001 for ϕ: 15.45 %:
Accaptance rate on 29001 to 30001 for σ_ϵ: 11.20 %:
-------------
Percentage done:  88.57 %
Accaptance rate on 30001 to 31001 for ϕ: 18.45 %:
Accaptance rate on 30001 to 31001 for σ_ϵ: 9.30 %:
-------------
Percentage done:  91.43 %
Accaptance rate on 31001 to 32001 for ϕ: 19.33 %:
Accaptance rate on 31001 to 32001 for σ_ϵ: 10.50 %:
-------------
Percentage done:  94.29 %
Accaptance rate on 32001 to 33001 for ϕ: 15.26 %:
Accaptance rate on 32001 to 33001 for σ_ϵ: 10.70 %:
-------------
Percentage done:  97.15 %
Accaptance rate on 33001 to 34001 for ϕ: 21.26 %:
Accaptance rate on 33001 to 34001 for σ_ϵ: 10.70 %:
Ending Gibbs sampler using CPMMH.
91687.290417287
0.12861
0.10297142857142857
1.0
