/home/samwiq/SDEMEM and CPMMH/SDEMEM_and_CPMMH/lunarc
/home/samwiq/SDEMEM and CPMMH/SDEMEM_and_CPMMH
start run script for kalman
  0.275244 seconds (514.72 k allocations: 26.759 MiB, 3.71% gc time)
Starting Gibbs sampler using Kalman.
-------------
Percentage done:  2.86 %
Accaptance rate on 1 to 1001 for ϕ: 27.70 %:
Accaptance rate on 1 to 1001 for σ_ϵ: 37.90 %:
-------------
Percentage done:  5.72 %
Accaptance rate on 1001 to 2001 for ϕ: 26.96 %:
Accaptance rate on 1001 to 2001 for σ_ϵ: 31.90 %:
-------------
Percentage done:  8.57 %
Accaptance rate on 2001 to 3001 for ϕ: 24.80 %:
Accaptance rate on 2001 to 3001 for σ_ϵ: 27.40 %:
-------------
Percentage done:  11.43 %
Accaptance rate on 3001 to 4001 for ϕ: 25.08 %:
Accaptance rate on 3001 to 4001 for σ_ϵ: 25.30 %:
-------------
Percentage done:  14.29 %
Accaptance rate on 4001 to 5001 for ϕ: 25.00 %:
Accaptance rate on 4001 to 5001 for σ_ϵ: 25.70 %:
-------------
Percentage done:  17.15 %
Accaptance rate on 5001 to 6001 for ϕ: 24.70 %:
Accaptance rate on 5001 to 6001 for σ_ϵ: 26.60 %:
-------------
Percentage done:  20.00 %
Accaptance rate on 6001 to 7001 for ϕ: 24.63 %:
Accaptance rate on 6001 to 7001 for σ_ϵ: 25.40 %:
-------------
Percentage done:  22.86 %
Accaptance rate on 7001 to 8001 for ϕ: 25.24 %:
Accaptance rate on 7001 to 8001 for σ_ϵ: 24.30 %:
-------------
Percentage done:  25.72 %
Accaptance rate on 8001 to 9001 for ϕ: 24.77 %:
Accaptance rate on 8001 to 9001 for σ_ϵ: 28.10 %:
-------------
Percentage done:  28.57 %
Accaptance rate on 9001 to 10001 for ϕ: 24.65 %:
Accaptance rate on 9001 to 10001 for σ_ϵ: 25.30 %:
-------------
Percentage done:  31.43 %
Accaptance rate on 10001 to 11001 for ϕ: 25.21 %:
Accaptance rate on 10001 to 11001 for σ_ϵ: 24.60 %:
-------------
Percentage done:  34.29 %
Accaptance rate on 11001 to 12001 for ϕ: 24.45 %:
Accaptance rate on 11001 to 12001 for σ_ϵ: 24.30 %:
-------------
Percentage done:  37.15 %
Accaptance rate on 12001 to 13001 for ϕ: 24.14 %:
Accaptance rate on 12001 to 13001 for σ_ϵ: 24.70 %:
-------------
Percentage done:  40.00 %
Accaptance rate on 13001 to 14001 for ϕ: 24.77 %:
Accaptance rate on 13001 to 14001 for σ_ϵ: 23.10 %:
-------------
Percentage done:  42.86 %
Accaptance rate on 14001 to 15001 for ϕ: 24.95 %:
Accaptance rate on 14001 to 15001 for σ_ϵ: 24.30 %:
-------------
Percentage done:  45.72 %
Accaptance rate on 15001 to 16001 for ϕ: 24.98 %:
Accaptance rate on 15001 to 16001 for σ_ϵ: 24.10 %:
-------------
Percentage done:  48.57 %
Accaptance rate on 16001 to 17001 for ϕ: 24.92 %:
Accaptance rate on 16001 to 17001 for σ_ϵ: 25.70 %:
-------------
Percentage done:  51.43 %
Accaptance rate on 17001 to 18001 for ϕ: 24.73 %:
Accaptance rate on 17001 to 18001 for σ_ϵ: 27.00 %:
-------------
Percentage done:  54.29 %
Accaptance rate on 18001 to 19001 for ϕ: 25.07 %:
Accaptance rate on 18001 to 19001 for σ_ϵ: 26.90 %:
-------------
Percentage done:  57.15 %
Accaptance rate on 19001 to 20001 for ϕ: 25.23 %:
Accaptance rate on 19001 to 20001 for σ_ϵ: 26.50 %:
-------------
Percentage done:  60.00 %
Accaptance rate on 20001 to 21001 for ϕ: 25.00 %:
Accaptance rate on 20001 to 21001 for σ_ϵ: 26.90 %:
-------------
Percentage done:  62.86 %
Accaptance rate on 21001 to 22001 for ϕ: 25.00 %:
Accaptance rate on 21001 to 22001 for σ_ϵ: 26.80 %:
-------------
Percentage done:  65.72 %
Accaptance rate on 22001 to 23001 for ϕ: 24.97 %:
Accaptance rate on 22001 to 23001 for σ_ϵ: 23.50 %:
-------------
Percentage done:  68.57 %
Accaptance rate on 23001 to 24001 for ϕ: 24.75 %:
Accaptance rate on 23001 to 24001 for σ_ϵ: 21.70 %:
-------------
Percentage done:  71.43 %
Accaptance rate on 24001 to 25001 for ϕ: 24.83 %:
Accaptance rate on 24001 to 25001 for σ_ϵ: 23.00 %:
-------------
Percentage done:  74.29 %
Accaptance rate on 25001 to 26001 for ϕ: 24.87 %:
Accaptance rate on 25001 to 26001 for σ_ϵ: 24.80 %:
-------------
Percentage done:  77.15 %
Accaptance rate on 26001 to 27001 for ϕ: 24.31 %:
Accaptance rate on 26001 to 27001 for σ_ϵ: 22.00 %:
-------------
Percentage done:  80.00 %
Accaptance rate on 27001 to 28001 for ϕ: 24.84 %:
Accaptance rate on 27001 to 28001 for σ_ϵ: 23.30 %:
-------------
Percentage done:  82.86 %
Accaptance rate on 28001 to 29001 for ϕ: 25.01 %:
Accaptance rate on 28001 to 29001 for σ_ϵ: 26.60 %:
-------------
Percentage done:  85.72 %
Accaptance rate on 29001 to 30001 for ϕ: 24.74 %:
Accaptance rate on 29001 to 30001 for σ_ϵ: 24.70 %:
-------------
Percentage done:  88.57 %
Accaptance rate on 30001 to 31001 for ϕ: 24.94 %:
Accaptance rate on 30001 to 31001 for σ_ϵ: 27.50 %:
-------------
Percentage done:  91.43 %
Accaptance rate on 31001 to 32001 for ϕ: 25.54 %:
Accaptance rate on 31001 to 32001 for σ_ϵ: 25.40 %:
-------------
Percentage done:  94.29 %
Accaptance rate on 32001 to 33001 for ϕ: 24.55 %:
Accaptance rate on 32001 to 33001 for σ_ϵ: 26.90 %:
-------------
Percentage done:  97.15 %
Accaptance rate on 33001 to 34001 for ϕ: 25.14 %:
Accaptance rate on 33001 to 34001 for σ_ϵ: 23.90 %:
Ending Gibbs sampler using Kalman.
133.119184894
0.24996742857142856
0.25757142857142856
1.0
end run script
