/home/samwiq/SDEMEM and CPMMH/SDEMEM_and_CPMMH/lunarc
/home/samwiq/SDEMEM and CPMMH/SDEMEM_and_CPMMH
start run script for cpmmh
  1.275454 seconds (4.80 M allocations: 483.878 MiB, 12.35% gc time)
Starting Gibbs sampler using CPMMH.
-------------
Percentage done:  1.00 %
Accaptance rate on 1 to 1001 for ϕ: 4.22 %:
Accaptance rate on 1 to 1001 for σ_ϵ: 0.20 %:
-------------
Percentage done:  2.00 %
Accaptance rate on 1001 to 2001 for ϕ: 2.10 %:
Accaptance rate on 1001 to 2001 for σ_ϵ: 4.60 %:
-------------
Percentage done:  3.00 %
Accaptance rate on 2001 to 3001 for ϕ: 1.86 %:
Accaptance rate on 2001 to 3001 for σ_ϵ: 22.10 %:
-------------
Percentage done:  4.00 %
Accaptance rate on 3001 to 4001 for ϕ: 1.88 %:
Accaptance rate on 3001 to 4001 for σ_ϵ: 63.30 %:
-------------
Percentage done:  5.00 %
Accaptance rate on 4001 to 5001 for ϕ: 1.63 %:
Accaptance rate on 4001 to 5001 for σ_ϵ: 68.80 %:
-------------
Percentage done:  6.00 %
Accaptance rate on 5001 to 6001 for ϕ: 1.82 %:
Accaptance rate on 5001 to 6001 for σ_ϵ: 52.70 %:
-------------
Percentage done:  7.00 %
Accaptance rate on 6001 to 7001 for ϕ: 1.90 %:
Accaptance rate on 6001 to 7001 for σ_ϵ: 55.60 %:
-------------
Percentage done:  8.00 %
Accaptance rate on 7001 to 8001 for ϕ: 2.04 %:
Accaptance rate on 7001 to 8001 for σ_ϵ: 59.90 %:
-------------
Percentage done:  9.00 %
Accaptance rate on 8001 to 9001 for ϕ: 2.21 %:
Accaptance rate on 8001 to 9001 for σ_ϵ: 59.00 %:
-------------
Percentage done:  10.00 %
Accaptance rate on 9001 to 10001 for ϕ: 1.98 %:
Accaptance rate on 9001 to 10001 for σ_ϵ: 42.50 %:
-------------
Percentage done:  11.00 %
Accaptance rate on 10001 to 11001 for ϕ: 2.21 %:
Accaptance rate on 10001 to 11001 for σ_ϵ: 25.20 %:
-------------
Percentage done:  12.00 %
Accaptance rate on 11001 to 12001 for ϕ: 2.11 %:
Accaptance rate on 11001 to 12001 for σ_ϵ: 35.40 %:
-------------
Percentage done:  13.00 %
Accaptance rate on 12001 to 13001 for ϕ: 1.90 %:
Accaptance rate on 12001 to 13001 for σ_ϵ: 23.80 %:
-------------
Percentage done:  14.00 %
Accaptance rate on 13001 to 14001 for ϕ: 2.02 %:
Accaptance rate on 13001 to 14001 for σ_ϵ: 15.70 %:
-------------
Percentage done:  15.00 %
Accaptance rate on 14001 to 15001 for ϕ: 2.01 %:
Accaptance rate on 14001 to 15001 for σ_ϵ: 25.60 %:
-------------
Percentage done:  16.00 %
Accaptance rate on 15001 to 16001 for ϕ: 2.37 %:
Accaptance rate on 15001 to 16001 for σ_ϵ: 38.80 %:
-------------
Percentage done:  17.00 %
Accaptance rate on 16001 to 17001 for ϕ: 2.53 %:
Accaptance rate on 16001 to 17001 for σ_ϵ: 39.00 %:
-------------
Percentage done:  18.00 %
Accaptance rate on 17001 to 18001 for ϕ: 2.24 %:
Accaptance rate on 17001 to 18001 for σ_ϵ: 30.20 %:
-------------
Percentage done:  19.00 %
Accaptance rate on 18001 to 19001 for ϕ: 2.47 %:
Accaptance rate on 18001 to 19001 for σ_ϵ: 29.50 %:
-------------
Percentage done:  20.00 %
Accaptance rate on 19001 to 20001 for ϕ: 2.40 %:
Accaptance rate on 19001 to 20001 for σ_ϵ: 37.70 %:
-------------
Percentage done:  21.00 %
Accaptance rate on 20001 to 21001 for ϕ: 2.47 %:
Accaptance rate on 20001 to 21001 for σ_ϵ: 40.40 %:
-------------
Percentage done:  22.00 %
Accaptance rate on 21001 to 22001 for ϕ: 2.49 %:
Accaptance rate on 21001 to 22001 for σ_ϵ: 26.60 %:
-------------
Percentage done:  23.00 %
Accaptance rate on 22001 to 23001 for ϕ: 2.37 %:
Accaptance rate on 22001 to 23001 for σ_ϵ: 18.30 %:
-------------
Percentage done:  24.00 %
Accaptance rate on 23001 to 24001 for ϕ: 2.64 %:
Accaptance rate on 23001 to 24001 for σ_ϵ: 27.50 %:
-------------
Percentage done:  25.00 %
Accaptance rate on 24001 to 25001 for ϕ: 2.32 %:
Accaptance rate on 24001 to 25001 for σ_ϵ: 24.50 %:
-------------
Percentage done:  26.00 %
Accaptance rate on 25001 to 26001 for ϕ: 2.56 %:
Accaptance rate on 25001 to 26001 for σ_ϵ: 19.20 %:
-------------
Percentage done:  27.00 %
Accaptance rate on 26001 to 27001 for ϕ: 2.63 %:
Accaptance rate on 26001 to 27001 for σ_ϵ: 19.40 %:
-------------
Percentage done:  28.00 %
Accaptance rate on 27001 to 28001 for ϕ: 2.61 %:
Accaptance rate on 27001 to 28001 for σ_ϵ: 24.10 %:
-------------
Percentage done:  29.00 %
Accaptance rate on 28001 to 29001 for ϕ: 2.29 %:
Accaptance rate on 28001 to 29001 for σ_ϵ: 19.80 %:
-------------
Percentage done:  30.00 %
Accaptance rate on 29001 to 30001 for ϕ: 2.53 %:
Accaptance rate on 29001 to 30001 for σ_ϵ: 18.00 %:
-------------
Percentage done:  31.00 %
Accaptance rate on 30001 to 31001 for ϕ: 2.54 %:
Accaptance rate on 30001 to 31001 for σ_ϵ: 13.00 %:
-------------
Percentage done:  32.00 %
Accaptance rate on 31001 to 32001 for ϕ: 2.33 %:
Accaptance rate on 31001 to 32001 for σ_ϵ: 21.60 %:
-------------
Percentage done:  33.00 %
Accaptance rate on 32001 to 33001 for ϕ: 2.81 %:
Accaptance rate on 32001 to 33001 for σ_ϵ: 30.60 %:
-------------
Percentage done:  34.00 %
Accaptance rate on 33001 to 34001 for ϕ: 2.64 %:
Accaptance rate on 33001 to 34001 for σ_ϵ: 19.50 %:
-------------
Percentage done:  35.00 %
Accaptance rate on 34001 to 35001 for ϕ: 2.64 %:
Accaptance rate on 34001 to 35001 for σ_ϵ: 8.70 %:
-------------
Percentage done:  36.00 %
Accaptance rate on 35001 to 36001 for ϕ: 3.00 %:
Accaptance rate on 35001 to 36001 for σ_ϵ: 7.60 %:
-------------
Percentage done:  37.00 %
Accaptance rate on 36001 to 37001 for ϕ: 2.62 %:
Accaptance rate on 36001 to 37001 for σ_ϵ: 9.40 %:
-------------
Percentage done:  38.00 %
Accaptance rate on 37001 to 38001 for ϕ: 2.56 %:
Accaptance rate on 37001 to 38001 for σ_ϵ: 13.10 %:
-------------
Percentage done:  39.00 %
Accaptance rate on 38001 to 39001 for ϕ: 2.66 %:
Accaptance rate on 38001 to 39001 for σ_ϵ: 13.40 %:
-------------
Percentage done:  40.00 %
Accaptance rate on 39001 to 40001 for ϕ: 2.64 %:
Accaptance rate on 39001 to 40001 for σ_ϵ: 17.40 %:
-------------
Percentage done:  41.00 %
Accaptance rate on 40001 to 41001 for ϕ: 2.54 %:
Accaptance rate on 40001 to 41001 for σ_ϵ: 20.30 %:
-------------
Percentage done:  42.00 %
Accaptance rate on 41001 to 42001 for ϕ: 2.81 %:
Accaptance rate on 41001 to 42001 for σ_ϵ: 24.30 %:
-------------
Percentage done:  43.00 %
Accaptance rate on 42001 to 43001 for ϕ: 2.33 %:
Accaptance rate on 42001 to 43001 for σ_ϵ: 23.40 %:
-------------
Percentage done:  44.00 %
Accaptance rate on 43001 to 44001 for ϕ: 2.46 %:
Accaptance rate on 43001 to 44001 for σ_ϵ: 20.80 %:
-------------
Percentage done:  45.00 %
Accaptance rate on 44001 to 45001 for ϕ: 2.37 %:
Accaptance rate on 44001 to 45001 for σ_ϵ: 21.30 %:
-------------
Percentage done:  46.00 %
Accaptance rate on 45001 to 46001 for ϕ: 2.10 %:
Accaptance rate on 45001 to 46001 for σ_ϵ: 22.10 %:
-------------
Percentage done:  47.00 %
Accaptance rate on 46001 to 47001 for ϕ: 2.60 %:
Accaptance rate on 46001 to 47001 for σ_ϵ: 23.40 %:
-------------
Percentage done:  48.00 %
Accaptance rate on 47001 to 48001 for ϕ: 2.62 %:
Accaptance rate on 47001 to 48001 for σ_ϵ: 14.70 %:
-------------
Percentage done:  49.00 %
Accaptance rate on 48001 to 49001 for ϕ: 2.49 %:
Accaptance rate on 48001 to 49001 for σ_ϵ: 16.00 %:
-------------
Percentage done:  50.00 %
Accaptance rate on 49001 to 50001 for ϕ: 2.45 %:
Accaptance rate on 49001 to 50001 for σ_ϵ: 19.20 %:
-------------
Percentage done:  51.00 %
Accaptance rate on 50001 to 51001 for ϕ: 3.06 %:
Accaptance rate on 50001 to 51001 for σ_ϵ: 46.20 %:
-------------
Percentage done:  52.00 %
Accaptance rate on 51001 to 52001 for ϕ: 2.88 %:
Accaptance rate on 51001 to 52001 for σ_ϵ: 42.90 %:
-------------
Percentage done:  53.00 %
Accaptance rate on 52001 to 53001 for ϕ: 2.63 %:
Accaptance rate on 52001 to 53001 for σ_ϵ: 29.30 %:
-------------
Percentage done:  54.00 %
Accaptance rate on 53001 to 54001 for ϕ: 2.80 %:
Accaptance rate on 53001 to 54001 for σ_ϵ: 33.10 %:
-------------
Percentage done:  55.00 %
Accaptance rate on 54001 to 55001 for ϕ: 2.69 %:
Accaptance rate on 54001 to 55001 for σ_ϵ: 40.00 %:
-------------
Percentage done:  56.00 %
Accaptance rate on 55001 to 56001 for ϕ: 2.65 %:
Accaptance rate on 55001 to 56001 for σ_ϵ: 41.70 %:
-------------
Percentage done:  57.00 %
Accaptance rate on 56001 to 57001 for ϕ: 2.61 %:
Accaptance rate on 56001 to 57001 for σ_ϵ: 33.40 %:
-------------
Percentage done:  58.00 %
Accaptance rate on 57001 to 58001 for ϕ: 2.26 %:
Accaptance rate on 57001 to 58001 for σ_ϵ: 40.90 %:
-------------
Percentage done:  59.00 %
Accaptance rate on 58001 to 59001 for ϕ: 2.83 %:
Accaptance rate on 58001 to 59001 for σ_ϵ: 35.60 %:
-------------
Percentage done:  60.00 %
Accaptance rate on 59001 to 60001 for ϕ: 2.70 %:
Accaptance rate on 59001 to 60001 for σ_ϵ: 26.30 %:
-------------
Percentage done:  61.00 %
Accaptance rate on 60001 to 61001 for ϕ: 2.89 %:
Accaptance rate on 60001 to 61001 for σ_ϵ: 35.60 %:
-------------
Percentage done:  62.00 %
Accaptance rate on 61001 to 62001 for ϕ: 2.81 %:
Accaptance rate on 61001 to 62001 for σ_ϵ: 39.40 %:
-------------
Percentage done:  63.00 %
Accaptance rate on 62001 to 63001 for ϕ: 2.92 %:
Accaptance rate on 62001 to 63001 for σ_ϵ: 31.80 %:
-------------
Percentage done:  64.00 %
Accaptance rate on 63001 to 64001 for ϕ: 3.20 %:
Accaptance rate on 63001 to 64001 for σ_ϵ: 25.70 %:
-------------
Percentage done:  65.00 %
Accaptance rate on 64001 to 65001 for ϕ: 2.48 %:
Accaptance rate on 64001 to 65001 for σ_ϵ: 11.60 %:
-------------
Percentage done:  66.00 %
Accaptance rate on 65001 to 66001 for ϕ: 2.79 %:
Accaptance rate on 65001 to 66001 for σ_ϵ: 16.90 %:
-------------
Percentage done:  67.00 %
Accaptance rate on 66001 to 67001 for ϕ: 2.71 %:
Accaptance rate on 66001 to 67001 for σ_ϵ: 32.30 %:
-------------
Percentage done:  68.00 %
Accaptance rate on 67001 to 68001 for ϕ: 2.86 %:
Accaptance rate on 67001 to 68001 for σ_ϵ: 30.20 %:
-------------
Percentage done:  69.00 %
Accaptance rate on 68001 to 69001 for ϕ: 2.91 %:
Accaptance rate on 68001 to 69001 for σ_ϵ: 30.20 %:
-------------
Percentage done:  70.00 %
Accaptance rate on 69001 to 70001 for ϕ: 2.65 %:
Accaptance rate on 69001 to 70001 for σ_ϵ: 18.30 %:
-------------
Percentage done:  71.00 %
Accaptance rate on 70001 to 71001 for ϕ: 2.97 %:
Accaptance rate on 70001 to 71001 for σ_ϵ: 12.50 %:
-------------
Percentage done:  72.00 %
Accaptance rate on 71001 to 72001 for ϕ: 2.71 %:
Accaptance rate on 71001 to 72001 for σ_ϵ: 13.00 %:
-------------
Percentage done:  73.00 %
Accaptance rate on 72001 to 73001 for ϕ: 2.39 %:
Accaptance rate on 72001 to 73001 for σ_ϵ: 21.50 %:
-------------
Percentage done:  74.00 %
Accaptance rate on 73001 to 74001 for ϕ: 2.73 %:
Accaptance rate on 73001 to 74001 for σ_ϵ: 28.90 %:
-------------
Percentage done:  75.00 %
Accaptance rate on 74001 to 75001 for ϕ: 2.85 %:
Accaptance rate on 74001 to 75001 for σ_ϵ: 21.30 %:
-------------
Percentage done:  76.00 %
Accaptance rate on 75001 to 76001 for ϕ: 2.69 %:
Accaptance rate on 75001 to 76001 for σ_ϵ: 28.50 %:
-------------
Percentage done:  77.00 %
Accaptance rate on 76001 to 77001 for ϕ: 2.62 %:
Accaptance rate on 76001 to 77001 for σ_ϵ: 14.80 %:
-------------
Percentage done:  78.00 %
Accaptance rate on 77001 to 78001 for ϕ: 2.61 %:
Accaptance rate on 77001 to 78001 for σ_ϵ: 12.40 %:
-------------
Percentage done:  79.00 %
Accaptance rate on 78001 to 79001 for ϕ: 2.90 %:
Accaptance rate on 78001 to 79001 for σ_ϵ: 14.50 %:
-------------
Percentage done:  80.00 %
Accaptance rate on 79001 to 80001 for ϕ: 2.85 %:
Accaptance rate on 79001 to 80001 for σ_ϵ: 17.80 %:
-------------
Percentage done:  81.00 %
Accaptance rate on 80001 to 81001 for ϕ: 2.63 %:
Accaptance rate on 80001 to 81001 for σ_ϵ: 21.70 %:
-------------
Percentage done:  82.00 %
Accaptance rate on 81001 to 82001 for ϕ: 2.94 %:
Accaptance rate on 81001 to 82001 for σ_ϵ: 20.50 %:
-------------
Percentage done:  83.00 %
Accaptance rate on 82001 to 83001 for ϕ: 3.05 %:
Accaptance rate on 82001 to 83001 for σ_ϵ: 18.90 %:
-------------
Percentage done:  84.00 %
Accaptance rate on 83001 to 84001 for ϕ: 3.08 %:
Accaptance rate on 83001 to 84001 for σ_ϵ: 25.90 %:
-------------
Percentage done:  85.00 %
Accaptance rate on 84001 to 85001 for ϕ: 2.55 %:
Accaptance rate on 84001 to 85001 for σ_ϵ: 14.30 %:
