/home/samwiq/SDEMEM and CPMMH/SDEMEM_and_CPMMH/lunarc
/home/samwiq/SDEMEM and CPMMH/SDEMEM_and_CPMMH
start run script for kalman
Starting Gibbs sampler using Kalman.
-------------
Percentage done:  10.01 %
Accaptance rate on 1 to 1001 for ϕ: 30.28 %:
Accaptance rate on 1 to 1001 for σ_ϵ: 32.50 %:
-------------
Percentage done:  20.01 %
Accaptance rate on 1001 to 2001 for ϕ: 26.00 %:
Accaptance rate on 1001 to 2001 for σ_ϵ: 33.20 %:
-------------
Percentage done:  30.01 %
Accaptance rate on 2001 to 3001 for ϕ: 24.21 %:
Accaptance rate on 2001 to 3001 for σ_ϵ: 29.90 %:
-------------
Percentage done:  40.01 %
Accaptance rate on 3001 to 4001 for ϕ: 23.79 %:
Accaptance rate on 3001 to 4001 for σ_ϵ: 25.60 %:
-------------
Percentage done:  50.01 %
Accaptance rate on 4001 to 5001 for ϕ: 24.41 %:
Accaptance rate on 4001 to 5001 for σ_ϵ: 26.20 %:
-------------
Percentage done:  60.01 %
Accaptance rate on 5001 to 6001 for ϕ: 23.83 %:
Accaptance rate on 5001 to 6001 for σ_ϵ: 21.30 %:
-------------
Percentage done:  70.01 %
Accaptance rate on 6001 to 7001 for ϕ: 23.68 %:
Accaptance rate on 6001 to 7001 for σ_ϵ: 25.10 %:
-------------
Percentage done:  80.01 %
Accaptance rate on 7001 to 8001 for ϕ: 23.46 %:
Accaptance rate on 7001 to 8001 for σ_ϵ: 27.30 %:
-------------
Percentage done:  90.01 %
Accaptance rate on 8001 to 9001 for ϕ: 24.33 %:
Accaptance rate on 8001 to 9001 for σ_ϵ: 22.40 %:
Ending Gibbs sampler using Kalman.
16.141455543
0.248785
0.2694
1.0
end run script
